[0.399s] DEBUG:colcon:Command line arguments: ['/home/drymer/.local/bin/colcon', 'build']
[0.399s] DEBUG:colcon:Parsed command line arguments: Namespace(log_base=None, log_level=None, verb_name='build', build_base='build', install_base='install', merge_install=False, symlink_install=False, test_result_base=None, continue_on_error=False, executor='parallel', parallel_workers=12, event_handlers=None, ignore_user_meta=False, metas=['./colcon.meta'], base_paths=['.'], packages_ignore=None, packages_ignore_regex=None, paths=None, packages_up_to=None, packages_up_to_regex=None, packages_above=None, packages_above_and_dependencies=None, packages_above_depth=None, packages_select_by_dep=None, packages_skip_by_dep=None, packages_skip_up_to=None, packages_select_build_failed=False, packages_skip_build_finished=False, packages_select_test_failures=False, packages_skip_test_passed=False, packages_select=None, packages_skip=None, packages_select_regex=None, packages_skip_regex=None, packages_start=None, packages_end=None, allow_overriding=[], cmake_args=None, cmake_target=None, cmake_target_skip_unavailable=False, cmake_clean_cache=False, cmake_clean_first=False, cmake_force_configure=False, ament_cmake_args=None, catkin_cmake_args=None, catkin_skip_building_tests=False, verb_parser=<colcon_defaults.argument_parser.defaults.DefaultArgumentsDecorator object at 0x7fe1229100d0>, verb_extension=<colcon_core.verb.build.BuildVerb object at 0x7fe122b43b80>, main=<bound method BuildVerb.main of <colcon_core.verb.build.BuildVerb object at 0x7fe122b43b80>>)
[0.775s] Level 1:colcon.colcon_core.package_discovery:discover_packages(colcon_meta) check parameters
[0.775s] Level 1:colcon.colcon_core.package_discovery:discover_packages(recursive) check parameters
[0.775s] Level 1:colcon.colcon_core.package_discovery:discover_packages(ignore) check parameters
[0.775s] Level 1:colcon.colcon_core.package_discovery:discover_packages(path) check parameters
[0.775s] Level 1:colcon.colcon_core.package_discovery:discover_packages(colcon_meta) discover
[0.775s] Level 1:colcon.colcon_core.package_discovery:discover_packages(recursive) discover
[0.775s] INFO:colcon.colcon_core.package_discovery:Crawling recursively for packages in '/home/drymer/ros2_ws'
[0.775s] Level 1:colcon.colcon_core.package_identification:_identify(.) by extensions ['ignore', 'ignore_ament_install']
[0.776s] Level 1:colcon.colcon_core.package_identification:_identify(.) by extension 'ignore'
[0.776s] Level 1:colcon.colcon_core.package_identification:_identify(.) by extension 'ignore_ament_install'
[0.776s] Level 1:colcon.colcon_core.package_identification:_identify(.) by extensions ['colcon_pkg']
[0.776s] Level 1:colcon.colcon_core.package_identification:_identify(.) by extension 'colcon_pkg'
[0.776s] Level 1:colcon.colcon_core.package_identification:_identify(.) by extensions ['colcon_meta']
[0.776s] Level 1:colcon.colcon_core.package_identification:_identify(.) by extension 'colcon_meta'
[0.776s] Level 1:colcon.colcon_core.package_identification:_identify(.) by extensions ['ros']
[0.776s] Level 1:colcon.colcon_core.package_identification:_identify(.) by extension 'ros'
[0.793s] Level 1:colcon.colcon_core.package_identification:_identify(.) by extensions ['cmake', 'python']
[0.793s] Level 1:colcon.colcon_core.package_identification:_identify(.) by extension 'cmake'
[0.793s] Level 1:colcon.colcon_core.package_identification:_identify(.) by extension 'python'
[0.793s] Level 1:colcon.colcon_core.package_identification:_identify(.) by extensions ['python_setup_py']
[0.793s] Level 1:colcon.colcon_core.package_identification:_identify(.) by extension 'python_setup_py'
[0.794s] Level 1:colcon.colcon_core.package_identification:_identify(build) by extensions ['ignore', 'ignore_ament_install']
[0.794s] Level 1:colcon.colcon_core.package_identification:_identify(build) by extension 'ignore'
[0.794s] Level 1:colcon.colcon_core.package_identification:_identify(build) ignored
[0.794s] Level 1:colcon.colcon_core.package_identification:_identify(install) by extensions ['ignore', 'ignore_ament_install']
[0.794s] Level 1:colcon.colcon_core.package_identification:_identify(install) by extension 'ignore'
[0.794s] Level 1:colcon.colcon_core.package_identification:_identify(install) ignored
[0.794s] Level 1:colcon.colcon_core.package_identification:_identify(log) by extensions ['ignore', 'ignore_ament_install']
[0.795s] Level 1:colcon.colcon_core.package_identification:_identify(log) by extension 'ignore'
[0.795s] Level 1:colcon.colcon_core.package_identification:_identify(log) ignored
[0.795s] Level 1:colcon.colcon_core.package_identification:_identify(src) by extensions ['ignore', 'ignore_ament_install']
[0.795s] Level 1:colcon.colcon_core.package_identification:_identify(src) by extension 'ignore'
[0.795s] Level 1:colcon.colcon_core.package_identification:_identify(src) by extension 'ignore_ament_install'
[0.795s] Level 1:colcon.colcon_core.package_identification:_identify(src) by extensions ['colcon_pkg']
[0.795s] Level 1:colcon.colcon_core.package_identification:_identify(src) by extension 'colcon_pkg'
[0.795s] Level 1:colcon.colcon_core.package_identification:_identify(src) by extensions ['colcon_meta']
[0.795s] Level 1:colcon.colcon_core.package_identification:_identify(src) by extension 'colcon_meta'
[0.795s] Level 1:colcon.colcon_core.package_identification:_identify(src) by extensions ['ros']
[0.795s] Level 1:colcon.colcon_core.package_identification:_identify(src) by extension 'ros'
[0.795s] Level 1:colcon.colcon_core.package_identification:_identify(src) by extensions ['cmake', 'python']
[0.795s] Level 1:colcon.colcon_core.package_identification:_identify(src) by extension 'cmake'
[0.796s] Level 1:colcon.colcon_core.package_identification:_identify(src) by extension 'python'
[0.796s] Level 1:colcon.colcon_core.package_identification:_identify(src) by extensions ['python_setup_py']
[0.796s] Level 1:colcon.colcon_core.package_identification:_identify(src) by extension 'python_setup_py'
[0.796s] Level 1:colcon.colcon_core.package_identification:_identify(src/action_tutorials_interfaces) by extensions ['ignore', 'ignore_ament_install']
[0.796s] Level 1:colcon.colcon_core.package_identification:_identify(src/action_tutorials_interfaces) by extension 'ignore'
[0.796s] Level 1:colcon.colcon_core.package_identification:_identify(src/action_tutorials_interfaces) by extension 'ignore_ament_install'
[0.796s] Level 1:colcon.colcon_core.package_identification:_identify(src/action_tutorials_interfaces) by extensions ['colcon_pkg']
[0.796s] Level 1:colcon.colcon_core.package_identification:_identify(src/action_tutorials_interfaces) by extension 'colcon_pkg'
[0.796s] Level 1:colcon.colcon_core.package_identification:_identify(src/action_tutorials_interfaces) by extensions ['colcon_meta']
[0.796s] Level 1:colcon.colcon_core.package_identification:_identify(src/action_tutorials_interfaces) by extension 'colcon_meta'
[0.796s] Level 1:colcon.colcon_core.package_identification:_identify(src/action_tutorials_interfaces) by extensions ['ros']
[0.796s] Level 1:colcon.colcon_core.package_identification:_identify(src/action_tutorials_interfaces) by extension 'ros'
[0.800s] DEBUG:colcon.colcon_core.package_identification:Package 'src/action_tutorials_interfaces' with type 'ros.ament_cmake' and name 'action_tutorials_interfaces'
[0.800s] Level 1:colcon.colcon_core.package_identification:_identify(src/my_package) by extensions ['ignore', 'ignore_ament_install']
[0.800s] Level 1:colcon.colcon_core.package_identification:_identify(src/my_package) by extension 'ignore'
[0.801s] Level 1:colcon.colcon_core.package_identification:_identify(src/my_package) by extension 'ignore_ament_install'
[0.801s] Level 1:colcon.colcon_core.package_identification:_identify(src/my_package) by extensions ['colcon_pkg']
[0.801s] Level 1:colcon.colcon_core.package_identification:_identify(src/my_package) by extension 'colcon_pkg'
[0.801s] Level 1:colcon.colcon_core.package_identification:_identify(src/my_package) by extensions ['colcon_meta']
[0.801s] Level 1:colcon.colcon_core.package_identification:_identify(src/my_package) by extension 'colcon_meta'
[0.801s] Level 1:colcon.colcon_core.package_identification:_identify(src/my_package) by extensions ['ros']
[0.801s] Level 1:colcon.colcon_core.package_identification:_identify(src/my_package) by extension 'ros'
[0.802s] DEBUG:colcon.colcon_core.package_identification:Package 'src/my_package' with type 'ros.ament_python' and name 'my_package'
[0.802s] Level 1:colcon.colcon_core.package_identification:_identify(src/py_pubsub) by extensions ['ignore', 'ignore_ament_install']
[0.802s] Level 1:colcon.colcon_core.package_identification:_identify(src/py_pubsub) by extension 'ignore'
[0.802s] Level 1:colcon.colcon_core.package_identification:_identify(src/py_pubsub) by extension 'ignore_ament_install'
[0.802s] Level 1:colcon.colcon_core.package_identification:_identify(src/py_pubsub) by extensions ['colcon_pkg']
[0.802s] Level 1:colcon.colcon_core.package_identification:_identify(src/py_pubsub) by extension 'colcon_pkg'
[0.802s] Level 1:colcon.colcon_core.package_identification:_identify(src/py_pubsub) by extensions ['colcon_meta']
[0.803s] Level 1:colcon.colcon_core.package_identification:_identify(src/py_pubsub) by extension 'colcon_meta'
[0.803s] Level 1:colcon.colcon_core.package_identification:_identify(src/py_pubsub) by extensions ['ros']
[0.803s] Level 1:colcon.colcon_core.package_identification:_identify(src/py_pubsub) by extension 'ros'
[0.803s] DEBUG:colcon.colcon_core.package_identification:Package 'src/py_pubsub' with type 'ros.ament_python' and name 'py_pubsub'
[0.804s] Level 1:colcon.colcon_core.package_identification:_identify(src/py_srvcli) by extensions ['ignore', 'ignore_ament_install']
[0.804s] Level 1:colcon.colcon_core.package_identification:_identify(src/py_srvcli) by extension 'ignore'
[0.804s] Level 1:colcon.colcon_core.package_identification:_identify(src/py_srvcli) by extension 'ignore_ament_install'
[0.804s] Level 1:colcon.colcon_core.package_identification:_identify(src/py_srvcli) by extensions ['colcon_pkg']
[0.804s] Level 1:colcon.colcon_core.package_identification:_identify(src/py_srvcli) by extension 'colcon_pkg'
[0.804s] Level 1:colcon.colcon_core.package_identification:_identify(src/py_srvcli) by extensions ['colcon_meta']
[0.804s] Level 1:colcon.colcon_core.package_identification:_identify(src/py_srvcli) by extension 'colcon_meta'
[0.804s] Level 1:colcon.colcon_core.package_identification:_identify(src/py_srvcli) by extensions ['ros']
[0.804s] Level 1:colcon.colcon_core.package_identification:_identify(src/py_srvcli) by extension 'ros'
[0.805s] DEBUG:colcon.colcon_core.package_identification:Package 'src/py_srvcli' with type 'ros.ament_python' and name 'py_srvcli'
[0.806s] Level 1:colcon.colcon_core.package_identification:_identify(src/python_parameters) by extensions ['ignore', 'ignore_ament_install']
[0.806s] Level 1:colcon.colcon_core.package_identification:_identify(src/python_parameters) by extension 'ignore'
[0.806s] Level 1:colcon.colcon_core.package_identification:_identify(src/python_parameters) by extension 'ignore_ament_install'
[0.806s] Level 1:colcon.colcon_core.package_identification:_identify(src/python_parameters) by extensions ['colcon_pkg']
[0.806s] Level 1:colcon.colcon_core.package_identification:_identify(src/python_parameters) by extension 'colcon_pkg'
[0.806s] Level 1:colcon.colcon_core.package_identification:_identify(src/python_parameters) by extensions ['colcon_meta']
[0.806s] Level 1:colcon.colcon_core.package_identification:_identify(src/python_parameters) by extension 'colcon_meta'
[0.806s] Level 1:colcon.colcon_core.package_identification:_identify(src/python_parameters) by extensions ['ros']
[0.806s] Level 1:colcon.colcon_core.package_identification:_identify(src/python_parameters) by extension 'ros'
[0.807s] DEBUG:colcon.colcon_core.package_identification:Package 'src/python_parameters' with type 'ros.ament_python' and name 'python_parameters'
[0.808s] Level 1:colcon.colcon_core.package_identification:_identify(src/ros_tutorials) by extensions ['ignore', 'ignore_ament_install']
[0.808s] Level 1:colcon.colcon_core.package_identification:_identify(src/ros_tutorials) by extension 'ignore'
[0.808s] Level 1:colcon.colcon_core.package_identification:_identify(src/ros_tutorials) by extension 'ignore_ament_install'
[0.808s] Level 1:colcon.colcon_core.package_identification:_identify(src/ros_tutorials) by extensions ['colcon_pkg']
[0.808s] Level 1:colcon.colcon_core.package_identification:_identify(src/ros_tutorials) by extension 'colcon_pkg'
[0.808s] Level 1:colcon.colcon_core.package_identification:_identify(src/ros_tutorials) by extensions ['colcon_meta']
[0.808s] Level 1:colcon.colcon_core.package_identification:_identify(src/ros_tutorials) by extension 'colcon_meta'
[0.808s] Level 1:colcon.colcon_core.package_identification:_identify(src/ros_tutorials) by extensions ['ros']
[0.808s] Level 1:colcon.colcon_core.package_identification:_identify(src/ros_tutorials) by extension 'ros'
[0.808s] Level 1:colcon.colcon_core.package_identification:_identify(src/ros_tutorials) by extensions ['cmake', 'python']
[0.808s] Level 1:colcon.colcon_core.package_identification:_identify(src/ros_tutorials) by extension 'cmake'
[0.808s] Level 1:colcon.colcon_core.package_identification:_identify(src/ros_tutorials) by extension 'python'
[0.808s] Level 1:colcon.colcon_core.package_identification:_identify(src/ros_tutorials) by extensions ['python_setup_py']
[0.808s] Level 1:colcon.colcon_core.package_identification:_identify(src/ros_tutorials) by extension 'python_setup_py'
[0.809s] Level 1:colcon.colcon_core.package_identification:_identify(src/ros_tutorials/ros_tutorials) by extensions ['ignore', 'ignore_ament_install']
[0.809s] Level 1:colcon.colcon_core.package_identification:_identify(src/ros_tutorials/ros_tutorials) by extension 'ignore'
[0.809s] Level 1:colcon.colcon_core.package_identification:_identify(src/ros_tutorials/ros_tutorials) ignored
[0.809s] Level 1:colcon.colcon_core.package_identification:_identify(src/ros_tutorials/roscpp_tutorials) by extensions ['ignore', 'ignore_ament_install']
[0.809s] Level 1:colcon.colcon_core.package_identification:_identify(src/ros_tutorials/roscpp_tutorials) by extension 'ignore'
[0.809s] Level 1:colcon.colcon_core.package_identification:_identify(src/ros_tutorials/roscpp_tutorials) ignored
[0.810s] Level 1:colcon.colcon_core.package_identification:_identify(src/ros_tutorials/rospy_tutorials) by extensions ['ignore', 'ignore_ament_install']
[0.810s] Level 1:colcon.colcon_core.package_identification:_identify(src/ros_tutorials/rospy_tutorials) by extension 'ignore'
[0.810s] Level 1:colcon.colcon_core.package_identification:_identify(src/ros_tutorials/rospy_tutorials) ignored
[0.810s] Level 1:colcon.colcon_core.package_identification:_identify(src/ros_tutorials/turtlesim) by extensions ['ignore', 'ignore_ament_install']
[0.811s] Level 1:colcon.colcon_core.package_identification:_identify(src/ros_tutorials/turtlesim) by extension 'ignore'
[0.811s] Level 1:colcon.colcon_core.package_identification:_identify(src/ros_tutorials/turtlesim) by extension 'ignore_ament_install'
[0.811s] Level 1:colcon.colcon_core.package_identification:_identify(src/ros_tutorials/turtlesim) by extensions ['colcon_pkg']
[0.811s] Level 1:colcon.colcon_core.package_identification:_identify(src/ros_tutorials/turtlesim) by extension 'colcon_pkg'
[0.811s] Level 1:colcon.colcon_core.package_identification:_identify(src/ros_tutorials/turtlesim) by extensions ['colcon_meta']
[0.811s] Level 1:colcon.colcon_core.package_identification:_identify(src/ros_tutorials/turtlesim) by extension 'colcon_meta'
[0.811s] Level 1:colcon.colcon_core.package_identification:_identify(src/ros_tutorials/turtlesim) by extensions ['ros']
[0.811s] Level 1:colcon.colcon_core.package_identification:_identify(src/ros_tutorials/turtlesim) by extension 'ros'
[0.812s] DEBUG:colcon.colcon_core.package_identification:Package 'src/ros_tutorials/turtlesim' with type 'ros.ament_cmake' and name 'turtlesim'
[0.813s] Level 1:colcon.colcon_core.package_identification:_identify(src/tutorial_interfaces) by extensions ['ignore', 'ignore_ament_install']
[0.813s] Level 1:colcon.colcon_core.package_identification:_identify(src/tutorial_interfaces) by extension 'ignore'
[0.813s] Level 1:colcon.colcon_core.package_identification:_identify(src/tutorial_interfaces) by extension 'ignore_ament_install'
[0.813s] Level 1:colcon.colcon_core.package_identification:_identify(src/tutorial_interfaces) by extensions ['colcon_pkg']
[0.813s] Level 1:colcon.colcon_core.package_identification:_identify(src/tutorial_interfaces) by extension 'colcon_pkg'
[0.813s] Level 1:colcon.colcon_core.package_identification:_identify(src/tutorial_interfaces) by extensions ['colcon_meta']
[0.813s] Level 1:colcon.colcon_core.package_identification:_identify(src/tutorial_interfaces) by extension 'colcon_meta'
[0.813s] Level 1:colcon.colcon_core.package_identification:_identify(src/tutorial_interfaces) by extensions ['ros']
[0.813s] Level 1:colcon.colcon_core.package_identification:_identify(src/tutorial_interfaces) by extension 'ros'
[0.814s] DEBUG:colcon.colcon_core.package_identification:Package 'src/tutorial_interfaces' with type 'ros.ament_cmake' and name 'tutorial_interfaces'
[0.814s] Level 1:colcon.colcon_core.package_discovery:discover_packages(recursive) using defaults
[0.814s] Level 1:colcon.colcon_core.package_discovery:discover_packages(ignore) discover
[0.814s] Level 1:colcon.colcon_core.package_discovery:discover_packages(ignore) using defaults
[0.814s] Level 1:colcon.colcon_core.package_discovery:discover_packages(path) discover
[0.814s] Level 1:colcon.colcon_core.package_discovery:discover_packages(path) using defaults
[0.853s] Level 1:colcon.colcon_core.package_discovery:discover_packages(prefix_path) check parameters
[0.853s] Level 1:colcon.colcon_core.package_discovery:discover_packages(prefix_path) discover
[0.856s] WARNING:colcon.colcon_core.prefix_path.colcon:The path '/home/drymer/ros2_ws/src/install' in the environment variable COLCON_PREFIX_PATH doesn't exist
[0.856s] WARNING:colcon.colcon_core.prefix_path.colcon:The path '/home/drymer/launch_ws/src/install' in the environment variable COLCON_PREFIX_PATH doesn't exist
[0.858s] WARNING:colcon.colcon_ros.prefix_path.ament:The path '/home/drymer/launch_ws/src/install/py_launch_example' in the environment variable AMENT_PREFIX_PATH doesn't exist
[0.863s] DEBUG:colcon.colcon_installed_package_information.package_discovery:Found 6 installed packages in /home/drymer/ros2_ws/install
[0.864s] DEBUG:colcon.colcon_installed_package_information.package_discovery:Found 2 installed packages in /home/drymer/launch_ws/install
[0.867s] DEBUG:colcon.colcon_installed_package_information.package_discovery:Found 317 installed packages in /opt/ros/humble
[0.869s] Level 1:colcon.colcon_core.package_discovery:discover_packages(prefix_path) using defaults
[0.982s] WARNING:colcon.colcon_core.package_selection:Some selected packages are already built in one or more underlay workspaces:
	'action_tutorials_interfaces' is in: /opt/ros/humble
	'turtlesim' is in: /home/drymer/ros2_ws/install/turtlesim, /opt/ros/humble
If a package in a merged underlay workspace is overridden and it installs headers, then all packages in the overlay must sort their include directories by workspace order. Failure to do so may result in build failures or undefined behavior at run time.
If the overridden package is used by another package in any underlay, then the overriding package in the overlay must be API and ABI compatible or undefined behavior at run time may occur.

If you understand the risks and want to override a package anyways, add the following to the command line:
	--allow-overriding action_tutorials_interfaces turtlesim

This may be promoted to an error in a future release of colcon-override-check.
[0.983s] Level 5:colcon.colcon_core.verb:set package 'action_tutorials_interfaces' build argument 'cmake_args' from command line to 'None'
[0.983s] Level 5:colcon.colcon_core.verb:set package 'action_tutorials_interfaces' build argument 'cmake_target' from command line to 'None'
[0.983s] Level 5:colcon.colcon_core.verb:set package 'action_tutorials_interfaces' build argument 'cmake_target_skip_unavailable' from command line to 'False'
[0.983s] Level 5:colcon.colcon_core.verb:set package 'action_tutorials_interfaces' build argument 'cmake_clean_cache' from command line to 'False'
[0.983s] Level 5:colcon.colcon_core.verb:set package 'action_tutorials_interfaces' build argument 'cmake_clean_first' from command line to 'False'
[0.983s] Level 5:colcon.colcon_core.verb:set package 'action_tutorials_interfaces' build argument 'cmake_force_configure' from command line to 'False'
[0.983s] Level 5:colcon.colcon_core.verb:set package 'action_tutorials_interfaces' build argument 'ament_cmake_args' from command line to 'None'
[0.983s] Level 5:colcon.colcon_core.verb:set package 'action_tutorials_interfaces' build argument 'catkin_cmake_args' from command line to 'None'
[0.983s] Level 5:colcon.colcon_core.verb:set package 'action_tutorials_interfaces' build argument 'catkin_skip_building_tests' from command line to 'False'
[0.983s] DEBUG:colcon.colcon_core.verb:Building package 'action_tutorials_interfaces' with the following arguments: {'ament_cmake_args': None, 'build_base': '/home/drymer/ros2_ws/build/action_tutorials_interfaces', 'catkin_cmake_args': None, 'catkin_skip_building_tests': False, 'cmake_args': None, 'cmake_clean_cache': False, 'cmake_clean_first': False, 'cmake_force_configure': False, 'cmake_target': None, 'cmake_target_skip_unavailable': False, 'install_base': '/home/drymer/ros2_ws/install/action_tutorials_interfaces', 'merge_install': False, 'path': '/home/drymer/ros2_ws/src/action_tutorials_interfaces', 'symlink_install': False, 'test_result_base': None}
[0.984s] Level 5:colcon.colcon_core.verb:set package 'my_package' build argument 'cmake_args' from command line to 'None'
[0.984s] Level 5:colcon.colcon_core.verb:set package 'my_package' build argument 'cmake_target' from command line to 'None'
[0.984s] Level 5:colcon.colcon_core.verb:set package 'my_package' build argument 'cmake_target_skip_unavailable' from command line to 'False'
[0.984s] Level 5:colcon.colcon_core.verb:set package 'my_package' build argument 'cmake_clean_cache' from command line to 'False'
[0.984s] Level 5:colcon.colcon_core.verb:set package 'my_package' build argument 'cmake_clean_first' from command line to 'False'
[0.984s] Level 5:colcon.colcon_core.verb:set package 'my_package' build argument 'cmake_force_configure' from command line to 'False'
[0.984s] Level 5:colcon.colcon_core.verb:set package 'my_package' build argument 'ament_cmake_args' from command line to 'None'
[0.984s] Level 5:colcon.colcon_core.verb:set package 'my_package' build argument 'catkin_cmake_args' from command line to 'None'
[0.984s] Level 5:colcon.colcon_core.verb:set package 'my_package' build argument 'catkin_skip_building_tests' from command line to 'False'
[0.984s] DEBUG:colcon.colcon_core.verb:Building package 'my_package' with the following arguments: {'ament_cmake_args': None, 'build_base': '/home/drymer/ros2_ws/build/my_package', 'catkin_cmake_args': None, 'catkin_skip_building_tests': False, 'cmake_args': None, 'cmake_clean_cache': False, 'cmake_clean_first': False, 'cmake_force_configure': False, 'cmake_target': None, 'cmake_target_skip_unavailable': False, 'install_base': '/home/drymer/ros2_ws/install/my_package', 'merge_install': False, 'path': '/home/drymer/ros2_ws/src/my_package', 'symlink_install': False, 'test_result_base': None}
[0.984s] Level 5:colcon.colcon_core.verb:set package 'python_parameters' build argument 'cmake_args' from command line to 'None'
[0.984s] Level 5:colcon.colcon_core.verb:set package 'python_parameters' build argument 'cmake_target' from command line to 'None'
[0.985s] Level 5:colcon.colcon_core.verb:set package 'python_parameters' build argument 'cmake_target_skip_unavailable' from command line to 'False'
[0.985s] Level 5:colcon.colcon_core.verb:set package 'python_parameters' build argument 'cmake_clean_cache' from command line to 'False'
[0.985s] Level 5:colcon.colcon_core.verb:set package 'python_parameters' build argument 'cmake_clean_first' from command line to 'False'
[0.985s] Level 5:colcon.colcon_core.verb:set package 'python_parameters' build argument 'cmake_force_configure' from command line to 'False'
[0.985s] Level 5:colcon.colcon_core.verb:set package 'python_parameters' build argument 'ament_cmake_args' from command line to 'None'
[0.985s] Level 5:colcon.colcon_core.verb:set package 'python_parameters' build argument 'catkin_cmake_args' from command line to 'None'
[0.985s] Level 5:colcon.colcon_core.verb:set package 'python_parameters' build argument 'catkin_skip_building_tests' from command line to 'False'
[0.985s] DEBUG:colcon.colcon_core.verb:Building package 'python_parameters' with the following arguments: {'ament_cmake_args': None, 'build_base': '/home/drymer/ros2_ws/build/python_parameters', 'catkin_cmake_args': None, 'catkin_skip_building_tests': False, 'cmake_args': None, 'cmake_clean_cache': False, 'cmake_clean_first': False, 'cmake_force_configure': False, 'cmake_target': None, 'cmake_target_skip_unavailable': False, 'install_base': '/home/drymer/ros2_ws/install/python_parameters', 'merge_install': False, 'path': '/home/drymer/ros2_ws/src/python_parameters', 'symlink_install': False, 'test_result_base': None}
[0.985s] Level 5:colcon.colcon_core.verb:set package 'turtlesim' build argument 'cmake_args' from command line to 'None'
[0.985s] Level 5:colcon.colcon_core.verb:set package 'turtlesim' build argument 'cmake_target' from command line to 'None'
[0.985s] Level 5:colcon.colcon_core.verb:set package 'turtlesim' build argument 'cmake_target_skip_unavailable' from command line to 'False'
[0.985s] Level 5:colcon.colcon_core.verb:set package 'turtlesim' build argument 'cmake_clean_cache' from command line to 'False'
[0.985s] Level 5:colcon.colcon_core.verb:set package 'turtlesim' build argument 'cmake_clean_first' from command line to 'False'
[0.985s] Level 5:colcon.colcon_core.verb:set package 'turtlesim' build argument 'cmake_force_configure' from command line to 'False'
[0.985s] Level 5:colcon.colcon_core.verb:set package 'turtlesim' build argument 'ament_cmake_args' from command line to 'None'
[0.985s] Level 5:colcon.colcon_core.verb:set package 'turtlesim' build argument 'catkin_cmake_args' from command line to 'None'
[0.985s] Level 5:colcon.colcon_core.verb:set package 'turtlesim' build argument 'catkin_skip_building_tests' from command line to 'False'
[0.985s] DEBUG:colcon.colcon_core.verb:Building package 'turtlesim' with the following arguments: {'ament_cmake_args': None, 'build_base': '/home/drymer/ros2_ws/build/turtlesim', 'catkin_cmake_args': None, 'catkin_skip_building_tests': False, 'cmake_args': None, 'cmake_clean_cache': False, 'cmake_clean_first': False, 'cmake_force_configure': False, 'cmake_target': None, 'cmake_target_skip_unavailable': False, 'install_base': '/home/drymer/ros2_ws/install/turtlesim', 'merge_install': False, 'path': '/home/drymer/ros2_ws/src/ros_tutorials/turtlesim', 'symlink_install': False, 'test_result_base': None}
[0.986s] Level 5:colcon.colcon_core.verb:set package 'tutorial_interfaces' build argument 'cmake_args' from command line to 'None'
[0.986s] Level 5:colcon.colcon_core.verb:set package 'tutorial_interfaces' build argument 'cmake_target' from command line to 'None'
[0.986s] Level 5:colcon.colcon_core.verb:set package 'tutorial_interfaces' build argument 'cmake_target_skip_unavailable' from command line to 'False'
[0.986s] Level 5:colcon.colcon_core.verb:set package 'tutorial_interfaces' build argument 'cmake_clean_cache' from command line to 'False'
[0.986s] Level 5:colcon.colcon_core.verb:set package 'tutorial_interfaces' build argument 'cmake_clean_first' from command line to 'False'
[0.986s] Level 5:colcon.colcon_core.verb:set package 'tutorial_interfaces' build argument 'cmake_force_configure' from command line to 'False'
[0.986s] Level 5:colcon.colcon_core.verb:set package 'tutorial_interfaces' build argument 'ament_cmake_args' from command line to 'None'
[0.986s] Level 5:colcon.colcon_core.verb:set package 'tutorial_interfaces' build argument 'catkin_cmake_args' from command line to 'None'
[0.986s] Level 5:colcon.colcon_core.verb:set package 'tutorial_interfaces' build argument 'catkin_skip_building_tests' from command line to 'False'
[0.986s] DEBUG:colcon.colcon_core.verb:Building package 'tutorial_interfaces' with the following arguments: {'ament_cmake_args': None, 'build_base': '/home/drymer/ros2_ws/build/tutorial_interfaces', 'catkin_cmake_args': None, 'catkin_skip_building_tests': False, 'cmake_args': None, 'cmake_clean_cache': False, 'cmake_clean_first': False, 'cmake_force_configure': False, 'cmake_target': None, 'cmake_target_skip_unavailable': False, 'install_base': '/home/drymer/ros2_ws/install/tutorial_interfaces', 'merge_install': False, 'path': '/home/drymer/ros2_ws/src/tutorial_interfaces', 'symlink_install': False, 'test_result_base': None}
[0.986s] Level 5:colcon.colcon_core.verb:set package 'py_pubsub' build argument 'cmake_args' from command line to 'None'
[0.986s] Level 5:colcon.colcon_core.verb:set package 'py_pubsub' build argument 'cmake_target' from command line to 'None'
[0.986s] Level 5:colcon.colcon_core.verb:set package 'py_pubsub' build argument 'cmake_target_skip_unavailable' from command line to 'False'
[0.986s] Level 5:colcon.colcon_core.verb:set package 'py_pubsub' build argument 'cmake_clean_cache' from command line to 'False'
[0.986s] Level 5:colcon.colcon_core.verb:set package 'py_pubsub' build argument 'cmake_clean_first' from command line to 'False'
[0.986s] Level 5:colcon.colcon_core.verb:set package 'py_pubsub' build argument 'cmake_force_configure' from command line to 'False'
[0.986s] Level 5:colcon.colcon_core.verb:set package 'py_pubsub' build argument 'ament_cmake_args' from command line to 'None'
[0.986s] Level 5:colcon.colcon_core.verb:set package 'py_pubsub' build argument 'catkin_cmake_args' from command line to 'None'
[0.986s] Level 5:colcon.colcon_core.verb:set package 'py_pubsub' build argument 'catkin_skip_building_tests' from command line to 'False'
[0.986s] DEBUG:colcon.colcon_core.verb:Building package 'py_pubsub' with the following arguments: {'ament_cmake_args': None, 'build_base': '/home/drymer/ros2_ws/build/py_pubsub', 'catkin_cmake_args': None, 'catkin_skip_building_tests': False, 'cmake_args': None, 'cmake_clean_cache': False, 'cmake_clean_first': False, 'cmake_force_configure': False, 'cmake_target': None, 'cmake_target_skip_unavailable': False, 'install_base': '/home/drymer/ros2_ws/install/py_pubsub', 'merge_install': False, 'path': '/home/drymer/ros2_ws/src/py_pubsub', 'symlink_install': False, 'test_result_base': None}
[0.987s] Level 5:colcon.colcon_core.verb:set package 'py_srvcli' build argument 'cmake_args' from command line to 'None'
[0.987s] Level 5:colcon.colcon_core.verb:set package 'py_srvcli' build argument 'cmake_target' from command line to 'None'
[0.987s] Level 5:colcon.colcon_core.verb:set package 'py_srvcli' build argument 'cmake_target_skip_unavailable' from command line to 'False'
[0.987s] Level 5:colcon.colcon_core.verb:set package 'py_srvcli' build argument 'cmake_clean_cache' from command line to 'False'
[0.987s] Level 5:colcon.colcon_core.verb:set package 'py_srvcli' build argument 'cmake_clean_first' from command line to 'False'
[0.987s] Level 5:colcon.colcon_core.verb:set package 'py_srvcli' build argument 'cmake_force_configure' from command line to 'False'
[0.987s] Level 5:colcon.colcon_core.verb:set package 'py_srvcli' build argument 'ament_cmake_args' from command line to 'None'
[0.987s] Level 5:colcon.colcon_core.verb:set package 'py_srvcli' build argument 'catkin_cmake_args' from command line to 'None'
[0.987s] Level 5:colcon.colcon_core.verb:set package 'py_srvcli' build argument 'catkin_skip_building_tests' from command line to 'False'
[0.987s] DEBUG:colcon.colcon_core.verb:Building package 'py_srvcli' with the following arguments: {'ament_cmake_args': None, 'build_base': '/home/drymer/ros2_ws/build/py_srvcli', 'catkin_cmake_args': None, 'catkin_skip_building_tests': False, 'cmake_args': None, 'cmake_clean_cache': False, 'cmake_clean_first': False, 'cmake_force_configure': False, 'cmake_target': None, 'cmake_target_skip_unavailable': False, 'install_base': '/home/drymer/ros2_ws/install/py_srvcli', 'merge_install': False, 'path': '/home/drymer/ros2_ws/src/py_srvcli', 'symlink_install': False, 'test_result_base': None}
[0.987s] INFO:colcon.colcon_core.executor:Executing jobs using 'parallel' executor
[0.988s] DEBUG:colcon.colcon_parallel_executor.executor.parallel:run_until_complete
[0.989s] INFO:colcon.colcon_ros.task.ament_cmake.build:Building ROS package in '/home/drymer/ros2_ws/src/tutorial_interfaces' with build type 'ament_cmake'
[0.989s] INFO:colcon.colcon_cmake.task.cmake.build:Building CMake package in '/home/drymer/ros2_ws/src/tutorial_interfaces'
[0.996s] INFO:colcon.colcon_core.plugin_system:Skipping extension 'colcon_core.shell.bat': Not used on non-Windows systems
[0.996s] INFO:colcon.colcon_core.shell:Skip shell extension 'powershell' for command environment: Not usable outside of PowerShell
[0.996s] DEBUG:colcon.colcon_core.shell:Skip shell extension 'dsv' for command environment
[1.002s] INFO:colcon.colcon_ros.task.ament_cmake.build:Building ROS package in '/home/drymer/ros2_ws/src/action_tutorials_interfaces' with build type 'ament_cmake'
[1.002s] INFO:colcon.colcon_cmake.task.cmake.build:Building CMake package in '/home/drymer/ros2_ws/src/action_tutorials_interfaces'
[1.003s] INFO:colcon.colcon_core.shell:Skip shell extension 'powershell' for command environment: Not usable outside of PowerShell
[1.003s] DEBUG:colcon.colcon_core.shell:Skip shell extension 'dsv' for command environment
[1.009s] INFO:colcon.colcon_ros.task.ament_python.build:Building ROS package in '/home/drymer/ros2_ws/src/my_package' with build type 'ament_python'
[1.009s] Level 1:colcon.colcon_core.shell:create_environment_hook('my_package', 'ament_prefix_path')
[1.010s] INFO:colcon.colcon_core.shell:Creating environment hook '/home/drymer/ros2_ws/install/my_package/share/my_package/hook/ament_prefix_path.ps1'
[1.012s] INFO:colcon.colcon_core.shell:Creating environment descriptor '/home/drymer/ros2_ws/install/my_package/share/my_package/hook/ament_prefix_path.dsv'
[1.013s] INFO:colcon.colcon_core.shell:Creating environment hook '/home/drymer/ros2_ws/install/my_package/share/my_package/hook/ament_prefix_path.sh'
[1.014s] INFO:colcon.colcon_core.shell:Skip shell extension 'powershell' for command environment: Not usable outside of PowerShell
[1.014s] DEBUG:colcon.colcon_core.shell:Skip shell extension 'dsv' for command environment
[1.019s] INFO:colcon.colcon_ros.task.ament_python.build:Building ROS package in '/home/drymer/ros2_ws/src/python_parameters' with build type 'ament_python'
[1.019s] Level 1:colcon.colcon_core.shell:create_environment_hook('python_parameters', 'ament_prefix_path')
[1.020s] INFO:colcon.colcon_core.shell:Creating environment hook '/home/drymer/ros2_ws/install/python_parameters/share/python_parameters/hook/ament_prefix_path.ps1'
[1.021s] INFO:colcon.colcon_core.shell:Creating environment descriptor '/home/drymer/ros2_ws/install/python_parameters/share/python_parameters/hook/ament_prefix_path.dsv'
[1.021s] INFO:colcon.colcon_core.shell:Creating environment hook '/home/drymer/ros2_ws/install/python_parameters/share/python_parameters/hook/ament_prefix_path.sh'
[1.022s] INFO:colcon.colcon_core.shell:Skip shell extension 'powershell' for command environment: Not usable outside of PowerShell
[1.022s] DEBUG:colcon.colcon_core.shell:Skip shell extension 'dsv' for command environment
[1.026s] INFO:colcon.colcon_ros.task.ament_cmake.build:Building ROS package in '/home/drymer/ros2_ws/src/ros_tutorials/turtlesim' with build type 'ament_cmake'
[1.026s] INFO:colcon.colcon_cmake.task.cmake.build:Building CMake package in '/home/drymer/ros2_ws/src/ros_tutorials/turtlesim'
[1.027s] INFO:colcon.colcon_core.shell:Skip shell extension 'powershell' for command environment: Not usable outside of PowerShell
[1.027s] DEBUG:colcon.colcon_core.shell:Skip shell extension 'dsv' for command environment
[1.040s] DEBUG:colcon.colcon_core.event_handler.log_command:Invoking command in '/home/drymer/ros2_ws/build/tutorial_interfaces': CMAKE_PREFIX_PATH=${CMAKE_PREFIX_PATH}:/home/drymer/launch_ws/install/launch_tutorial:/home/drymer/launch_ws/install/py_launch_example:/home/drymer/launch_ws/src/install/py_launch_example:/home/drymer/ros2_ws/install/python_parameters:/home/drymer/ros2_ws/install/py_pubsub:/home/drymer/ros2_ws/install/py_srvcli:/home/drymer/ros2_ws/install/my_package:/opt/ros/humble /usr/bin/cmake --build /home/drymer/ros2_ws/build/tutorial_interfaces -- -j12 -l12
[1.045s] DEBUG:colcon.colcon_core.event_handler.log_command:Invoking command in '/home/drymer/ros2_ws/build/action_tutorials_interfaces': CMAKE_PREFIX_PATH=${CMAKE_PREFIX_PATH}:/home/drymer/launch_ws/install/launch_tutorial:/home/drymer/launch_ws/install/py_launch_example:/home/drymer/launch_ws/src/install/py_launch_example:/home/drymer/ros2_ws/install/python_parameters:/home/drymer/ros2_ws/install/py_pubsub:/home/drymer/ros2_ws/install/py_srvcli:/home/drymer/ros2_ws/install/my_package:/opt/ros/humble /usr/bin/cmake /home/drymer/ros2_ws/src/action_tutorials_interfaces -DCMAKE_INSTALL_PREFIX=/home/drymer/ros2_ws/install/action_tutorials_interfaces
[1.340s] INFO:colcon.colcon_core.task.python.build:Building Python package in '/home/drymer/ros2_ws/src/my_package'
[1.341s] INFO:colcon.colcon_core.shell:Skip shell extension 'powershell' for command environment: Not usable outside of PowerShell
[1.341s] DEBUG:colcon.colcon_core.shell:Skip shell extension 'dsv' for command environment
[1.685s] INFO:colcon.colcon_core.task.python.build:Building Python package in '/home/drymer/ros2_ws/src/python_parameters'
[1.686s] INFO:colcon.colcon_core.shell:Skip shell extension 'powershell' for command environment: Not usable outside of PowerShell
[1.686s] DEBUG:colcon.colcon_core.shell:Skip shell extension 'dsv' for command environment
[1.704s] DEBUG:colcon.colcon_core.event_handler.log_command:Invoking command in '/home/drymer/ros2_ws/build/turtlesim': CMAKE_PREFIX_PATH=${CMAKE_PREFIX_PATH}:/home/drymer/launch_ws/install/launch_tutorial:/home/drymer/launch_ws/install/py_launch_example:/home/drymer/launch_ws/src/install/py_launch_example:/home/drymer/ros2_ws/install/python_parameters:/home/drymer/ros2_ws/install/py_pubsub:/home/drymer/ros2_ws/install/py_srvcli:/home/drymer/ros2_ws/install/my_package:/opt/ros/humble /usr/bin/cmake --build /home/drymer/ros2_ws/build/turtlesim -- -j12 -l12
[2.221s] DEBUG:colcon.colcon_core.event_handler.log_command:Invoked command in '/home/drymer/ros2_ws/build/turtlesim' returned '0': CMAKE_PREFIX_PATH=${CMAKE_PREFIX_PATH}:/home/drymer/launch_ws/install/launch_tutorial:/home/drymer/launch_ws/install/py_launch_example:/home/drymer/launch_ws/src/install/py_launch_example:/home/drymer/ros2_ws/install/python_parameters:/home/drymer/ros2_ws/install/py_pubsub:/home/drymer/ros2_ws/install/py_srvcli:/home/drymer/ros2_ws/install/my_package:/opt/ros/humble /usr/bin/cmake --build /home/drymer/ros2_ws/build/turtlesim -- -j12 -l12
[2.695s] DEBUG:colcon.colcon_core.event_handler.log_command:Invoking command in '/home/drymer/ros2_ws/build/turtlesim': CMAKE_PREFIX_PATH=${CMAKE_PREFIX_PATH}:/home/drymer/launch_ws/install/launch_tutorial:/home/drymer/launch_ws/install/py_launch_example:/home/drymer/launch_ws/src/install/py_launch_example:/home/drymer/ros2_ws/install/python_parameters:/home/drymer/ros2_ws/install/py_pubsub:/home/drymer/ros2_ws/install/py_srvcli:/home/drymer/ros2_ws/install/my_package:/opt/ros/humble /usr/bin/cmake --install /home/drymer/ros2_ws/build/turtlesim
[2.703s] DEBUG:colcon.colcon_core.event_handler.log_command:Invoking command in '/home/drymer/ros2_ws/src/python_parameters': PYTHONPATH=/home/drymer/ros2_ws/build/python_parameters/prefix_override:/home/drymer/.local/lib/python3.10/site-packages/colcon_core/task/python/colcon_distutils_commands:/home/drymer/ros2_ws/install/python_parameters/lib/python3.10/site-packages:${PYTHONPATH} /usr/bin/python3 -W ignore:setup.py install is deprecated setup.py egg_info --egg-base ../../build/python_parameters build --build-base /home/drymer/ros2_ws/build/python_parameters/build install --record /home/drymer/ros2_ws/build/python_parameters/install.log --single-version-externally-managed install_data
[2.708s] DEBUG:colcon.colcon_core.event_handler.log_command:Invoking command in '/home/drymer/ros2_ws/src/my_package': PYTHONPATH=/home/drymer/ros2_ws/build/my_package/prefix_override:/home/drymer/.local/lib/python3.10/site-packages/colcon_core/task/python/colcon_distutils_commands:/home/drymer/ros2_ws/install/my_package/lib/python3.10/site-packages:${PYTHONPATH} /usr/bin/python3 -W ignore:setup.py install is deprecated setup.py egg_info --egg-base ../../build/my_package build --build-base /home/drymer/ros2_ws/build/my_package/build install --record /home/drymer/ros2_ws/build/my_package/install.log --single-version-externally-managed install_data
[2.845s] Level 1:colcon.colcon_core.environment:create_environment_scripts_only(turtlesim)
[2.846s] DEBUG:colcon.colcon_core.event_handler.log_command:Invoked command in '/home/drymer/ros2_ws/build/turtlesim' returned '0': CMAKE_PREFIX_PATH=${CMAKE_PREFIX_PATH}:/home/drymer/launch_ws/install/launch_tutorial:/home/drymer/launch_ws/install/py_launch_example:/home/drymer/launch_ws/src/install/py_launch_example:/home/drymer/ros2_ws/install/python_parameters:/home/drymer/ros2_ws/install/py_pubsub:/home/drymer/ros2_ws/install/py_srvcli:/home/drymer/ros2_ws/install/my_package:/opt/ros/humble /usr/bin/cmake --install /home/drymer/ros2_ws/build/turtlesim
[2.855s] Level 1:colcon.colcon_core.environment:checking '/home/drymer/ros2_ws/install/turtlesim' for CMake module files
[2.857s] Level 1:colcon.colcon_core.environment:checking '/home/drymer/ros2_ws/install/turtlesim' for CMake config files
[2.861s] Level 1:colcon.colcon_core.shell:create_environment_hook('turtlesim', 'cmake_prefix_path')
[2.862s] INFO:colcon.colcon_core.shell:Creating environment hook '/home/drymer/ros2_ws/install/turtlesim/share/turtlesim/hook/cmake_prefix_path.ps1'
[2.863s] INFO:colcon.colcon_core.shell:Creating environment descriptor '/home/drymer/ros2_ws/install/turtlesim/share/turtlesim/hook/cmake_prefix_path.dsv'
[2.864s] INFO:colcon.colcon_core.shell:Creating environment hook '/home/drymer/ros2_ws/install/turtlesim/share/turtlesim/hook/cmake_prefix_path.sh'
[2.865s] Level 1:colcon.colcon_core.environment:checking '/home/drymer/ros2_ws/install/turtlesim/lib'
[2.865s] Level 1:colcon.colcon_core.shell:create_environment_hook('turtlesim', 'ld_library_path_lib')
[2.865s] INFO:colcon.colcon_core.shell:Creating environment hook '/home/drymer/ros2_ws/install/turtlesim/share/turtlesim/hook/ld_library_path_lib.ps1'
[2.869s] INFO:colcon.colcon_core.shell:Creating environment descriptor '/home/drymer/ros2_ws/install/turtlesim/share/turtlesim/hook/ld_library_path_lib.dsv'
[2.870s] INFO:colcon.colcon_core.shell:Creating environment hook '/home/drymer/ros2_ws/install/turtlesim/share/turtlesim/hook/ld_library_path_lib.sh'
[2.870s] Level 1:colcon.colcon_core.environment:checking '/home/drymer/ros2_ws/install/turtlesim/bin'
[2.870s] Level 1:colcon.colcon_core.environment:checking '/home/drymer/ros2_ws/install/turtlesim/lib/pkgconfig/turtlesim.pc'
[2.871s] Level 1:colcon.colcon_core.environment:checking '/home/drymer/ros2_ws/install/turtlesim/lib/python3.10/site-packages'
[2.871s] Level 1:colcon.colcon_core.environment:checking '/home/drymer/ros2_ws/install/turtlesim/bin'
[2.872s] INFO:colcon.colcon_core.shell:Creating package script '/home/drymer/ros2_ws/install/turtlesim/share/turtlesim/package.ps1'
[2.874s] INFO:colcon.colcon_core.shell:Creating package descriptor '/home/drymer/ros2_ws/install/turtlesim/share/turtlesim/package.dsv'
[2.876s] INFO:colcon.colcon_core.shell:Creating package script '/home/drymer/ros2_ws/install/turtlesim/share/turtlesim/package.sh'
[2.878s] INFO:colcon.colcon_core.shell:Creating package script '/home/drymer/ros2_ws/install/turtlesim/share/turtlesim/package.bash'
[2.879s] INFO:colcon.colcon_core.shell:Creating package script '/home/drymer/ros2_ws/install/turtlesim/share/turtlesim/package.zsh'
[2.880s] Level 1:colcon.colcon_core.environment:create_file_with_runtime_dependencies(/home/drymer/ros2_ws/install/turtlesim/share/colcon-core/packages/turtlesim)
[3.165s] Level 1:colcon.colcon_core.environment:create_environment_scripts_only(turtlesim)
[3.166s] Level 1:colcon.colcon_core.environment:checking '/home/drymer/ros2_ws/install/turtlesim' for CMake module files
[3.169s] Level 1:colcon.colcon_core.environment:checking '/home/drymer/ros2_ws/install/turtlesim' for CMake config files
[3.173s] Level 1:colcon.colcon_core.shell:create_environment_hook('turtlesim', 'cmake_prefix_path')
[3.174s] INFO:colcon.colcon_core.shell:Creating environment hook '/home/drymer/ros2_ws/install/turtlesim/share/turtlesim/hook/cmake_prefix_path.ps1'
[3.175s] INFO:colcon.colcon_core.shell:Creating environment descriptor '/home/drymer/ros2_ws/install/turtlesim/share/turtlesim/hook/cmake_prefix_path.dsv'
[3.177s] INFO:colcon.colcon_core.shell:Creating environment hook '/home/drymer/ros2_ws/install/turtlesim/share/turtlesim/hook/cmake_prefix_path.sh'
[3.178s] Level 1:colcon.colcon_core.environment:checking '/home/drymer/ros2_ws/install/turtlesim/lib'
[3.179s] Level 1:colcon.colcon_core.shell:create_environment_hook('turtlesim', 'ld_library_path_lib')
[3.179s] INFO:colcon.colcon_core.shell:Creating environment hook '/home/drymer/ros2_ws/install/turtlesim/share/turtlesim/hook/ld_library_path_lib.ps1'
[3.180s] INFO:colcon.colcon_core.shell:Creating environment descriptor '/home/drymer/ros2_ws/install/turtlesim/share/turtlesim/hook/ld_library_path_lib.dsv'
[3.181s] INFO:colcon.colcon_core.shell:Creating environment hook '/home/drymer/ros2_ws/install/turtlesim/share/turtlesim/hook/ld_library_path_lib.sh'
[3.182s] Level 1:colcon.colcon_core.environment:checking '/home/drymer/ros2_ws/install/turtlesim/bin'
[3.182s] Level 1:colcon.colcon_core.environment:checking '/home/drymer/ros2_ws/install/turtlesim/lib/pkgconfig/turtlesim.pc'
[3.182s] Level 1:colcon.colcon_core.environment:checking '/home/drymer/ros2_ws/install/turtlesim/lib/python3.10/site-packages'
[3.183s] Level 1:colcon.colcon_core.environment:checking '/home/drymer/ros2_ws/install/turtlesim/bin'
[3.183s] INFO:colcon.colcon_core.shell:Creating package script '/home/drymer/ros2_ws/install/turtlesim/share/turtlesim/package.ps1'
[3.184s] INFO:colcon.colcon_core.shell:Creating package descriptor '/home/drymer/ros2_ws/install/turtlesim/share/turtlesim/package.dsv'
[3.190s] INFO:colcon.colcon_core.shell:Creating package script '/home/drymer/ros2_ws/install/turtlesim/share/turtlesim/package.sh'
[3.191s] INFO:colcon.colcon_core.shell:Creating package script '/home/drymer/ros2_ws/install/turtlesim/share/turtlesim/package.bash'
[3.192s] INFO:colcon.colcon_core.shell:Creating package script '/home/drymer/ros2_ws/install/turtlesim/share/turtlesim/package.zsh'
[3.193s] Level 1:colcon.colcon_core.environment:create_file_with_runtime_dependencies(/home/drymer/ros2_ws/install/turtlesim/share/colcon-core/packages/turtlesim)
[3.251s] Level 1:colcon.colcon_core.environment:checking '/home/drymer/ros2_ws/install/python_parameters' for CMake module files
[3.253s] DEBUG:colcon.colcon_core.event_handler.log_command:Invoked command in '/home/drymer/ros2_ws/src/python_parameters' returned '0': PYTHONPATH=/home/drymer/ros2_ws/build/python_parameters/prefix_override:/home/drymer/.local/lib/python3.10/site-packages/colcon_core/task/python/colcon_distutils_commands:/home/drymer/ros2_ws/install/python_parameters/lib/python3.10/site-packages:${PYTHONPATH} /usr/bin/python3 -W ignore:setup.py install is deprecated setup.py egg_info --egg-base ../../build/python_parameters build --build-base /home/drymer/ros2_ws/build/python_parameters/build install --record /home/drymer/ros2_ws/build/python_parameters/install.log --single-version-externally-managed install_data
[3.253s] Level 1:colcon.colcon_core.environment:checking '/home/drymer/ros2_ws/install/python_parameters' for CMake config files
[3.257s] Level 1:colcon.colcon_core.environment:checking '/home/drymer/ros2_ws/install/python_parameters/lib'
[3.257s] Level 1:colcon.colcon_core.environment:checking '/home/drymer/ros2_ws/install/python_parameters/bin'
[3.257s] Level 1:colcon.colcon_core.environment:checking '/home/drymer/ros2_ws/install/python_parameters/lib/pkgconfig/python_parameters.pc'
[3.257s] Level 1:colcon.colcon_core.environment:checking '/home/drymer/ros2_ws/install/python_parameters/lib/python3.10/site-packages'
[3.258s] Level 1:colcon.colcon_core.shell:create_environment_hook('python_parameters', 'pythonpath')
[3.258s] INFO:colcon.colcon_core.shell:Creating environment hook '/home/drymer/ros2_ws/install/python_parameters/share/python_parameters/hook/pythonpath.ps1'
[3.259s] INFO:colcon.colcon_core.shell:Creating environment descriptor '/home/drymer/ros2_ws/install/python_parameters/share/python_parameters/hook/pythonpath.dsv'
[3.260s] INFO:colcon.colcon_core.shell:Creating environment hook '/home/drymer/ros2_ws/install/python_parameters/share/python_parameters/hook/pythonpath.sh'
[3.261s] Level 1:colcon.colcon_core.environment:checking '/home/drymer/ros2_ws/install/python_parameters/bin'
[3.261s] Level 1:colcon.colcon_core.environment:create_environment_scripts_only(python_parameters)
[3.262s] INFO:colcon.colcon_core.shell:Creating package script '/home/drymer/ros2_ws/install/python_parameters/share/python_parameters/package.ps1'
[3.263s] INFO:colcon.colcon_core.shell:Creating package descriptor '/home/drymer/ros2_ws/install/python_parameters/share/python_parameters/package.dsv'
[3.264s] INFO:colcon.colcon_core.shell:Creating package script '/home/drymer/ros2_ws/install/python_parameters/share/python_parameters/package.sh'
[3.265s] INFO:colcon.colcon_core.shell:Creating package script '/home/drymer/ros2_ws/install/python_parameters/share/python_parameters/package.bash'
[3.266s] INFO:colcon.colcon_core.shell:Creating package script '/home/drymer/ros2_ws/install/python_parameters/share/python_parameters/package.zsh'
[3.266s] Level 1:colcon.colcon_core.environment:create_file_with_runtime_dependencies(/home/drymer/ros2_ws/install/python_parameters/share/colcon-core/packages/python_parameters)
[3.294s] Level 1:colcon.colcon_core.environment:checking '/home/drymer/ros2_ws/install/my_package' for CMake module files
[3.295s] DEBUG:colcon.colcon_core.event_handler.log_command:Invoked command in '/home/drymer/ros2_ws/src/my_package' returned '0': PYTHONPATH=/home/drymer/ros2_ws/build/my_package/prefix_override:/home/drymer/.local/lib/python3.10/site-packages/colcon_core/task/python/colcon_distutils_commands:/home/drymer/ros2_ws/install/my_package/lib/python3.10/site-packages:${PYTHONPATH} /usr/bin/python3 -W ignore:setup.py install is deprecated setup.py egg_info --egg-base ../../build/my_package build --build-base /home/drymer/ros2_ws/build/my_package/build install --record /home/drymer/ros2_ws/build/my_package/install.log --single-version-externally-managed install_data
[3.296s] Level 1:colcon.colcon_core.environment:checking '/home/drymer/ros2_ws/install/my_package' for CMake config files
[3.298s] Level 1:colcon.colcon_core.environment:checking '/home/drymer/ros2_ws/install/my_package/lib'
[3.298s] Level 1:colcon.colcon_core.environment:checking '/home/drymer/ros2_ws/install/my_package/bin'
[3.298s] Level 1:colcon.colcon_core.environment:checking '/home/drymer/ros2_ws/install/my_package/lib/pkgconfig/my_package.pc'
[3.299s] Level 1:colcon.colcon_core.environment:checking '/home/drymer/ros2_ws/install/my_package/lib/python3.10/site-packages'
[3.299s] Level 1:colcon.colcon_core.shell:create_environment_hook('my_package', 'pythonpath')
[3.299s] INFO:colcon.colcon_core.shell:Creating environment hook '/home/drymer/ros2_ws/install/my_package/share/my_package/hook/pythonpath.ps1'
[3.300s] INFO:colcon.colcon_core.shell:Creating environment descriptor '/home/drymer/ros2_ws/install/my_package/share/my_package/hook/pythonpath.dsv'
[3.301s] INFO:colcon.colcon_core.shell:Creating environment hook '/home/drymer/ros2_ws/install/my_package/share/my_package/hook/pythonpath.sh'
[3.302s] Level 1:colcon.colcon_core.environment:checking '/home/drymer/ros2_ws/install/my_package/bin'
[3.302s] Level 1:colcon.colcon_core.environment:create_environment_scripts_only(my_package)
[3.303s] INFO:colcon.colcon_core.shell:Creating package script '/home/drymer/ros2_ws/install/my_package/share/my_package/package.ps1'
[3.304s] INFO:colcon.colcon_core.shell:Creating package descriptor '/home/drymer/ros2_ws/install/my_package/share/my_package/package.dsv'
[3.305s] INFO:colcon.colcon_core.shell:Creating package script '/home/drymer/ros2_ws/install/my_package/share/my_package/package.sh'
[3.307s] INFO:colcon.colcon_core.shell:Creating package script '/home/drymer/ros2_ws/install/my_package/share/my_package/package.bash'
[3.307s] INFO:colcon.colcon_core.shell:Creating package script '/home/drymer/ros2_ws/install/my_package/share/my_package/package.zsh'
[3.308s] Level 1:colcon.colcon_core.environment:create_file_with_runtime_dependencies(/home/drymer/ros2_ws/install/my_package/share/colcon-core/packages/my_package)
[3.992s] DEBUG:colcon.colcon_core.event_handler.log_command:Invoked command in '/home/drymer/ros2_ws/build/tutorial_interfaces' returned '0': CMAKE_PREFIX_PATH=${CMAKE_PREFIX_PATH}:/home/drymer/launch_ws/install/launch_tutorial:/home/drymer/launch_ws/install/py_launch_example:/home/drymer/launch_ws/src/install/py_launch_example:/home/drymer/ros2_ws/install/python_parameters:/home/drymer/ros2_ws/install/py_pubsub:/home/drymer/ros2_ws/install/py_srvcli:/home/drymer/ros2_ws/install/my_package:/opt/ros/humble /usr/bin/cmake --build /home/drymer/ros2_ws/build/tutorial_interfaces -- -j12 -l12
[4.112s] DEBUG:colcon.colcon_core.event_handler.log_command:Invoking command in '/home/drymer/ros2_ws/build/tutorial_interfaces': CMAKE_PREFIX_PATH=${CMAKE_PREFIX_PATH}:/home/drymer/launch_ws/install/launch_tutorial:/home/drymer/launch_ws/install/py_launch_example:/home/drymer/launch_ws/src/install/py_launch_example:/home/drymer/ros2_ws/install/python_parameters:/home/drymer/ros2_ws/install/py_pubsub:/home/drymer/ros2_ws/install/py_srvcli:/home/drymer/ros2_ws/install/my_package:/opt/ros/humble /usr/bin/cmake --install /home/drymer/ros2_ws/build/tutorial_interfaces
[4.214s] Level 1:colcon.colcon_core.environment:create_environment_scripts_only(tutorial_interfaces)
[4.215s] Level 1:colcon.colcon_core.environment:checking '/home/drymer/ros2_ws/install/tutorial_interfaces' for CMake module files
[4.216s] DEBUG:colcon.colcon_core.event_handler.log_command:Invoked command in '/home/drymer/ros2_ws/build/tutorial_interfaces' returned '0': CMAKE_PREFIX_PATH=${CMAKE_PREFIX_PATH}:/home/drymer/launch_ws/install/launch_tutorial:/home/drymer/launch_ws/install/py_launch_example:/home/drymer/launch_ws/src/install/py_launch_example:/home/drymer/ros2_ws/install/python_parameters:/home/drymer/ros2_ws/install/py_pubsub:/home/drymer/ros2_ws/install/py_srvcli:/home/drymer/ros2_ws/install/my_package:/opt/ros/humble /usr/bin/cmake --install /home/drymer/ros2_ws/build/tutorial_interfaces
[4.217s] Level 1:colcon.colcon_core.environment:checking '/home/drymer/ros2_ws/install/tutorial_interfaces' for CMake config files
[4.217s] Level 1:colcon.colcon_core.shell:create_environment_hook('tutorial_interfaces', 'cmake_prefix_path')
[4.217s] INFO:colcon.colcon_core.shell:Creating environment hook '/home/drymer/ros2_ws/install/tutorial_interfaces/share/tutorial_interfaces/hook/cmake_prefix_path.ps1'
[4.218s] INFO:colcon.colcon_core.shell:Creating environment descriptor '/home/drymer/ros2_ws/install/tutorial_interfaces/share/tutorial_interfaces/hook/cmake_prefix_path.dsv'
[4.218s] INFO:colcon.colcon_core.shell:Creating environment hook '/home/drymer/ros2_ws/install/tutorial_interfaces/share/tutorial_interfaces/hook/cmake_prefix_path.sh'
[4.219s] Level 1:colcon.colcon_core.environment:checking '/home/drymer/ros2_ws/install/tutorial_interfaces/lib'
[4.219s] Level 1:colcon.colcon_core.shell:create_environment_hook('tutorial_interfaces', 'ld_library_path_lib')
[4.219s] INFO:colcon.colcon_core.shell:Creating environment hook '/home/drymer/ros2_ws/install/tutorial_interfaces/share/tutorial_interfaces/hook/ld_library_path_lib.ps1'
[4.219s] INFO:colcon.colcon_core.shell:Creating environment descriptor '/home/drymer/ros2_ws/install/tutorial_interfaces/share/tutorial_interfaces/hook/ld_library_path_lib.dsv'
[4.220s] INFO:colcon.colcon_core.shell:Creating environment hook '/home/drymer/ros2_ws/install/tutorial_interfaces/share/tutorial_interfaces/hook/ld_library_path_lib.sh'
[4.220s] Level 1:colcon.colcon_core.environment:checking '/home/drymer/ros2_ws/install/tutorial_interfaces/bin'
[4.220s] Level 1:colcon.colcon_core.environment:checking '/home/drymer/ros2_ws/install/tutorial_interfaces/lib/pkgconfig/tutorial_interfaces.pc'
[4.221s] Level 1:colcon.colcon_core.environment:checking '/home/drymer/ros2_ws/install/tutorial_interfaces/lib/python3.10/site-packages'
[4.221s] Level 1:colcon.colcon_core.environment:checking '/home/drymer/ros2_ws/install/tutorial_interfaces/bin'
[4.221s] INFO:colcon.colcon_core.shell:Creating package script '/home/drymer/ros2_ws/install/tutorial_interfaces/share/tutorial_interfaces/package.ps1'
[4.222s] INFO:colcon.colcon_core.shell:Creating package descriptor '/home/drymer/ros2_ws/install/tutorial_interfaces/share/tutorial_interfaces/package.dsv'
[4.222s] INFO:colcon.colcon_core.shell:Creating package script '/home/drymer/ros2_ws/install/tutorial_interfaces/share/tutorial_interfaces/package.sh'
[4.223s] INFO:colcon.colcon_core.shell:Creating package script '/home/drymer/ros2_ws/install/tutorial_interfaces/share/tutorial_interfaces/package.bash'
[4.223s] INFO:colcon.colcon_core.shell:Creating package script '/home/drymer/ros2_ws/install/tutorial_interfaces/share/tutorial_interfaces/package.zsh'
[4.224s] Level 1:colcon.colcon_core.environment:create_file_with_runtime_dependencies(/home/drymer/ros2_ws/install/tutorial_interfaces/share/colcon-core/packages/tutorial_interfaces)
[4.343s] Level 1:colcon.colcon_core.environment:create_environment_scripts_only(tutorial_interfaces)
[4.343s] Level 1:colcon.colcon_core.environment:checking '/home/drymer/ros2_ws/install/tutorial_interfaces' for CMake module files
[4.344s] Level 1:colcon.colcon_core.environment:checking '/home/drymer/ros2_ws/install/tutorial_interfaces' for CMake config files
[4.344s] Level 1:colcon.colcon_core.shell:create_environment_hook('tutorial_interfaces', 'cmake_prefix_path')
[4.345s] INFO:colcon.colcon_core.shell:Creating environment hook '/home/drymer/ros2_ws/install/tutorial_interfaces/share/tutorial_interfaces/hook/cmake_prefix_path.ps1'
[4.345s] INFO:colcon.colcon_core.shell:Creating environment descriptor '/home/drymer/ros2_ws/install/tutorial_interfaces/share/tutorial_interfaces/hook/cmake_prefix_path.dsv'
[4.345s] INFO:colcon.colcon_core.shell:Creating environment hook '/home/drymer/ros2_ws/install/tutorial_interfaces/share/tutorial_interfaces/hook/cmake_prefix_path.sh'
[4.346s] Level 1:colcon.colcon_core.environment:checking '/home/drymer/ros2_ws/install/tutorial_interfaces/lib'
[4.346s] Level 1:colcon.colcon_core.shell:create_environment_hook('tutorial_interfaces', 'ld_library_path_lib')
[4.346s] INFO:colcon.colcon_core.shell:Creating environment hook '/home/drymer/ros2_ws/install/tutorial_interfaces/share/tutorial_interfaces/hook/ld_library_path_lib.ps1'
[4.347s] INFO:colcon.colcon_core.shell:Creating environment descriptor '/home/drymer/ros2_ws/install/tutorial_interfaces/share/tutorial_interfaces/hook/ld_library_path_lib.dsv'
[4.347s] INFO:colcon.colcon_core.shell:Creating environment hook '/home/drymer/ros2_ws/install/tutorial_interfaces/share/tutorial_interfaces/hook/ld_library_path_lib.sh'
[4.348s] Level 1:colcon.colcon_core.environment:checking '/home/drymer/ros2_ws/install/tutorial_interfaces/bin'
[4.348s] Level 1:colcon.colcon_core.environment:checking '/home/drymer/ros2_ws/install/tutorial_interfaces/lib/pkgconfig/tutorial_interfaces.pc'
[4.348s] Level 1:colcon.colcon_core.environment:checking '/home/drymer/ros2_ws/install/tutorial_interfaces/lib/python3.10/site-packages'
[4.348s] Level 1:colcon.colcon_core.environment:checking '/home/drymer/ros2_ws/install/tutorial_interfaces/bin'
[4.349s] INFO:colcon.colcon_core.shell:Creating package script '/home/drymer/ros2_ws/install/tutorial_interfaces/share/tutorial_interfaces/package.ps1'
[4.349s] INFO:colcon.colcon_core.shell:Creating package descriptor '/home/drymer/ros2_ws/install/tutorial_interfaces/share/tutorial_interfaces/package.dsv'
[4.350s] INFO:colcon.colcon_core.shell:Creating package script '/home/drymer/ros2_ws/install/tutorial_interfaces/share/tutorial_interfaces/package.sh'
[4.350s] INFO:colcon.colcon_core.shell:Creating package script '/home/drymer/ros2_ws/install/tutorial_interfaces/share/tutorial_interfaces/package.bash'
[4.351s] INFO:colcon.colcon_core.shell:Creating package script '/home/drymer/ros2_ws/install/tutorial_interfaces/share/tutorial_interfaces/package.zsh'
[4.352s] Level 1:colcon.colcon_core.environment:create_file_with_runtime_dependencies(/home/drymer/ros2_ws/install/tutorial_interfaces/share/colcon-core/packages/tutorial_interfaces)
[4.352s] INFO:colcon.colcon_ros.task.ament_python.build:Building ROS package in '/home/drymer/ros2_ws/src/py_pubsub' with build type 'ament_python'
[4.353s] Level 1:colcon.colcon_core.shell:create_environment_hook('py_pubsub', 'ament_prefix_path')
[4.353s] INFO:colcon.colcon_core.shell:Creating environment hook '/home/drymer/ros2_ws/install/py_pubsub/share/py_pubsub/hook/ament_prefix_path.ps1'
[4.355s] INFO:colcon.colcon_core.shell:Creating environment descriptor '/home/drymer/ros2_ws/install/py_pubsub/share/py_pubsub/hook/ament_prefix_path.dsv'
[4.356s] INFO:colcon.colcon_core.shell:Creating environment hook '/home/drymer/ros2_ws/install/py_pubsub/share/py_pubsub/hook/ament_prefix_path.sh'
[4.358s] INFO:colcon.colcon_core.shell:Skip shell extension 'powershell' for command environment: Not usable outside of PowerShell
[4.358s] DEBUG:colcon.colcon_core.shell:Skip shell extension 'dsv' for command environment
[4.369s] INFO:colcon.colcon_ros.task.ament_python.build:Building ROS package in '/home/drymer/ros2_ws/src/py_srvcli' with build type 'ament_python'
[4.372s] Level 1:colcon.colcon_core.shell:create_environment_hook('py_srvcli', 'ament_prefix_path')
[4.373s] INFO:colcon.colcon_core.shell:Creating environment hook '/home/drymer/ros2_ws/install/py_srvcli/share/py_srvcli/hook/ament_prefix_path.ps1'
[4.374s] INFO:colcon.colcon_core.shell:Creating environment descriptor '/home/drymer/ros2_ws/install/py_srvcli/share/py_srvcli/hook/ament_prefix_path.dsv'
[4.374s] INFO:colcon.colcon_core.shell:Creating environment hook '/home/drymer/ros2_ws/install/py_srvcli/share/py_srvcli/hook/ament_prefix_path.sh'
[4.375s] INFO:colcon.colcon_core.shell:Skip shell extension 'powershell' for command environment: Not usable outside of PowerShell
[4.375s] DEBUG:colcon.colcon_core.shell:Skip shell extension 'dsv' for command environment
[4.913s] INFO:colcon.colcon_core.task.python.build:Building Python package in '/home/drymer/ros2_ws/src/py_pubsub'
[4.914s] INFO:colcon.colcon_core.shell:Skip shell extension 'powershell' for command environment: Not usable outside of PowerShell
[4.914s] DEBUG:colcon.colcon_core.shell:Skip shell extension 'dsv' for command environment
[5.241s] INFO:colcon.colcon_core.task.python.build:Building Python package in '/home/drymer/ros2_ws/src/py_srvcli'
[5.241s] INFO:colcon.colcon_core.shell:Skip shell extension 'powershell' for command environment: Not usable outside of PowerShell
[5.242s] DEBUG:colcon.colcon_core.shell:Skip shell extension 'dsv' for command environment
[5.762s] DEBUG:colcon.colcon_core.event_handler.log_command:Invoking command in '/home/drymer/ros2_ws/src/py_pubsub': PYTHONPATH=/home/drymer/ros2_ws/build/py_pubsub/prefix_override:/home/drymer/.local/lib/python3.10/site-packages/colcon_core/task/python/colcon_distutils_commands:/home/drymer/ros2_ws/install/py_pubsub/lib/python3.10/site-packages:${PYTHONPATH} /usr/bin/python3 -W ignore:setup.py install is deprecated setup.py egg_info --egg-base ../../build/py_pubsub build --build-base /home/drymer/ros2_ws/build/py_pubsub/build install --record /home/drymer/ros2_ws/build/py_pubsub/install.log --single-version-externally-managed install_data
[5.946s] DEBUG:colcon.colcon_core.event_handler.log_command:Invoking command in '/home/drymer/ros2_ws/src/py_srvcli': PYTHONPATH=/home/drymer/ros2_ws/build/py_srvcli/prefix_override:/home/drymer/.local/lib/python3.10/site-packages/colcon_core/task/python/colcon_distutils_commands:/home/drymer/ros2_ws/install/py_srvcli/lib/python3.10/site-packages:${PYTHONPATH} /usr/bin/python3 -W ignore:setup.py install is deprecated setup.py egg_info --egg-base ../../build/py_srvcli build --build-base /home/drymer/ros2_ws/build/py_srvcli/build install --record /home/drymer/ros2_ws/build/py_srvcli/install.log --single-version-externally-managed install_data
[6.175s] Level 1:colcon.colcon_core.environment:checking '/home/drymer/ros2_ws/install/py_pubsub' for CMake module files
[6.176s] DEBUG:colcon.colcon_core.event_handler.log_command:Invoked command in '/home/drymer/ros2_ws/src/py_pubsub' returned '0': PYTHONPATH=/home/drymer/ros2_ws/build/py_pubsub/prefix_override:/home/drymer/.local/lib/python3.10/site-packages/colcon_core/task/python/colcon_distutils_commands:/home/drymer/ros2_ws/install/py_pubsub/lib/python3.10/site-packages:${PYTHONPATH} /usr/bin/python3 -W ignore:setup.py install is deprecated setup.py egg_info --egg-base ../../build/py_pubsub build --build-base /home/drymer/ros2_ws/build/py_pubsub/build install --record /home/drymer/ros2_ws/build/py_pubsub/install.log --single-version-externally-managed install_data
[6.177s] Level 1:colcon.colcon_core.environment:checking '/home/drymer/ros2_ws/install/py_pubsub' for CMake config files
[6.178s] Level 1:colcon.colcon_core.environment:checking '/home/drymer/ros2_ws/install/py_pubsub/lib'
[6.178s] Level 1:colcon.colcon_core.environment:checking '/home/drymer/ros2_ws/install/py_pubsub/bin'
[6.178s] Level 1:colcon.colcon_core.environment:checking '/home/drymer/ros2_ws/install/py_pubsub/lib/pkgconfig/py_pubsub.pc'
[6.178s] Level 1:colcon.colcon_core.environment:checking '/home/drymer/ros2_ws/install/py_pubsub/lib/python3.10/site-packages'
[6.178s] Level 1:colcon.colcon_core.shell:create_environment_hook('py_pubsub', 'pythonpath')
[6.179s] INFO:colcon.colcon_core.shell:Creating environment hook '/home/drymer/ros2_ws/install/py_pubsub/share/py_pubsub/hook/pythonpath.ps1'
[6.179s] INFO:colcon.colcon_core.shell:Creating environment descriptor '/home/drymer/ros2_ws/install/py_pubsub/share/py_pubsub/hook/pythonpath.dsv'
[6.180s] INFO:colcon.colcon_core.shell:Creating environment hook '/home/drymer/ros2_ws/install/py_pubsub/share/py_pubsub/hook/pythonpath.sh'
[6.181s] Level 1:colcon.colcon_core.environment:checking '/home/drymer/ros2_ws/install/py_pubsub/bin'
[6.181s] Level 1:colcon.colcon_core.environment:create_environment_scripts_only(py_pubsub)
[6.181s] INFO:colcon.colcon_core.shell:Creating package script '/home/drymer/ros2_ws/install/py_pubsub/share/py_pubsub/package.ps1'
[6.182s] INFO:colcon.colcon_core.shell:Creating package descriptor '/home/drymer/ros2_ws/install/py_pubsub/share/py_pubsub/package.dsv'
[6.183s] INFO:colcon.colcon_core.shell:Creating package script '/home/drymer/ros2_ws/install/py_pubsub/share/py_pubsub/package.sh'
[6.183s] INFO:colcon.colcon_core.shell:Creating package script '/home/drymer/ros2_ws/install/py_pubsub/share/py_pubsub/package.bash'
[6.184s] INFO:colcon.colcon_core.shell:Creating package script '/home/drymer/ros2_ws/install/py_pubsub/share/py_pubsub/package.zsh'
[6.184s] Level 1:colcon.colcon_core.environment:create_file_with_runtime_dependencies(/home/drymer/ros2_ws/install/py_pubsub/share/colcon-core/packages/py_pubsub)
[6.299s] Level 1:colcon.colcon_core.environment:checking '/home/drymer/ros2_ws/install/py_srvcli' for CMake module files
[6.300s] DEBUG:colcon.colcon_core.event_handler.log_command:Invoked command in '/home/drymer/ros2_ws/src/py_srvcli' returned '0': PYTHONPATH=/home/drymer/ros2_ws/build/py_srvcli/prefix_override:/home/drymer/.local/lib/python3.10/site-packages/colcon_core/task/python/colcon_distutils_commands:/home/drymer/ros2_ws/install/py_srvcli/lib/python3.10/site-packages:${PYTHONPATH} /usr/bin/python3 -W ignore:setup.py install is deprecated setup.py egg_info --egg-base ../../build/py_srvcli build --build-base /home/drymer/ros2_ws/build/py_srvcli/build install --record /home/drymer/ros2_ws/build/py_srvcli/install.log --single-version-externally-managed install_data
[6.300s] Level 1:colcon.colcon_core.environment:checking '/home/drymer/ros2_ws/install/py_srvcli' for CMake config files
[6.300s] Level 1:colcon.colcon_core.environment:checking '/home/drymer/ros2_ws/install/py_srvcli/lib'
[6.300s] Level 1:colcon.colcon_core.environment:checking '/home/drymer/ros2_ws/install/py_srvcli/bin'
[6.301s] Level 1:colcon.colcon_core.environment:checking '/home/drymer/ros2_ws/install/py_srvcli/lib/pkgconfig/py_srvcli.pc'
[6.301s] Level 1:colcon.colcon_core.environment:checking '/home/drymer/ros2_ws/install/py_srvcli/lib/python3.10/site-packages'
[6.301s] Level 1:colcon.colcon_core.shell:create_environment_hook('py_srvcli', 'pythonpath')
[6.301s] INFO:colcon.colcon_core.shell:Creating environment hook '/home/drymer/ros2_ws/install/py_srvcli/share/py_srvcli/hook/pythonpath.ps1'
[6.301s] INFO:colcon.colcon_core.shell:Creating environment descriptor '/home/drymer/ros2_ws/install/py_srvcli/share/py_srvcli/hook/pythonpath.dsv'
[6.302s] INFO:colcon.colcon_core.shell:Creating environment hook '/home/drymer/ros2_ws/install/py_srvcli/share/py_srvcli/hook/pythonpath.sh'
[6.303s] Level 1:colcon.colcon_core.environment:checking '/home/drymer/ros2_ws/install/py_srvcli/bin'
[6.303s] Level 1:colcon.colcon_core.environment:create_environment_scripts_only(py_srvcli)
[6.303s] INFO:colcon.colcon_core.shell:Creating package script '/home/drymer/ros2_ws/install/py_srvcli/share/py_srvcli/package.ps1'
[6.304s] INFO:colcon.colcon_core.shell:Creating package descriptor '/home/drymer/ros2_ws/install/py_srvcli/share/py_srvcli/package.dsv'
[6.304s] INFO:colcon.colcon_core.shell:Creating package script '/home/drymer/ros2_ws/install/py_srvcli/share/py_srvcli/package.sh'
[6.305s] INFO:colcon.colcon_core.shell:Creating package script '/home/drymer/ros2_ws/install/py_srvcli/share/py_srvcli/package.bash'
[6.305s] INFO:colcon.colcon_core.shell:Creating package script '/home/drymer/ros2_ws/install/py_srvcli/share/py_srvcli/package.zsh'
[6.305s] Level 1:colcon.colcon_core.environment:create_file_with_runtime_dependencies(/home/drymer/ros2_ws/install/py_srvcli/share/colcon-core/packages/py_srvcli)
[6.416s] DEBUG:colcon.colcon_core.event_handler.log_command:Invoked command in '/home/drymer/ros2_ws/build/action_tutorials_interfaces' returned '0': CMAKE_PREFIX_PATH=${CMAKE_PREFIX_PATH}:/home/drymer/launch_ws/install/launch_tutorial:/home/drymer/launch_ws/install/py_launch_example:/home/drymer/launch_ws/src/install/py_launch_example:/home/drymer/ros2_ws/install/python_parameters:/home/drymer/ros2_ws/install/py_pubsub:/home/drymer/ros2_ws/install/py_srvcli:/home/drymer/ros2_ws/install/my_package:/opt/ros/humble /usr/bin/cmake /home/drymer/ros2_ws/src/action_tutorials_interfaces -DCMAKE_INSTALL_PREFIX=/home/drymer/ros2_ws/install/action_tutorials_interfaces
[6.417s] DEBUG:colcon.colcon_core.event_handler.log_command:Invoking command in '/home/drymer/ros2_ws/build/action_tutorials_interfaces': CMAKE_PREFIX_PATH=${CMAKE_PREFIX_PATH}:/home/drymer/launch_ws/install/launch_tutorial:/home/drymer/launch_ws/install/py_launch_example:/home/drymer/launch_ws/src/install/py_launch_example:/home/drymer/ros2_ws/install/python_parameters:/home/drymer/ros2_ws/install/py_pubsub:/home/drymer/ros2_ws/install/py_srvcli:/home/drymer/ros2_ws/install/my_package:/opt/ros/humble /usr/bin/cmake --build /home/drymer/ros2_ws/build/action_tutorials_interfaces -- -j12 -l12
[10.147s] DEBUG:colcon.colcon_core.event_handler.log_command:Invoked command in '/home/drymer/ros2_ws/build/action_tutorials_interfaces' returned '0': CMAKE_PREFIX_PATH=${CMAKE_PREFIX_PATH}:/home/drymer/launch_ws/install/launch_tutorial:/home/drymer/launch_ws/install/py_launch_example:/home/drymer/launch_ws/src/install/py_launch_example:/home/drymer/ros2_ws/install/python_parameters:/home/drymer/ros2_ws/install/py_pubsub:/home/drymer/ros2_ws/install/py_srvcli:/home/drymer/ros2_ws/install/my_package:/opt/ros/humble /usr/bin/cmake --build /home/drymer/ros2_ws/build/action_tutorials_interfaces -- -j12 -l12
[10.212s] DEBUG:colcon.colcon_core.event_handler.log_command:Invoking command in '/home/drymer/ros2_ws/build/action_tutorials_interfaces': CMAKE_PREFIX_PATH=${CMAKE_PREFIX_PATH}:/home/drymer/launch_ws/install/launch_tutorial:/home/drymer/launch_ws/install/py_launch_example:/home/drymer/launch_ws/src/install/py_launch_example:/home/drymer/ros2_ws/install/python_parameters:/home/drymer/ros2_ws/install/py_pubsub:/home/drymer/ros2_ws/install/py_srvcli:/home/drymer/ros2_ws/install/my_package:/opt/ros/humble /usr/bin/cmake --install /home/drymer/ros2_ws/build/action_tutorials_interfaces
[10.305s] Level 1:colcon.colcon_core.environment:create_environment_scripts_only(action_tutorials_interfaces)
[10.306s] DEBUG:colcon.colcon_core.event_handler.log_command:Invoked command in '/home/drymer/ros2_ws/build/action_tutorials_interfaces' returned '0': CMAKE_PREFIX_PATH=${CMAKE_PREFIX_PATH}:/home/drymer/launch_ws/install/launch_tutorial:/home/drymer/launch_ws/install/py_launch_example:/home/drymer/launch_ws/src/install/py_launch_example:/home/drymer/ros2_ws/install/python_parameters:/home/drymer/ros2_ws/install/py_pubsub:/home/drymer/ros2_ws/install/py_srvcli:/home/drymer/ros2_ws/install/my_package:/opt/ros/humble /usr/bin/cmake --install /home/drymer/ros2_ws/build/action_tutorials_interfaces
[10.306s] Level 1:colcon.colcon_core.environment:checking '/home/drymer/ros2_ws/install/action_tutorials_interfaces' for CMake module files
[10.307s] Level 1:colcon.colcon_core.environment:checking '/home/drymer/ros2_ws/install/action_tutorials_interfaces' for CMake config files
[10.307s] Level 1:colcon.colcon_core.shell:create_environment_hook('action_tutorials_interfaces', 'cmake_prefix_path')
[10.307s] INFO:colcon.colcon_core.shell:Creating environment hook '/home/drymer/ros2_ws/install/action_tutorials_interfaces/share/action_tutorials_interfaces/hook/cmake_prefix_path.ps1'
[10.308s] INFO:colcon.colcon_core.shell:Creating environment descriptor '/home/drymer/ros2_ws/install/action_tutorials_interfaces/share/action_tutorials_interfaces/hook/cmake_prefix_path.dsv'
[10.308s] INFO:colcon.colcon_core.shell:Creating environment hook '/home/drymer/ros2_ws/install/action_tutorials_interfaces/share/action_tutorials_interfaces/hook/cmake_prefix_path.sh'
[10.309s] Level 1:colcon.colcon_core.environment:checking '/home/drymer/ros2_ws/install/action_tutorials_interfaces/lib'
[10.309s] Level 1:colcon.colcon_core.shell:create_environment_hook('action_tutorials_interfaces', 'ld_library_path_lib')
[10.309s] INFO:colcon.colcon_core.shell:Creating environment hook '/home/drymer/ros2_ws/install/action_tutorials_interfaces/share/action_tutorials_interfaces/hook/ld_library_path_lib.ps1'
[10.310s] INFO:colcon.colcon_core.shell:Creating environment descriptor '/home/drymer/ros2_ws/install/action_tutorials_interfaces/share/action_tutorials_interfaces/hook/ld_library_path_lib.dsv'
[10.310s] INFO:colcon.colcon_core.shell:Creating environment hook '/home/drymer/ros2_ws/install/action_tutorials_interfaces/share/action_tutorials_interfaces/hook/ld_library_path_lib.sh'
[10.310s] Level 1:colcon.colcon_core.environment:checking '/home/drymer/ros2_ws/install/action_tutorials_interfaces/bin'
[10.311s] Level 1:colcon.colcon_core.environment:checking '/home/drymer/ros2_ws/install/action_tutorials_interfaces/lib/pkgconfig/action_tutorials_interfaces.pc'
[10.311s] Level 1:colcon.colcon_core.environment:checking '/home/drymer/ros2_ws/install/action_tutorials_interfaces/lib/python3.10/site-packages'
[10.311s] Level 1:colcon.colcon_core.environment:checking '/home/drymer/ros2_ws/install/action_tutorials_interfaces/bin'
[10.312s] INFO:colcon.colcon_core.shell:Creating package script '/home/drymer/ros2_ws/install/action_tutorials_interfaces/share/action_tutorials_interfaces/package.ps1'
[10.312s] INFO:colcon.colcon_core.shell:Creating package descriptor '/home/drymer/ros2_ws/install/action_tutorials_interfaces/share/action_tutorials_interfaces/package.dsv'
[10.313s] INFO:colcon.colcon_core.shell:Creating package script '/home/drymer/ros2_ws/install/action_tutorials_interfaces/share/action_tutorials_interfaces/package.sh'
[10.313s] INFO:colcon.colcon_core.shell:Creating package script '/home/drymer/ros2_ws/install/action_tutorials_interfaces/share/action_tutorials_interfaces/package.bash'
[10.314s] INFO:colcon.colcon_core.shell:Creating package script '/home/drymer/ros2_ws/install/action_tutorials_interfaces/share/action_tutorials_interfaces/package.zsh'
[10.314s] Level 1:colcon.colcon_core.environment:create_file_with_runtime_dependencies(/home/drymer/ros2_ws/install/action_tutorials_interfaces/share/colcon-core/packages/action_tutorials_interfaces)
[10.384s] Level 1:colcon.colcon_core.environment:create_environment_scripts_only(action_tutorials_interfaces)
[10.384s] Level 1:colcon.colcon_core.environment:checking '/home/drymer/ros2_ws/install/action_tutorials_interfaces' for CMake module files
[10.385s] Level 1:colcon.colcon_core.environment:checking '/home/drymer/ros2_ws/install/action_tutorials_interfaces' for CMake config files
[10.385s] Level 1:colcon.colcon_core.shell:create_environment_hook('action_tutorials_interfaces', 'cmake_prefix_path')
[10.385s] INFO:colcon.colcon_core.shell:Creating environment hook '/home/drymer/ros2_ws/install/action_tutorials_interfaces/share/action_tutorials_interfaces/hook/cmake_prefix_path.ps1'
[10.386s] INFO:colcon.colcon_core.shell:Creating environment descriptor '/home/drymer/ros2_ws/install/action_tutorials_interfaces/share/action_tutorials_interfaces/hook/cmake_prefix_path.dsv'
[10.386s] INFO:colcon.colcon_core.shell:Creating environment hook '/home/drymer/ros2_ws/install/action_tutorials_interfaces/share/action_tutorials_interfaces/hook/cmake_prefix_path.sh'
[10.387s] Level 1:colcon.colcon_core.environment:checking '/home/drymer/ros2_ws/install/action_tutorials_interfaces/lib'
[10.387s] Level 1:colcon.colcon_core.shell:create_environment_hook('action_tutorials_interfaces', 'ld_library_path_lib')
[10.387s] INFO:colcon.colcon_core.shell:Creating environment hook '/home/drymer/ros2_ws/install/action_tutorials_interfaces/share/action_tutorials_interfaces/hook/ld_library_path_lib.ps1'
[10.388s] INFO:colcon.colcon_core.shell:Creating environment descriptor '/home/drymer/ros2_ws/install/action_tutorials_interfaces/share/action_tutorials_interfaces/hook/ld_library_path_lib.dsv'
[10.388s] INFO:colcon.colcon_core.shell:Creating environment hook '/home/drymer/ros2_ws/install/action_tutorials_interfaces/share/action_tutorials_interfaces/hook/ld_library_path_lib.sh'
[10.389s] Level 1:colcon.colcon_core.environment:checking '/home/drymer/ros2_ws/install/action_tutorials_interfaces/bin'
[10.389s] Level 1:colcon.colcon_core.environment:checking '/home/drymer/ros2_ws/install/action_tutorials_interfaces/lib/pkgconfig/action_tutorials_interfaces.pc'
[10.390s] Level 1:colcon.colcon_core.environment:checking '/home/drymer/ros2_ws/install/action_tutorials_interfaces/lib/python3.10/site-packages'
[10.391s] Level 1:colcon.colcon_core.environment:checking '/home/drymer/ros2_ws/install/action_tutorials_interfaces/bin'
[10.391s] INFO:colcon.colcon_core.shell:Creating package script '/home/drymer/ros2_ws/install/action_tutorials_interfaces/share/action_tutorials_interfaces/package.ps1'
[10.392s] INFO:colcon.colcon_core.shell:Creating package descriptor '/home/drymer/ros2_ws/install/action_tutorials_interfaces/share/action_tutorials_interfaces/package.dsv'
[10.392s] INFO:colcon.colcon_core.shell:Creating package script '/home/drymer/ros2_ws/install/action_tutorials_interfaces/share/action_tutorials_interfaces/package.sh'
[10.393s] INFO:colcon.colcon_core.shell:Creating package script '/home/drymer/ros2_ws/install/action_tutorials_interfaces/share/action_tutorials_interfaces/package.bash'
[10.393s] INFO:colcon.colcon_core.shell:Creating package script '/home/drymer/ros2_ws/install/action_tutorials_interfaces/share/action_tutorials_interfaces/package.zsh'
[10.394s] Level 1:colcon.colcon_core.environment:create_file_with_runtime_dependencies(/home/drymer/ros2_ws/install/action_tutorials_interfaces/share/colcon-core/packages/action_tutorials_interfaces)
[10.394s] DEBUG:colcon.colcon_parallel_executor.executor.parallel:closing loop
[10.394s] DEBUG:colcon.colcon_parallel_executor.executor.parallel:loop closed
[10.394s] DEBUG:colcon.colcon_parallel_executor.executor.parallel:run_until_complete finished with '0'
[10.394s] DEBUG:colcon.colcon_core.event_reactor:joining thread
[10.470s] INFO:colcon.colcon_core.plugin_system:Skipping extension 'colcon_notification.desktop_notification.notify_send': Could not find 'notify-send'
[10.470s] INFO:colcon.colcon_core.plugin_system:Skipping extension 'colcon_notification.desktop_notification.terminal_notifier': Not used on non-Darwin systems
[10.470s] INFO:colcon.colcon_core.plugin_system:Skipping extension 'colcon_notification.desktop_notification.win32': Not used on non-Windows systems
[10.470s] INFO:colcon.colcon_notification.desktop_notification:Sending desktop notification using 'notify2'
[10.470s] DEBUG:colcon.colcon_notification.desktop_notification.notify2:Failed to initialize notify2: org.freedesktop.DBus.Error.FileNotFound: Failed to connect to socket /run/user/1000/bus: No such file or directory
[10.471s] DEBUG:colcon.colcon_core.event_reactor:joined thread
[10.471s] INFO:colcon.colcon_core.shell:Creating prefix script '/home/drymer/ros2_ws/install/local_setup.ps1'
[10.473s] INFO:colcon.colcon_core.shell:Creating prefix util module '/home/drymer/ros2_ws/install/_local_setup_util_ps1.py'
[10.475s] INFO:colcon.colcon_core.shell:Creating prefix chain script '/home/drymer/ros2_ws/install/setup.ps1'
[10.477s] INFO:colcon.colcon_core.shell:Creating prefix script '/home/drymer/ros2_ws/install/local_setup.sh'
[10.478s] INFO:colcon.colcon_core.shell:Creating prefix util module '/home/drymer/ros2_ws/install/_local_setup_util_sh.py'
[10.478s] INFO:colcon.colcon_core.shell:Creating prefix chain script '/home/drymer/ros2_ws/install/setup.sh'
[10.480s] INFO:colcon.colcon_core.shell:Creating prefix script '/home/drymer/ros2_ws/install/local_setup.bash'
[10.481s] INFO:colcon.colcon_core.shell:Creating prefix chain script '/home/drymer/ros2_ws/install/setup.bash'
[10.483s] INFO:colcon.colcon_core.shell:Creating prefix script '/home/drymer/ros2_ws/install/local_setup.zsh'
[10.484s] INFO:colcon.colcon_core.shell:Creating prefix chain script '/home/drymer/ros2_ws/install/setup.zsh'
