[0.797s] Invoking command in '/home/drymer/ros2_ws/src/py_srvcli': PYTHONPATH=/home/drymer/ros2_ws/build/py_srvcli/prefix_override:/home/drymer/.local/lib/python3.10/site-packages/colcon_core/task/python/colcon_distutils_commands:/home/drymer/ros2_ws/install/py_srvcli/lib/python3.10/site-packages:${PYTHONPATH} /usr/bin/python3 -W ignore:setup.py install is deprecated setup.py egg_info --egg-base ../../build/py_srvcli build --build-base /home/drymer/ros2_ws/build/py_srvcli/build install --record /home/drymer/ros2_ws/build/py_srvcli/install.log --single-version-externally-managed install_data
[1.029s] running egg_info
[1.030s] creating ../../build/py_srvcli/py_srvcli.egg-info
[1.030s] writing ../../build/py_srvcli/py_srvcli.egg-info/PKG-INFO
[1.030s] writing dependency_links to ../../build/py_srvcli/py_srvcli.egg-info/dependency_links.txt
[1.031s] writing entry points to ../../build/py_srvcli/py_srvcli.egg-info/entry_points.txt
[1.031s] writing requirements to ../../build/py_srvcli/py_srvcli.egg-info/requires.txt
[1.031s] writing top-level names to ../../build/py_srvcli/py_srvcli.egg-info/top_level.txt
[1.031s] writing manifest file '../../build/py_srvcli/py_srvcli.egg-info/SOURCES.txt'
[1.033s] reading manifest file '../../build/py_srvcli/py_srvcli.egg-info/SOURCES.txt'
[1.033s] adding license file 'LICENSE'
[1.033s] writing manifest file '../../build/py_srvcli/py_srvcli.egg-info/SOURCES.txt'
[1.036s] running build
[1.036s] running build_py
[1.036s] creating /home/drymer/ros2_ws/build/py_srvcli/build
[1.037s] creating /home/drymer/ros2_ws/build/py_srvcli/build/lib
[1.037s] creating /home/drymer/ros2_ws/build/py_srvcli/build/lib/py_srvcli
[1.037s] copying py_srvcli/__init__.py -> /home/drymer/ros2_ws/build/py_srvcli/build/lib/py_srvcli
[1.037s] copying py_srvcli/service_member_function.py -> /home/drymer/ros2_ws/build/py_srvcli/build/lib/py_srvcli
[1.037s] copying py_srvcli/client_member_function.py -> /home/drymer/ros2_ws/build/py_srvcli/build/lib/py_srvcli
[1.038s] running install
[1.038s] running install_lib
[1.038s] creating /home/drymer/ros2_ws/install/py_srvcli/lib/python3.10/site-packages/py_srvcli
[1.039s] copying /home/drymer/ros2_ws/build/py_srvcli/build/lib/py_srvcli/__init__.py -> /home/drymer/ros2_ws/install/py_srvcli/lib/python3.10/site-packages/py_srvcli
[1.039s] copying /home/drymer/ros2_ws/build/py_srvcli/build/lib/py_srvcli/service_member_function.py -> /home/drymer/ros2_ws/install/py_srvcli/lib/python3.10/site-packages/py_srvcli
[1.039s] copying /home/drymer/ros2_ws/build/py_srvcli/build/lib/py_srvcli/client_member_function.py -> /home/drymer/ros2_ws/install/py_srvcli/lib/python3.10/site-packages/py_srvcli
[1.039s] byte-compiling /home/drymer/ros2_ws/install/py_srvcli/lib/python3.10/site-packages/py_srvcli/__init__.py to __init__.cpython-310.pyc
[1.039s] byte-compiling /home/drymer/ros2_ws/install/py_srvcli/lib/python3.10/site-packages/py_srvcli/service_member_function.py to service_member_function.cpython-310.pyc
[1.040s] byte-compiling /home/drymer/ros2_ws/install/py_srvcli/lib/python3.10/site-packages/py_srvcli/client_member_function.py to client_member_function.cpython-310.pyc
[1.040s] running install_data
[1.040s] creating /home/drymer/ros2_ws/install/py_srvcli/share/ament_index
[1.041s] creating /home/drymer/ros2_ws/install/py_srvcli/share/ament_index/resource_index
[1.041s] creating /home/drymer/ros2_ws/install/py_srvcli/share/ament_index/resource_index/packages
[1.041s] copying resource/py_srvcli -> /home/drymer/ros2_ws/install/py_srvcli/share/ament_index/resource_index/packages
[1.041s] copying package.xml -> /home/drymer/ros2_ws/install/py_srvcli/share/py_srvcli
[1.042s] running install_egg_info
[1.043s] Copying ../../build/py_srvcli/py_srvcli.egg-info to /home/drymer/ros2_ws/install/py_srvcli/lib/python3.10/site-packages/py_srvcli-0.0.0-py3.10.egg-info
[1.044s] running install_scripts
[1.063s] Installing client script to /home/drymer/ros2_ws/install/py_srvcli/lib/py_srvcli
[1.063s] Installing service script to /home/drymer/ros2_ws/install/py_srvcli/lib/py_srvcli
[1.063s] writing list of installed files to '/home/drymer/ros2_ws/build/py_srvcli/install.log'
[1.081s] Invoked command in '/home/drymer/ros2_ws/src/py_srvcli' returned '0': PYTHONPATH=/home/drymer/ros2_ws/build/py_srvcli/prefix_override:/home/drymer/.local/lib/python3.10/site-packages/colcon_core/task/python/colcon_distutils_commands:/home/drymer/ros2_ws/install/py_srvcli/lib/python3.10/site-packages:${PYTHONPATH} /usr/bin/python3 -W ignore:setup.py install is deprecated setup.py egg_info --egg-base ../../build/py_srvcli build --build-base /home/drymer/ros2_ws/build/py_srvcli/build install --record /home/drymer/ros2_ws/build/py_srvcli/install.log --single-version-externally-managed install_data
