[0.783s] Invoking command in '/home/drymer/ros2_ws/src/py_pubsub': PYTHONPATH=/home/drymer/ros2_ws/build/py_pubsub/prefix_override:/home/drymer/.local/lib/python3.10/site-packages/colcon_core/task/python/colcon_distutils_commands:/home/drymer/ros2_ws/install/py_pubsub/lib/python3.10/site-packages:${PYTHONPATH} /usr/bin/python3 -W ignore:setup.py install is deprecated setup.py egg_info --egg-base ../../build/py_pubsub build --build-base /home/drymer/ros2_ws/build/py_pubsub/build install --record /home/drymer/ros2_ws/build/py_pubsub/install.log --single-version-externally-managed install_data
[1.010s] running egg_info
[1.011s] creating ../../build/py_pubsub/py_pubsub.egg-info
[1.011s] writing ../../build/py_pubsub/py_pubsub.egg-info/PKG-INFO
[1.011s] writing dependency_links to ../../build/py_pubsub/py_pubsub.egg-info/dependency_links.txt
[1.011s] writing entry points to ../../build/py_pubsub/py_pubsub.egg-info/entry_points.txt
[1.012s] writing requirements to ../../build/py_pubsub/py_pubsub.egg-info/requires.txt
[1.012s] writing top-level names to ../../build/py_pubsub/py_pubsub.egg-info/top_level.txt
[1.012s] writing manifest file '../../build/py_pubsub/py_pubsub.egg-info/SOURCES.txt'
[1.015s] reading manifest file '../../build/py_pubsub/py_pubsub.egg-info/SOURCES.txt'
[1.015s] adding license file 'LICENSE'
[1.016s] writing manifest file '../../build/py_pubsub/py_pubsub.egg-info/SOURCES.txt'
[1.016s] running build
[1.016s] running build_py
[1.016s] creating /home/drymer/ros2_ws/build/py_pubsub/build
[1.017s] creating /home/drymer/ros2_ws/build/py_pubsub/build/lib
[1.017s] creating /home/drymer/ros2_ws/build/py_pubsub/build/lib/py_pubsub
[1.017s] copying py_pubsub/publisher_member_function.py -> /home/drymer/ros2_ws/build/py_pubsub/build/lib/py_pubsub
[1.018s] copying py_pubsub/__init__.py -> /home/drymer/ros2_ws/build/py_pubsub/build/lib/py_pubsub
[1.018s] copying py_pubsub/subscriber_member_function.py -> /home/drymer/ros2_ws/build/py_pubsub/build/lib/py_pubsub
[1.018s] running install
[1.018s] running install_lib
[1.019s] creating /home/drymer/ros2_ws/install/py_pubsub/lib/python3.10/site-packages/py_pubsub
[1.019s] copying /home/drymer/ros2_ws/build/py_pubsub/build/lib/py_pubsub/publisher_member_function.py -> /home/drymer/ros2_ws/install/py_pubsub/lib/python3.10/site-packages/py_pubsub
[1.019s] copying /home/drymer/ros2_ws/build/py_pubsub/build/lib/py_pubsub/__init__.py -> /home/drymer/ros2_ws/install/py_pubsub/lib/python3.10/site-packages/py_pubsub
[1.019s] copying /home/drymer/ros2_ws/build/py_pubsub/build/lib/py_pubsub/subscriber_member_function.py -> /home/drymer/ros2_ws/install/py_pubsub/lib/python3.10/site-packages/py_pubsub
[1.020s] byte-compiling /home/drymer/ros2_ws/install/py_pubsub/lib/python3.10/site-packages/py_pubsub/publisher_member_function.py to publisher_member_function.cpython-310.pyc
[1.020s] byte-compiling /home/drymer/ros2_ws/install/py_pubsub/lib/python3.10/site-packages/py_pubsub/__init__.py to __init__.cpython-310.pyc
[1.021s] byte-compiling /home/drymer/ros2_ws/install/py_pubsub/lib/python3.10/site-packages/py_pubsub/subscriber_member_function.py to subscriber_member_function.cpython-310.pyc
[1.021s] running install_data
[1.021s] creating /home/drymer/ros2_ws/install/py_pubsub/share/ament_index
[1.021s] creating /home/drymer/ros2_ws/install/py_pubsub/share/ament_index/resource_index
[1.022s] creating /home/drymer/ros2_ws/install/py_pubsub/share/ament_index/resource_index/packages
[1.022s] copying resource/py_pubsub -> /home/drymer/ros2_ws/install/py_pubsub/share/ament_index/resource_index/packages
[1.022s] copying package.xml -> /home/drymer/ros2_ws/install/py_pubsub/share/py_pubsub
[1.022s] running install_egg_info
[1.024s] Copying ../../build/py_pubsub/py_pubsub.egg-info to /home/drymer/ros2_ws/install/py_pubsub/lib/python3.10/site-packages/py_pubsub-0.0.0-py3.10.egg-info
[1.024s] running install_scripts
[1.043s] Installing listener script to /home/drymer/ros2_ws/install/py_pubsub/lib/py_pubsub
[1.043s] Installing talker script to /home/drymer/ros2_ws/install/py_pubsub/lib/py_pubsub
[1.044s] writing list of installed files to '/home/drymer/ros2_ws/build/py_pubsub/install.log'
[1.061s] Invoked command in '/home/drymer/ros2_ws/src/py_pubsub' returned '0': PYTHONPATH=/home/drymer/ros2_ws/build/py_pubsub/prefix_override:/home/drymer/.local/lib/python3.10/site-packages/colcon_core/task/python/colcon_distutils_commands:/home/drymer/ros2_ws/install/py_pubsub/lib/python3.10/site-packages:${PYTHONPATH} /usr/bin/python3 -W ignore:setup.py install is deprecated setup.py egg_info --egg-base ../../build/py_pubsub build --build-base /home/drymer/ros2_ws/build/py_pubsub/build install --record /home/drymer/ros2_ws/build/py_pubsub/install.log --single-version-externally-managed install_data
