[0.756s] Invoking command in '/home/drymer/ros2_ws/src/py_srvcli': PYTHONPATH=/home/drymer/ros2_ws/build/py_srvcli/prefix_override:/home/drymer/.local/lib/python3.10/site-packages/colcon_core/task/python/colcon_distutils_commands:/home/drymer/ros2_ws/install/py_srvcli/lib/python3.10/site-packages:${PYTHONPATH} /usr/bin/python3 -W ignore:setup.py install is deprecated setup.py egg_info --egg-base ../../build/py_srvcli build --build-base /home/drymer/ros2_ws/build/py_srvcli/build install --record /home/drymer/ros2_ws/build/py_srvcli/install.log --single-version-externally-managed install_data
[0.971s] running egg_info
[0.972s] writing ../../build/py_srvcli/py_srvcli.egg-info/PKG-INFO
[0.972s] writing dependency_links to ../../build/py_srvcli/py_srvcli.egg-info/dependency_links.txt
[0.973s] writing entry points to ../../build/py_srvcli/py_srvcli.egg-info/entry_points.txt
[0.973s] writing requirements to ../../build/py_srvcli/py_srvcli.egg-info/requires.txt
[0.973s] writing top-level names to ../../build/py_srvcli/py_srvcli.egg-info/top_level.txt
[0.975s] reading manifest file '../../build/py_srvcli/py_srvcli.egg-info/SOURCES.txt'
[0.975s] adding license file 'LICENSE'
[0.976s] writing manifest file '../../build/py_srvcli/py_srvcli.egg-info/SOURCES.txt'
[0.976s] running build
[0.976s] running build_py
[0.976s] copying py_srvcli/client_member_function.py -> /home/drymer/ros2_ws/build/py_srvcli/build/lib/py_srvcli
[0.976s] running install
[0.976s] running install_lib
[0.977s] copying /home/drymer/ros2_ws/build/py_srvcli/build/lib/py_srvcli/client_member_function.py -> /home/drymer/ros2_ws/install/py_srvcli/lib/python3.10/site-packages/py_srvcli
[0.978s] byte-compiling /home/drymer/ros2_ws/install/py_srvcli/lib/python3.10/site-packages/py_srvcli/client_member_function.py to client_member_function.cpython-310.pyc
[0.978s] running install_data
[0.979s] running install_egg_info
[0.980s] removing '/home/drymer/ros2_ws/install/py_srvcli/lib/python3.10/site-packages/py_srvcli-0.0.0-py3.10.egg-info' (and everything under it)
[0.981s] Copying ../../build/py_srvcli/py_srvcli.egg-info to /home/drymer/ros2_ws/install/py_srvcli/lib/python3.10/site-packages/py_srvcli-0.0.0-py3.10.egg-info
[0.981s] running install_scripts
[0.999s] Installing client script to /home/drymer/ros2_ws/install/py_srvcli/lib/py_srvcli
[1.000s] Installing service script to /home/drymer/ros2_ws/install/py_srvcli/lib/py_srvcli
[1.000s] writing list of installed files to '/home/drymer/ros2_ws/build/py_srvcli/install.log'
[1.018s] Invoked command in '/home/drymer/ros2_ws/src/py_srvcli' returned '0': PYTHONPATH=/home/drymer/ros2_ws/build/py_srvcli/prefix_override:/home/drymer/.local/lib/python3.10/site-packages/colcon_core/task/python/colcon_distutils_commands:/home/drymer/ros2_ws/install/py_srvcli/lib/python3.10/site-packages:${PYTHONPATH} /usr/bin/python3 -W ignore:setup.py install is deprecated setup.py egg_info --egg-base ../../build/py_srvcli build --build-base /home/drymer/ros2_ws/build/py_srvcli/build install --record /home/drymer/ros2_ws/build/py_srvcli/install.log --single-version-externally-managed install_data
