[0.688s] Invoking command in '/home/drymer/ros2_ws/src/python_parameters': PYTHONPATH=/home/drymer/ros2_ws/build/python_parameters/prefix_override:/home/drymer/.local/lib/python3.10/site-packages/colcon_core/task/python/colcon_distutils_commands:/home/drymer/ros2_ws/install/python_parameters/lib/python3.10/site-packages:${PYTHONPATH} /usr/bin/python3 -W ignore:setup.py install is deprecated setup.py egg_info --egg-base ../../build/python_parameters build --build-base /home/drymer/ros2_ws/build/python_parameters/build install --record /home/drymer/ros2_ws/build/python_parameters/install.log --single-version-externally-managed install_data
[0.905s] running egg_info
[0.906s] writing ../../build/python_parameters/python_parameters.egg-info/PKG-INFO
[0.906s] writing dependency_links to ../../build/python_parameters/python_parameters.egg-info/dependency_links.txt
[0.906s] writing entry points to ../../build/python_parameters/python_parameters.egg-info/entry_points.txt
[0.906s] writing requirements to ../../build/python_parameters/python_parameters.egg-info/requires.txt
[0.907s] writing top-level names to ../../build/python_parameters/python_parameters.egg-info/top_level.txt
[0.908s] reading manifest file '../../build/python_parameters/python_parameters.egg-info/SOURCES.txt'
[0.909s] adding license file 'LICENSE'
[0.909s] writing manifest file '../../build/python_parameters/python_parameters.egg-info/SOURCES.txt'
[0.909s] running build
[0.909s] running build_py
[0.910s] copying python_parameters/python_parameters_node.py -> /home/drymer/ros2_ws/build/python_parameters/build/lib/python_parameters
[0.910s] running install
[0.911s] running install_lib
[0.912s] copying /home/drymer/ros2_ws/build/python_parameters/build/lib/python_parameters/python_parameters_node.py -> /home/drymer/ros2_ws/install/python_parameters/lib/python3.10/site-packages/python_parameters
[0.913s] byte-compiling /home/drymer/ros2_ws/install/python_parameters/lib/python3.10/site-packages/python_parameters/python_parameters_node.py to python_parameters_node.cpython-310.pyc
[0.913s] running install_data
[0.914s] running install_egg_info
[0.915s] removing '/home/drymer/ros2_ws/install/python_parameters/lib/python3.10/site-packages/python_parameters-0.0.0-py3.10.egg-info' (and everything under it)
[0.916s] Copying ../../build/python_parameters/python_parameters.egg-info to /home/drymer/ros2_ws/install/python_parameters/lib/python3.10/site-packages/python_parameters-0.0.0-py3.10.egg-info
[0.917s] running install_scripts
[0.935s] Installing minimal_param_node script to /home/drymer/ros2_ws/install/python_parameters/lib/python_parameters
[0.935s] writing list of installed files to '/home/drymer/ros2_ws/build/python_parameters/install.log'
[0.955s] Invoked command in '/home/drymer/ros2_ws/src/python_parameters' returned '0': PYTHONPATH=/home/drymer/ros2_ws/build/python_parameters/prefix_override:/home/drymer/.local/lib/python3.10/site-packages/colcon_core/task/python/colcon_distutils_commands:/home/drymer/ros2_ws/install/python_parameters/lib/python3.10/site-packages:${PYTHONPATH} /usr/bin/python3 -W ignore:setup.py install is deprecated setup.py egg_info --egg-base ../../build/python_parameters build --build-base /home/drymer/ros2_ws/build/python_parameters/build install --record /home/drymer/ros2_ws/build/python_parameters/install.log --single-version-externally-managed install_data
