[0.043s] Invoking command in '/home/drymer/ros2_ws/build/action_tutorials_interfaces': CMAKE_PREFIX_PATH=${CMAKE_PREFIX_PATH}:/home/drymer/launch_ws/install/launch_tutorial:/home/drymer/launch_ws/install/py_launch_example:/home/drymer/launch_ws/src/install/py_launch_example:/home/drymer/ros2_ws/install/python_parameters:/home/drymer/ros2_ws/install/py_pubsub:/home/drymer/ros2_ws/install/py_srvcli:/home/drymer/ros2_ws/install/my_package:/opt/ros/humble /usr/bin/cmake /home/drymer/ros2_ws/src/action_tutorials_interfaces -DCMAKE_INSTALL_PREFIX=/home/drymer/ros2_ws/install/action_tutorials_interfaces
[0.696s] -- The C compiler identification is GNU 11.4.0
[1.190s] -- The CXX compiler identification is GNU 11.4.0
[1.978s] -- Detecting C compiler ABI info
[2.252s] -- Detecting C compiler ABI info - done
[2.267s] -- Check for working C compiler: /usr/bin/cc - skipped
[2.276s] -- Detecting C compile features
[2.277s] -- Detecting C compile features - done
[2.283s] -- Detecting CXX compiler ABI info
[2.495s] -- Detecting CXX compiler ABI info - done
[2.503s] -- Check for working CXX compiler: /usr/bin/c++ - skipped
[2.503s] -- Detecting CXX compile features
[2.504s] -- Detecting CXX compile features - done
[2.510s] -- Found ament_cmake: 1.3.10 (/opt/ros/humble/share/ament_cmake/cmake)
[2.717s] -- Found Python3: /usr/bin/python3 (found version "3.10.12") found components: Interpreter 
[2.842s] -- Found rosidl_default_generators: 1.2.0 (/opt/ros/humble/share/rosidl_default_generators/cmake)
[2.848s] -- Using all available rosidl_typesupport_c: rosidl_typesupport_fastrtps_c;rosidl_typesupport_introspection_c
[2.859s] -- Found rosidl_adapter: 3.1.5 (/opt/ros/humble/share/rosidl_adapter/cmake)
[3.137s] -- Using all available rosidl_typesupport_cpp: rosidl_typesupport_fastrtps_cpp;rosidl_typesupport_introspection_cpp
[3.656s] -- Found ament_cmake_ros: 0.10.0 (/opt/ros/humble/share/ament_cmake_ros/cmake)
[3.953s] -- Using all available rosidl_typesupport_c: rosidl_typesupport_fastrtps_c;rosidl_typesupport_introspection_c
[4.287s] -- Using all available rosidl_typesupport_cpp: rosidl_typesupport_fastrtps_cpp;rosidl_typesupport_introspection_cpp
[4.518s] -- Found PythonInterp: /usr/bin/python3 (found suitable version "3.10.12", minimum required is "3.6") 
[4.523s] -- Found python_cmake_module: 0.10.0 (/opt/ros/humble/share/python_cmake_module/cmake)
[5.191s] -- Found PythonLibs: /usr/lib/x86_64-linux-gnu/libpython3.10.so (found suitable version "3.10.12", minimum required is "3.5") 
[5.191s] -- Using PYTHON_EXECUTABLE: /usr/bin/python3
[5.191s] -- Using PYTHON_INCLUDE_DIRS: /usr/include/python3.10
[5.191s] -- Using PYTHON_LIBRARIES: /usr/lib/x86_64-linux-gnu/libpython3.10.so
[5.216s] -- Found PythonExtra: .so  
[5.331s] -- Found ament_lint_auto: 0.12.11 (/opt/ros/humble/share/ament_lint_auto/cmake)
[5.359s] -- Added test 'lint_cmake' to check CMake code style
[5.361s] -- Added test 'xmllint' to check XML markup files
[5.364s] -- Configuring done
[5.404s] -- Generating done
[5.406s] -- Build files have been written to: /home/drymer/ros2_ws/build/action_tutorials_interfaces
[5.414s] Invoked command in '/home/drymer/ros2_ws/build/action_tutorials_interfaces' returned '0': CMAKE_PREFIX_PATH=${CMAKE_PREFIX_PATH}:/home/drymer/launch_ws/install/launch_tutorial:/home/drymer/launch_ws/install/py_launch_example:/home/drymer/launch_ws/src/install/py_launch_example:/home/drymer/ros2_ws/install/python_parameters:/home/drymer/ros2_ws/install/py_pubsub:/home/drymer/ros2_ws/install/py_srvcli:/home/drymer/ros2_ws/install/my_package:/opt/ros/humble /usr/bin/cmake /home/drymer/ros2_ws/src/action_tutorials_interfaces -DCMAKE_INSTALL_PREFIX=/home/drymer/ros2_ws/install/action_tutorials_interfaces
[5.415s] Invoking command in '/home/drymer/ros2_ws/build/action_tutorials_interfaces': CMAKE_PREFIX_PATH=${CMAKE_PREFIX_PATH}:/home/drymer/launch_ws/install/launch_tutorial:/home/drymer/launch_ws/install/py_launch_example:/home/drymer/launch_ws/src/install/py_launch_example:/home/drymer/ros2_ws/install/python_parameters:/home/drymer/ros2_ws/install/py_pubsub:/home/drymer/ros2_ws/install/py_srvcli:/home/drymer/ros2_ws/install/my_package:/opt/ros/humble /usr/bin/cmake --build /home/drymer/ros2_ws/build/action_tutorials_interfaces -- -j12 -l12
[5.448s] [  3%] [34m[1mGenerating C code for ROS interfaces[0m
[5.464s] [  3%] Built target ament_cmake_python_copy_action_tutorials_interfaces
[5.465s] [  6%] [34m[1mGenerating C++ code for ROS interfaces[0m
[5.786s] running egg_info
[5.786s] creating action_tutorials_interfaces.egg-info
[5.787s] writing action_tutorials_interfaces.egg-info/PKG-INFO
[5.787s] writing dependency_links to action_tutorials_interfaces.egg-info/dependency_links.txt
[5.787s] writing top-level names to action_tutorials_interfaces.egg-info/top_level.txt
[5.787s] writing manifest file 'action_tutorials_interfaces.egg-info/SOURCES.txt'
[5.789s] reading manifest file 'action_tutorials_interfaces.egg-info/SOURCES.txt'
[5.789s] writing manifest file 'action_tutorials_interfaces.egg-info/SOURCES.txt'
[5.815s] [  6%] Built target ament_cmake_python_build_action_tutorials_interfaces_egg
[5.914s] [  9%] [32mBuilding C object CMakeFiles/action_tutorials_interfaces__rosidl_generator_c.dir/rosidl_generator_c/action_tutorials_interfaces/action/detail/fibonacci__functions.c.o[0m
[5.952s] [  9%] Built target action_tutorials_interfaces__cpp
[5.961s] [ 16%] [34m[1mGenerating C++ type support dispatch for ROS interfaces[0m
[5.962s] [ 16%] [34m[1mGenerating C++ type support for eProsima Fast-RTPS[0m
[5.963s] [ 19%] [34m[1mGenerating C++ introspection for ROS interfaces[0m
[6.090s] [ 22%] [32m[1mLinking C shared library libaction_tutorials_interfaces__rosidl_generator_c.so[0m
[6.261s] [ 22%] Built target action_tutorials_interfaces__rosidl_generator_c
[6.272s] [ 29%] [34m[1mGenerating C type support for eProsima Fast-RTPS[0m
[6.272s] [ 29%] [34m[1mGenerating C type support dispatch for ROS interfaces[0m
[6.273s] [ 32%] [34m[1mGenerating C introspection for ROS interfaces[0m
[6.331s] [ 35%] [32mBuilding CXX object CMakeFiles/action_tutorials_interfaces__rosidl_typesupport_cpp.dir/rosidl_typesupport_cpp/action_tutorials_interfaces/action/fibonacci__type_support.cpp.o[0m
[6.458s] [ 38%] [32mBuilding CXX object CMakeFiles/action_tutorials_interfaces__rosidl_typesupport_introspection_cpp.dir/rosidl_typesupport_introspection_cpp/action_tutorials_interfaces/action/detail/fibonacci__type_support.cpp.o[0m
[6.585s] [ 41%] [32mBuilding CXX object CMakeFiles/action_tutorials_interfaces__rosidl_typesupport_fastrtps_cpp.dir/rosidl_typesupport_fastrtps_cpp/action_tutorials_interfaces/action/detail/dds_fastrtps/fibonacci__type_support.cpp.o[0m
[6.701s] [ 45%] [32mBuilding CXX object CMakeFiles/action_tutorials_interfaces__rosidl_typesupport_c.dir/rosidl_typesupport_c/action_tutorials_interfaces/action/fibonacci__type_support.cpp.o[0m
[6.778s] [ 48%] [32m[1mLinking CXX shared library libaction_tutorials_interfaces__rosidl_typesupport_c.so[0m
[6.834s] [ 51%] [32mBuilding C object CMakeFiles/action_tutorials_interfaces__rosidl_typesupport_introspection_c.dir/rosidl_typesupport_introspection_c/action_tutorials_interfaces/action/detail/fibonacci__type_support.c.o[0m
[6.884s] [ 54%] [32mBuilding CXX object CMakeFiles/action_tutorials_interfaces__rosidl_typesupport_fastrtps_c.dir/rosidl_typesupport_fastrtps_c/action_tutorials_interfaces/action/detail/fibonacci__type_support_c.cpp.o[0m
[6.908s] [ 58%] [32m[1mLinking C shared library libaction_tutorials_interfaces__rosidl_typesupport_introspection_c.so[0m
[6.957s] [ 58%] Built target action_tutorials_interfaces__rosidl_typesupport_c
[7.068s] [ 61%] [32m[1mLinking CXX shared library libaction_tutorials_interfaces__rosidl_typesupport_cpp.so[0m
[7.071s] [ 61%] Built target action_tutorials_interfaces__rosidl_typesupport_introspection_c
[7.241s] [ 61%] Built target action_tutorials_interfaces__rosidl_typesupport_cpp
[7.317s] [ 64%] [32m[1mLinking CXX shared library libaction_tutorials_interfaces__rosidl_typesupport_introspection_cpp.so[0m
[7.383s] [ 67%] [32m[1mLinking CXX shared library libaction_tutorials_interfaces__rosidl_typesupport_fastrtps_c.so[0m
[7.394s] [ 70%] [32m[1mLinking CXX shared library libaction_tutorials_interfaces__rosidl_typesupport_fastrtps_cpp.so[0m
[7.520s] [ 70%] Built target action_tutorials_interfaces__rosidl_typesupport_introspection_cpp
[7.567s] [ 70%] Built target action_tutorials_interfaces__rosidl_typesupport_fastrtps_cpp
[7.573s] [ 70%] Built target action_tutorials_interfaces__rosidl_typesupport_fastrtps_c
[7.592s] [ 70%] Built target action_tutorials_interfaces
[7.611s] [ 74%] [34m[1mGenerating Python code for ROS interfaces[0m
[8.346s] [ 74%] Built target action_tutorials_interfaces__py
[8.365s] [ 77%] [32mBuilding C object CMakeFiles/action_tutorials_interfaces__rosidl_generator_py.dir/rosidl_generator_py/action_tutorials_interfaces/action/_fibonacci_s.c.o[0m
[8.567s] [ 80%] [32m[1mLinking C shared library rosidl_generator_py/action_tutorials_interfaces/libaction_tutorials_interfaces__rosidl_generator_py.so[0m
[8.755s] [ 80%] Built target action_tutorials_interfaces__rosidl_generator_py
[8.777s] [ 83%] [32mBuilding C object CMakeFiles/action_tutorials_interfaces__rosidl_typesupport_introspection_c__pyext.dir/rosidl_generator_py/action_tutorials_interfaces/_action_tutorials_interfaces_s.ep.rosidl_typesupport_introspection_c.c.o[0m
[8.780s] [ 87%] [32mBuilding C object CMakeFiles/action_tutorials_interfaces__rosidl_typesupport_c__pyext.dir/rosidl_generator_py/action_tutorials_interfaces/_action_tutorials_interfaces_s.ep.rosidl_typesupport_c.c.o[0m
[8.780s] [ 90%] [32mBuilding C object CMakeFiles/action_tutorials_interfaces__rosidl_typesupport_fastrtps_c__pyext.dir/rosidl_generator_py/action_tutorials_interfaces/_action_tutorials_interfaces_s.ep.rosidl_typesupport_fastrtps_c.c.o[0m
[8.948s] [ 93%] [32m[1mLinking C shared library rosidl_generator_py/action_tutorials_interfaces/action_tutorials_interfaces_s__rosidl_typesupport_c.cpython-310-x86_64-linux-gnu.so[0m
[8.950s] [ 96%] [32m[1mLinking C shared library rosidl_generator_py/action_tutorials_interfaces/action_tutorials_interfaces_s__rosidl_typesupport_fastrtps_c.cpython-310-x86_64-linux-gnu.so[0m
[8.966s] [100%] [32m[1mLinking C shared library rosidl_generator_py/action_tutorials_interfaces/action_tutorials_interfaces_s__rosidl_typesupport_introspection_c.cpython-310-x86_64-linux-gnu.so[0m
[9.087s] [100%] Built target action_tutorials_interfaces__rosidl_typesupport_fastrtps_c__pyext
[9.087s] [100%] Built target action_tutorials_interfaces__rosidl_typesupport_c__pyext
[9.133s] [100%] Built target action_tutorials_interfaces__rosidl_typesupport_introspection_c__pyext
[9.144s] Invoked command in '/home/drymer/ros2_ws/build/action_tutorials_interfaces' returned '0': CMAKE_PREFIX_PATH=${CMAKE_PREFIX_PATH}:/home/drymer/launch_ws/install/launch_tutorial:/home/drymer/launch_ws/install/py_launch_example:/home/drymer/launch_ws/src/install/py_launch_example:/home/drymer/ros2_ws/install/python_parameters:/home/drymer/ros2_ws/install/py_pubsub:/home/drymer/ros2_ws/install/py_srvcli:/home/drymer/ros2_ws/install/my_package:/opt/ros/humble /usr/bin/cmake --build /home/drymer/ros2_ws/build/action_tutorials_interfaces -- -j12 -l12
[9.210s] Invoking command in '/home/drymer/ros2_ws/build/action_tutorials_interfaces': CMAKE_PREFIX_PATH=${CMAKE_PREFIX_PATH}:/home/drymer/launch_ws/install/launch_tutorial:/home/drymer/launch_ws/install/py_launch_example:/home/drymer/launch_ws/src/install/py_launch_example:/home/drymer/ros2_ws/install/python_parameters:/home/drymer/ros2_ws/install/py_pubsub:/home/drymer/ros2_ws/install/py_srvcli:/home/drymer/ros2_ws/install/my_package:/opt/ros/humble /usr/bin/cmake --install /home/drymer/ros2_ws/build/action_tutorials_interfaces
[9.217s] -- Install configuration: ""
[9.218s] -- Installing: /home/drymer/ros2_ws/install/action_tutorials_interfaces/share/ament_index/resource_index/rosidl_interfaces/action_tutorials_interfaces
[9.218s] -- Installing: /home/drymer/ros2_ws/install/action_tutorials_interfaces/include/action_tutorials_interfaces/action_tutorials_interfaces
[9.219s] -- Installing: /home/drymer/ros2_ws/install/action_tutorials_interfaces/include/action_tutorials_interfaces/action_tutorials_interfaces/action
[9.219s] -- Installing: /home/drymer/ros2_ws/install/action_tutorials_interfaces/include/action_tutorials_interfaces/action_tutorials_interfaces/action/detail
[9.219s] -- Installing: /home/drymer/ros2_ws/install/action_tutorials_interfaces/include/action_tutorials_interfaces/action_tutorials_interfaces/action/detail/fibonacci__type_support.h
[9.220s] -- Installing: /home/drymer/ros2_ws/install/action_tutorials_interfaces/include/action_tutorials_interfaces/action_tutorials_interfaces/action/detail/fibonacci__struct.h
[9.220s] -- Installing: /home/drymer/ros2_ws/install/action_tutorials_interfaces/include/action_tutorials_interfaces/action_tutorials_interfaces/action/detail/fibonacci__functions.h
[9.220s] -- Installing: /home/drymer/ros2_ws/install/action_tutorials_interfaces/include/action_tutorials_interfaces/action_tutorials_interfaces/action/detail/fibonacci__functions.c
[9.220s] -- Installing: /home/drymer/ros2_ws/install/action_tutorials_interfaces/include/action_tutorials_interfaces/action_tutorials_interfaces/action/fibonacci.h
[9.221s] -- Installing: /home/drymer/ros2_ws/install/action_tutorials_interfaces/include/action_tutorials_interfaces/action_tutorials_interfaces/msg
[9.221s] -- Installing: /home/drymer/ros2_ws/install/action_tutorials_interfaces/include/action_tutorials_interfaces/action_tutorials_interfaces/msg/rosidl_generator_c__visibility_control.h
[9.221s] -- Installing: /home/drymer/ros2_ws/install/action_tutorials_interfaces/share/action_tutorials_interfaces/environment/library_path.sh
[9.221s] -- Installing: /home/drymer/ros2_ws/install/action_tutorials_interfaces/share/action_tutorials_interfaces/environment/library_path.dsv
[9.221s] -- Installing: /home/drymer/ros2_ws/install/action_tutorials_interfaces/lib/libaction_tutorials_interfaces__rosidl_generator_c.so
[9.222s] -- Set runtime path of "/home/drymer/ros2_ws/install/action_tutorials_interfaces/lib/libaction_tutorials_interfaces__rosidl_generator_c.so" to ""
[9.222s] -- Up-to-date: /home/drymer/ros2_ws/install/action_tutorials_interfaces/include/action_tutorials_interfaces/action_tutorials_interfaces
[9.223s] -- Up-to-date: /home/drymer/ros2_ws/install/action_tutorials_interfaces/include/action_tutorials_interfaces/action_tutorials_interfaces/action
[9.223s] -- Up-to-date: /home/drymer/ros2_ws/install/action_tutorials_interfaces/include/action_tutorials_interfaces/action_tutorials_interfaces/action/detail
[9.223s] -- Installing: /home/drymer/ros2_ws/install/action_tutorials_interfaces/include/action_tutorials_interfaces/action_tutorials_interfaces/action/detail/fibonacci__rosidl_typesupport_fastrtps_c.h
[9.223s] -- Up-to-date: /home/drymer/ros2_ws/install/action_tutorials_interfaces/include/action_tutorials_interfaces/action_tutorials_interfaces/msg
[9.223s] -- Installing: /home/drymer/ros2_ws/install/action_tutorials_interfaces/include/action_tutorials_interfaces/action_tutorials_interfaces/msg/rosidl_typesupport_fastrtps_c__visibility_control.h
[9.223s] -- Installing: /home/drymer/ros2_ws/install/action_tutorials_interfaces/lib/libaction_tutorials_interfaces__rosidl_typesupport_fastrtps_c.so
[9.224s] -- Set runtime path of "/home/drymer/ros2_ws/install/action_tutorials_interfaces/lib/libaction_tutorials_interfaces__rosidl_typesupport_fastrtps_c.so" to ""
[9.224s] -- Up-to-date: /home/drymer/ros2_ws/install/action_tutorials_interfaces/include/action_tutorials_interfaces/action_tutorials_interfaces
[9.224s] -- Up-to-date: /home/drymer/ros2_ws/install/action_tutorials_interfaces/include/action_tutorials_interfaces/action_tutorials_interfaces/action
[9.224s] -- Up-to-date: /home/drymer/ros2_ws/install/action_tutorials_interfaces/include/action_tutorials_interfaces/action_tutorials_interfaces/action/detail
[9.225s] -- Installing: /home/drymer/ros2_ws/install/action_tutorials_interfaces/include/action_tutorials_interfaces/action_tutorials_interfaces/action/detail/fibonacci__type_support.c
[9.225s] -- Installing: /home/drymer/ros2_ws/install/action_tutorials_interfaces/include/action_tutorials_interfaces/action_tutorials_interfaces/action/detail/fibonacci__rosidl_typesupport_introspection_c.h
[9.225s] -- Up-to-date: /home/drymer/ros2_ws/install/action_tutorials_interfaces/include/action_tutorials_interfaces/action_tutorials_interfaces/msg
[9.225s] -- Installing: /home/drymer/ros2_ws/install/action_tutorials_interfaces/include/action_tutorials_interfaces/action_tutorials_interfaces/msg/rosidl_typesupport_introspection_c__visibility_control.h
[9.225s] -- Installing: /home/drymer/ros2_ws/install/action_tutorials_interfaces/lib/libaction_tutorials_interfaces__rosidl_typesupport_introspection_c.so
[9.225s] -- Set runtime path of "/home/drymer/ros2_ws/install/action_tutorials_interfaces/lib/libaction_tutorials_interfaces__rosidl_typesupport_introspection_c.so" to ""
[9.225s] -- Installing: /home/drymer/ros2_ws/install/action_tutorials_interfaces/lib/libaction_tutorials_interfaces__rosidl_typesupport_c.so
[9.226s] -- Set runtime path of "/home/drymer/ros2_ws/install/action_tutorials_interfaces/lib/libaction_tutorials_interfaces__rosidl_typesupport_c.so" to ""
[9.226s] -- Up-to-date: /home/drymer/ros2_ws/install/action_tutorials_interfaces/include/action_tutorials_interfaces/action_tutorials_interfaces
[9.226s] -- Up-to-date: /home/drymer/ros2_ws/install/action_tutorials_interfaces/include/action_tutorials_interfaces/action_tutorials_interfaces/action
[9.226s] -- Up-to-date: /home/drymer/ros2_ws/install/action_tutorials_interfaces/include/action_tutorials_interfaces/action_tutorials_interfaces/action/detail
[9.227s] -- Installing: /home/drymer/ros2_ws/install/action_tutorials_interfaces/include/action_tutorials_interfaces/action_tutorials_interfaces/action/detail/fibonacci__builder.hpp
[9.227s] -- Installing: /home/drymer/ros2_ws/install/action_tutorials_interfaces/include/action_tutorials_interfaces/action_tutorials_interfaces/action/detail/fibonacci__traits.hpp
[9.227s] -- Installing: /home/drymer/ros2_ws/install/action_tutorials_interfaces/include/action_tutorials_interfaces/action_tutorials_interfaces/action/detail/fibonacci__struct.hpp
[9.227s] -- Installing: /home/drymer/ros2_ws/install/action_tutorials_interfaces/include/action_tutorials_interfaces/action_tutorials_interfaces/action/fibonacci.hpp
[9.227s] -- Up-to-date: /home/drymer/ros2_ws/install/action_tutorials_interfaces/include/action_tutorials_interfaces/action_tutorials_interfaces
[9.228s] -- Up-to-date: /home/drymer/ros2_ws/install/action_tutorials_interfaces/include/action_tutorials_interfaces/action_tutorials_interfaces/action
[9.228s] -- Up-to-date: /home/drymer/ros2_ws/install/action_tutorials_interfaces/include/action_tutorials_interfaces/action_tutorials_interfaces/action/detail
[9.228s] -- Installing: /home/drymer/ros2_ws/install/action_tutorials_interfaces/include/action_tutorials_interfaces/action_tutorials_interfaces/action/detail/dds_fastrtps
[9.228s] -- Installing: /home/drymer/ros2_ws/install/action_tutorials_interfaces/include/action_tutorials_interfaces/action_tutorials_interfaces/action/detail/fibonacci__rosidl_typesupport_fastrtps_cpp.hpp
[9.229s] -- Up-to-date: /home/drymer/ros2_ws/install/action_tutorials_interfaces/include/action_tutorials_interfaces/action_tutorials_interfaces/msg
[9.229s] -- Installing: /home/drymer/ros2_ws/install/action_tutorials_interfaces/include/action_tutorials_interfaces/action_tutorials_interfaces/msg/rosidl_typesupport_fastrtps_cpp__visibility_control.h
[9.229s] -- Installing: /home/drymer/ros2_ws/install/action_tutorials_interfaces/lib/libaction_tutorials_interfaces__rosidl_typesupport_fastrtps_cpp.so
[9.229s] -- Set runtime path of "/home/drymer/ros2_ws/install/action_tutorials_interfaces/lib/libaction_tutorials_interfaces__rosidl_typesupport_fastrtps_cpp.so" to ""
[9.229s] -- Up-to-date: /home/drymer/ros2_ws/install/action_tutorials_interfaces/include/action_tutorials_interfaces/action_tutorials_interfaces
[9.230s] -- Up-to-date: /home/drymer/ros2_ws/install/action_tutorials_interfaces/include/action_tutorials_interfaces/action_tutorials_interfaces/action
[9.230s] -- Up-to-date: /home/drymer/ros2_ws/install/action_tutorials_interfaces/include/action_tutorials_interfaces/action_tutorials_interfaces/action/detail
[9.230s] -- Installing: /home/drymer/ros2_ws/install/action_tutorials_interfaces/include/action_tutorials_interfaces/action_tutorials_interfaces/action/detail/fibonacci__rosidl_typesupport_introspection_cpp.hpp
[9.230s] -- Installing: /home/drymer/ros2_ws/install/action_tutorials_interfaces/include/action_tutorials_interfaces/action_tutorials_interfaces/action/detail/fibonacci__type_support.cpp
[9.230s] -- Installing: /home/drymer/ros2_ws/install/action_tutorials_interfaces/lib/libaction_tutorials_interfaces__rosidl_typesupport_introspection_cpp.so
[9.231s] -- Set runtime path of "/home/drymer/ros2_ws/install/action_tutorials_interfaces/lib/libaction_tutorials_interfaces__rosidl_typesupport_introspection_cpp.so" to ""
[9.231s] -- Installing: /home/drymer/ros2_ws/install/action_tutorials_interfaces/lib/libaction_tutorials_interfaces__rosidl_typesupport_cpp.so
[9.231s] -- Set runtime path of "/home/drymer/ros2_ws/install/action_tutorials_interfaces/lib/libaction_tutorials_interfaces__rosidl_typesupport_cpp.so" to ""
[9.231s] -- Installing: /home/drymer/ros2_ws/install/action_tutorials_interfaces/share/action_tutorials_interfaces/environment/pythonpath.sh
[9.231s] -- Installing: /home/drymer/ros2_ws/install/action_tutorials_interfaces/share/action_tutorials_interfaces/environment/pythonpath.dsv
[9.231s] -- Installing: /home/drymer/ros2_ws/install/action_tutorials_interfaces/local/lib/python3.10/dist-packages/action_tutorials_interfaces-0.0.0-py3.10.egg-info
[9.232s] -- Installing: /home/drymer/ros2_ws/install/action_tutorials_interfaces/local/lib/python3.10/dist-packages/action_tutorials_interfaces-0.0.0-py3.10.egg-info/PKG-INFO
[9.232s] -- Installing: /home/drymer/ros2_ws/install/action_tutorials_interfaces/local/lib/python3.10/dist-packages/action_tutorials_interfaces-0.0.0-py3.10.egg-info/top_level.txt
[9.232s] -- Installing: /home/drymer/ros2_ws/install/action_tutorials_interfaces/local/lib/python3.10/dist-packages/action_tutorials_interfaces-0.0.0-py3.10.egg-info/dependency_links.txt
[9.232s] -- Installing: /home/drymer/ros2_ws/install/action_tutorials_interfaces/local/lib/python3.10/dist-packages/action_tutorials_interfaces-0.0.0-py3.10.egg-info/SOURCES.txt
[9.233s] -- Installing: /home/drymer/ros2_ws/install/action_tutorials_interfaces/local/lib/python3.10/dist-packages/action_tutorials_interfaces
[9.233s] -- Installing: /home/drymer/ros2_ws/install/action_tutorials_interfaces/local/lib/python3.10/dist-packages/action_tutorials_interfaces/__init__.py
[9.233s] -- Installing: /home/drymer/ros2_ws/install/action_tutorials_interfaces/local/lib/python3.10/dist-packages/action_tutorials_interfaces/action
[9.233s] -- Installing: /home/drymer/ros2_ws/install/action_tutorials_interfaces/local/lib/python3.10/dist-packages/action_tutorials_interfaces/action/__init__.py
[9.234s] -- Installing: /home/drymer/ros2_ws/install/action_tutorials_interfaces/local/lib/python3.10/dist-packages/action_tutorials_interfaces/action/_fibonacci.py
[9.234s] -- Installing: /home/drymer/ros2_ws/install/action_tutorials_interfaces/local/lib/python3.10/dist-packages/action_tutorials_interfaces/action/_fibonacci_s.c
[9.234s] -- Installing: /home/drymer/ros2_ws/install/action_tutorials_interfaces/local/lib/python3.10/dist-packages/action_tutorials_interfaces/action_tutorials_interfaces_s__rosidl_typesupport_introspection_c.cpython-310-x86_64-linux-gnu.so
[9.234s] -- Installing: /home/drymer/ros2_ws/install/action_tutorials_interfaces/local/lib/python3.10/dist-packages/action_tutorials_interfaces/action_tutorials_interfaces_s__rosidl_typesupport_c.cpython-310-x86_64-linux-gnu.so
[9.235s] -- Installing: /home/drymer/ros2_ws/install/action_tutorials_interfaces/local/lib/python3.10/dist-packages/action_tutorials_interfaces/action_tutorials_interfaces_s__rosidl_typesupport_fastrtps_c.cpython-310-x86_64-linux-gnu.so
[9.235s] -- Installing: /home/drymer/ros2_ws/install/action_tutorials_interfaces/local/lib/python3.10/dist-packages/action_tutorials_interfaces/_action_tutorials_interfaces_s.ep.rosidl_typesupport_introspection_c.c
[9.235s] -- Installing: /home/drymer/ros2_ws/install/action_tutorials_interfaces/local/lib/python3.10/dist-packages/action_tutorials_interfaces/_action_tutorials_interfaces_s.ep.rosidl_typesupport_c.c
[9.235s] -- Installing: /home/drymer/ros2_ws/install/action_tutorials_interfaces/local/lib/python3.10/dist-packages/action_tutorials_interfaces/_action_tutorials_interfaces_s.ep.rosidl_typesupport_fastrtps_c.c
[9.235s] -- Installing: /home/drymer/ros2_ws/install/action_tutorials_interfaces/local/lib/python3.10/dist-packages/action_tutorials_interfaces/libaction_tutorials_interfaces__rosidl_generator_py.so
[9.284s] Listing '/home/drymer/ros2_ws/install/action_tutorials_interfaces/local/lib/python3.10/dist-packages/action_tutorials_interfaces'...
[9.284s] Compiling '/home/drymer/ros2_ws/install/action_tutorials_interfaces/local/lib/python3.10/dist-packages/action_tutorials_interfaces/__init__.py'...
[9.284s] Listing '/home/drymer/ros2_ws/install/action_tutorials_interfaces/local/lib/python3.10/dist-packages/action_tutorials_interfaces/action'...
[9.284s] Compiling '/home/drymer/ros2_ws/install/action_tutorials_interfaces/local/lib/python3.10/dist-packages/action_tutorials_interfaces/action/__init__.py'...
[9.284s] Compiling '/home/drymer/ros2_ws/install/action_tutorials_interfaces/local/lib/python3.10/dist-packages/action_tutorials_interfaces/action/_fibonacci.py'...
[9.289s] -- Installing: /home/drymer/ros2_ws/install/action_tutorials_interfaces/local/lib/python3.10/dist-packages/action_tutorials_interfaces/action_tutorials_interfaces_s__rosidl_typesupport_fastrtps_c.cpython-310-x86_64-linux-gnu.so
[9.290s] -- Set runtime path of "/home/drymer/ros2_ws/install/action_tutorials_interfaces/local/lib/python3.10/dist-packages/action_tutorials_interfaces/action_tutorials_interfaces_s__rosidl_typesupport_fastrtps_c.cpython-310-x86_64-linux-gnu.so" to ""
[9.290s] -- Installing: /home/drymer/ros2_ws/install/action_tutorials_interfaces/local/lib/python3.10/dist-packages/action_tutorials_interfaces/action_tutorials_interfaces_s__rosidl_typesupport_introspection_c.cpython-310-x86_64-linux-gnu.so
[9.291s] -- Set runtime path of "/home/drymer/ros2_ws/install/action_tutorials_interfaces/local/lib/python3.10/dist-packages/action_tutorials_interfaces/action_tutorials_interfaces_s__rosidl_typesupport_introspection_c.cpython-310-x86_64-linux-gnu.so" to ""
[9.291s] -- Installing: /home/drymer/ros2_ws/install/action_tutorials_interfaces/local/lib/python3.10/dist-packages/action_tutorials_interfaces/action_tutorials_interfaces_s__rosidl_typesupport_c.cpython-310-x86_64-linux-gnu.so
[9.292s] -- Set runtime path of "/home/drymer/ros2_ws/install/action_tutorials_interfaces/local/lib/python3.10/dist-packages/action_tutorials_interfaces/action_tutorials_interfaces_s__rosidl_typesupport_c.cpython-310-x86_64-linux-gnu.so" to ""
[9.292s] -- Installing: /home/drymer/ros2_ws/install/action_tutorials_interfaces/lib/libaction_tutorials_interfaces__rosidl_generator_py.so
[9.292s] -- Set runtime path of "/home/drymer/ros2_ws/install/action_tutorials_interfaces/lib/libaction_tutorials_interfaces__rosidl_generator_py.so" to ""
[9.293s] -- Installing: /home/drymer/ros2_ws/install/action_tutorials_interfaces/share/action_tutorials_interfaces/action/Fibonacci.idl
[9.293s] -- Installing: /home/drymer/ros2_ws/install/action_tutorials_interfaces/share/action_tutorials_interfaces/action/Fibonacci.action
[9.293s] -- Installing: /home/drymer/ros2_ws/install/action_tutorials_interfaces/share/ament_index/resource_index/package_run_dependencies/action_tutorials_interfaces
[9.294s] -- Installing: /home/drymer/ros2_ws/install/action_tutorials_interfaces/share/ament_index/resource_index/parent_prefix_path/action_tutorials_interfaces
[9.294s] -- Installing: /home/drymer/ros2_ws/install/action_tutorials_interfaces/share/action_tutorials_interfaces/environment/ament_prefix_path.sh
[9.295s] -- Installing: /home/drymer/ros2_ws/install/action_tutorials_interfaces/share/action_tutorials_interfaces/environment/ament_prefix_path.dsv
[9.295s] -- Installing: /home/drymer/ros2_ws/install/action_tutorials_interfaces/share/action_tutorials_interfaces/environment/path.sh
[9.295s] -- Installing: /home/drymer/ros2_ws/install/action_tutorials_interfaces/share/action_tutorials_interfaces/environment/path.dsv
[9.295s] -- Installing: /home/drymer/ros2_ws/install/action_tutorials_interfaces/share/action_tutorials_interfaces/local_setup.bash
[9.295s] -- Installing: /home/drymer/ros2_ws/install/action_tutorials_interfaces/share/action_tutorials_interfaces/local_setup.sh
[9.296s] -- Installing: /home/drymer/ros2_ws/install/action_tutorials_interfaces/share/action_tutorials_interfaces/local_setup.zsh
[9.296s] -- Installing: /home/drymer/ros2_ws/install/action_tutorials_interfaces/share/action_tutorials_interfaces/local_setup.dsv
[9.296s] -- Installing: /home/drymer/ros2_ws/install/action_tutorials_interfaces/share/action_tutorials_interfaces/package.dsv
[9.296s] -- Installing: /home/drymer/ros2_ws/install/action_tutorials_interfaces/share/ament_index/resource_index/packages/action_tutorials_interfaces
[9.296s] -- Installing: /home/drymer/ros2_ws/install/action_tutorials_interfaces/share/action_tutorials_interfaces/cmake/export_action_tutorials_interfaces__rosidl_generator_cExport.cmake
[9.297s] -- Installing: /home/drymer/ros2_ws/install/action_tutorials_interfaces/share/action_tutorials_interfaces/cmake/export_action_tutorials_interfaces__rosidl_generator_cExport-noconfig.cmake
[9.297s] -- Installing: /home/drymer/ros2_ws/install/action_tutorials_interfaces/share/action_tutorials_interfaces/cmake/export_action_tutorials_interfaces__rosidl_typesupport_fastrtps_cExport.cmake
[9.297s] -- Installing: /home/drymer/ros2_ws/install/action_tutorials_interfaces/share/action_tutorials_interfaces/cmake/export_action_tutorials_interfaces__rosidl_typesupport_fastrtps_cExport-noconfig.cmake
[9.297s] -- Installing: /home/drymer/ros2_ws/install/action_tutorials_interfaces/share/action_tutorials_interfaces/cmake/action_tutorials_interfaces__rosidl_typesupport_introspection_cExport.cmake
[9.298s] -- Installing: /home/drymer/ros2_ws/install/action_tutorials_interfaces/share/action_tutorials_interfaces/cmake/action_tutorials_interfaces__rosidl_typesupport_introspection_cExport-noconfig.cmake
[9.298s] -- Installing: /home/drymer/ros2_ws/install/action_tutorials_interfaces/share/action_tutorials_interfaces/cmake/action_tutorials_interfaces__rosidl_typesupport_cExport.cmake
[9.298s] -- Installing: /home/drymer/ros2_ws/install/action_tutorials_interfaces/share/action_tutorials_interfaces/cmake/action_tutorials_interfaces__rosidl_typesupport_cExport-noconfig.cmake
[9.299s] -- Installing: /home/drymer/ros2_ws/install/action_tutorials_interfaces/share/action_tutorials_interfaces/cmake/export_action_tutorials_interfaces__rosidl_generator_cppExport.cmake
[9.299s] -- Installing: /home/drymer/ros2_ws/install/action_tutorials_interfaces/share/action_tutorials_interfaces/cmake/export_action_tutorials_interfaces__rosidl_typesupport_fastrtps_cppExport.cmake
[9.299s] -- Installing: /home/drymer/ros2_ws/install/action_tutorials_interfaces/share/action_tutorials_interfaces/cmake/export_action_tutorials_interfaces__rosidl_typesupport_fastrtps_cppExport-noconfig.cmake
[9.299s] -- Installing: /home/drymer/ros2_ws/install/action_tutorials_interfaces/share/action_tutorials_interfaces/cmake/action_tutorials_interfaces__rosidl_typesupport_introspection_cppExport.cmake
[9.300s] -- Installing: /home/drymer/ros2_ws/install/action_tutorials_interfaces/share/action_tutorials_interfaces/cmake/action_tutorials_interfaces__rosidl_typesupport_introspection_cppExport-noconfig.cmake
[9.300s] -- Installing: /home/drymer/ros2_ws/install/action_tutorials_interfaces/share/action_tutorials_interfaces/cmake/action_tutorials_interfaces__rosidl_typesupport_cppExport.cmake
[9.300s] -- Installing: /home/drymer/ros2_ws/install/action_tutorials_interfaces/share/action_tutorials_interfaces/cmake/action_tutorials_interfaces__rosidl_typesupport_cppExport-noconfig.cmake
[9.300s] -- Installing: /home/drymer/ros2_ws/install/action_tutorials_interfaces/share/action_tutorials_interfaces/cmake/export_action_tutorials_interfaces__rosidl_generator_pyExport.cmake
[9.300s] -- Installing: /home/drymer/ros2_ws/install/action_tutorials_interfaces/share/action_tutorials_interfaces/cmake/export_action_tutorials_interfaces__rosidl_generator_pyExport-noconfig.cmake
[9.301s] -- Installing: /home/drymer/ros2_ws/install/action_tutorials_interfaces/share/action_tutorials_interfaces/cmake/rosidl_cmake-extras.cmake
[9.301s] -- Installing: /home/drymer/ros2_ws/install/action_tutorials_interfaces/share/action_tutorials_interfaces/cmake/ament_cmake_export_dependencies-extras.cmake
[9.301s] -- Installing: /home/drymer/ros2_ws/install/action_tutorials_interfaces/share/action_tutorials_interfaces/cmake/ament_cmake_export_include_directories-extras.cmake
[9.301s] -- Installing: /home/drymer/ros2_ws/install/action_tutorials_interfaces/share/action_tutorials_interfaces/cmake/ament_cmake_export_libraries-extras.cmake
[9.301s] -- Installing: /home/drymer/ros2_ws/install/action_tutorials_interfaces/share/action_tutorials_interfaces/cmake/ament_cmake_export_targets-extras.cmake
[9.301s] -- Installing: /home/drymer/ros2_ws/install/action_tutorials_interfaces/share/action_tutorials_interfaces/cmake/rosidl_cmake_export_typesupport_targets-extras.cmake
[9.301s] -- Installing: /home/drymer/ros2_ws/install/action_tutorials_interfaces/share/action_tutorials_interfaces/cmake/rosidl_cmake_export_typesupport_libraries-extras.cmake
[9.302s] -- Installing: /home/drymer/ros2_ws/install/action_tutorials_interfaces/share/action_tutorials_interfaces/cmake/action_tutorials_interfacesConfig.cmake
[9.302s] -- Installing: /home/drymer/ros2_ws/install/action_tutorials_interfaces/share/action_tutorials_interfaces/cmake/action_tutorials_interfacesConfig-version.cmake
[9.302s] -- Installing: /home/drymer/ros2_ws/install/action_tutorials_interfaces/share/action_tutorials_interfaces/package.xml
[9.304s] Invoked command in '/home/drymer/ros2_ws/build/action_tutorials_interfaces' returned '0': CMAKE_PREFIX_PATH=${CMAKE_PREFIX_PATH}:/home/drymer/launch_ws/install/launch_tutorial:/home/drymer/launch_ws/install/py_launch_example:/home/drymer/launch_ws/src/install/py_launch_example:/home/drymer/ros2_ws/install/python_parameters:/home/drymer/ros2_ws/install/py_pubsub:/home/drymer/ros2_ws/install/py_srvcli:/home/drymer/ros2_ws/install/my_package:/opt/ros/humble /usr/bin/cmake --install /home/drymer/ros2_ws/build/action_tutorials_interfaces
