running egg_info
writing ../../build/my_package/my_package.egg-info/PKG-INFO
writing dependency_links to ../../build/my_package/my_package.egg-info/dependency_links.txt
writing entry points to ../../build/my_package/my_package.egg-info/entry_points.txt
writing requirements to ../../build/my_package/my_package.egg-info/requires.txt
writing top-level names to ../../build/my_package/my_package.egg-info/top_level.txt
reading manifest file '../../build/my_package/my_package.egg-info/SOURCES.txt'
adding license file 'LICENSE'
writing manifest file '../../build/my_package/my_package.egg-info/SOURCES.txt'
running build
running build_py
copying my_package/__init__.py -> /home/drymer/ros2_ws/build/my_package/build/lib/my_package
copying my_package/my_robot_driver.py -> /home/drymer/ros2_ws/build/my_package/build/lib/my_package
running install
running install_lib
copying /home/drymer/ros2_ws/build/my_package/build/lib/my_package/__init__.py -> /home/drymer/ros2_ws/install/my_package/lib/python3.10/site-packages/my_package
copying /home/drymer/ros2_ws/build/my_package/build/lib/my_package/my_robot_driver.py -> /home/drymer/ros2_ws/install/my_package/lib/python3.10/site-packages/my_package
byte-compiling /home/drymer/ros2_ws/install/my_package/lib/python3.10/site-packages/my_package/__init__.py to __init__.cpython-310.pyc
byte-compiling /home/drymer/ros2_ws/install/my_package/lib/python3.10/site-packages/my_package/my_robot_driver.py to my_robot_driver.cpython-310.pyc
running install_data
copying resource/my_package -> /home/drymer/ros2_ws/install/my_package/share/ament_index/resource_index/packages
creating /home/drymer/ros2_ws/install/my_package/share/my_package/launch
copying launch/robot_launch.py -> /home/drymer/ros2_ws/install/my_package/share/my_package/launch
creating /home/drymer/ros2_ws/install/my_package/share/my_package/worlds
copying worlds/my_world.wbt -> /home/drymer/ros2_ws/install/my_package/share/my_package/worlds
creating /home/drymer/ros2_ws/install/my_package/share/my_package/resource
copying resource/my_robot.urdf -> /home/drymer/ros2_ws/install/my_package/share/my_package/resource
copying package.xml -> /home/drymer/ros2_ws/install/my_package/share/my_package
running install_egg_info
removing '/home/drymer/ros2_ws/install/my_package/lib/python3.10/site-packages/my_package-0.0.0-py3.10.egg-info' (and everything under it)
Copying ../../build/my_package/my_package.egg-info to /home/drymer/ros2_ws/install/my_package/lib/python3.10/site-packages/my_package-0.0.0-py3.10.egg-info
running install_scripts
Installing my_robot_driver script to /home/drymer/ros2_ws/install/my_package/lib/my_package
writing list of installed files to '/home/drymer/ros2_ws/build/my_package/install.log'
