[1.698s] Invoking command in '/home/drymer/ros2_ws/src/my_package': PYTHONPATH=/home/drymer/ros2_ws/build/my_package/prefix_override:/home/drymer/.local/lib/python3.10/site-packages/colcon_core/task/python/colcon_distutils_commands:/home/drymer/ros2_ws/install/my_package/lib/python3.10/site-packages:${PYTHONPATH} /usr/bin/python3 -W ignore:setup.py install is deprecated setup.py egg_info --egg-base ../../build/my_package build --build-base /home/drymer/ros2_ws/build/my_package/build install --record /home/drymer/ros2_ws/build/my_package/install.log --single-version-externally-managed install_data
[2.150s] running egg_info
[2.157s] writing ../../build/my_package/my_package.egg-info/PKG-INFO
[2.158s] writing dependency_links to ../../build/my_package/my_package.egg-info/dependency_links.txt
[2.158s] writing entry points to ../../build/my_package/my_package.egg-info/entry_points.txt
[2.159s] writing requirements to ../../build/my_package/my_package.egg-info/requires.txt
[2.161s] writing top-level names to ../../build/my_package/my_package.egg-info/top_level.txt
[2.165s] reading manifest file '../../build/my_package/my_package.egg-info/SOURCES.txt'
[2.165s] adding license file 'LICENSE'
[2.166s] writing manifest file '../../build/my_package/my_package.egg-info/SOURCES.txt'
[2.168s] running build
[2.168s] running build_py
[2.171s] copying my_package/__init__.py -> /home/drymer/ros2_ws/build/my_package/build/lib/my_package
[2.175s] copying my_package/my_robot_driver.py -> /home/drymer/ros2_ws/build/my_package/build/lib/my_package
[2.176s] running install
[2.176s] running install_lib
[2.178s] copying /home/drymer/ros2_ws/build/my_package/build/lib/my_package/__init__.py -> /home/drymer/ros2_ws/install/my_package/lib/python3.10/site-packages/my_package
[2.186s] copying /home/drymer/ros2_ws/build/my_package/build/lib/my_package/my_robot_driver.py -> /home/drymer/ros2_ws/install/my_package/lib/python3.10/site-packages/my_package
[2.187s] byte-compiling /home/drymer/ros2_ws/install/my_package/lib/python3.10/site-packages/my_package/__init__.py to __init__.cpython-310.pyc
[2.188s] byte-compiling /home/drymer/ros2_ws/install/my_package/lib/python3.10/site-packages/my_package/my_robot_driver.py to my_robot_driver.cpython-310.pyc
[2.190s] running install_data
[2.190s] copying resource/my_package -> /home/drymer/ros2_ws/install/my_package/share/ament_index/resource_index/packages
[2.194s] creating /home/drymer/ros2_ws/install/my_package/share/my_package/launch
[2.194s] copying launch/robot_launch.py -> /home/drymer/ros2_ws/install/my_package/share/my_package/launch
[2.195s] creating /home/drymer/ros2_ws/install/my_package/share/my_package/worlds
[2.196s] copying worlds/my_world.wbt -> /home/drymer/ros2_ws/install/my_package/share/my_package/worlds
[2.196s] creating /home/drymer/ros2_ws/install/my_package/share/my_package/resource
[2.197s] copying resource/my_robot.urdf -> /home/drymer/ros2_ws/install/my_package/share/my_package/resource
[2.198s] copying package.xml -> /home/drymer/ros2_ws/install/my_package/share/my_package
[2.198s] running install_egg_info
[2.201s] removing '/home/drymer/ros2_ws/install/my_package/lib/python3.10/site-packages/my_package-0.0.0-py3.10.egg-info' (and everything under it)
[2.202s] Copying ../../build/my_package/my_package.egg-info to /home/drymer/ros2_ws/install/my_package/lib/python3.10/site-packages/my_package-0.0.0-py3.10.egg-info
[2.204s] running install_scripts
[2.249s] Installing my_robot_driver script to /home/drymer/ros2_ws/install/my_package/lib/my_package
[2.253s] writing list of installed files to '/home/drymer/ros2_ws/build/my_package/install.log'
[2.285s] Invoked command in '/home/drymer/ros2_ws/src/my_package' returned '0': PYTHONPATH=/home/drymer/ros2_ws/build/my_package/prefix_override:/home/drymer/.local/lib/python3.10/site-packages/colcon_core/task/python/colcon_distutils_commands:/home/drymer/ros2_ws/install/my_package/lib/python3.10/site-packages:${PYTHONPATH} /usr/bin/python3 -W ignore:setup.py install is deprecated setup.py egg_info --egg-base ../../build/my_package build --build-base /home/drymer/ros2_ws/build/my_package/build install --record /home/drymer/ros2_ws/build/my_package/install.log --single-version-externally-managed install_data
