[0.792s] Invoking command in '/home/drymer/ros2_ws/src/my_package': PYTHONPATH=/home/drymer/ros2_ws/build/my_package/prefix_override:/home/drymer/.local/lib/python3.10/site-packages/colcon_core/task/python/colcon_distutils_commands:/home/drymer/ros2_ws/install/my_package/lib/python3.10/site-packages:${PYTHONPATH} /usr/bin/python3 -W ignore:setup.py install is deprecated setup.py egg_info --egg-base ../../build/my_package build --build-base /home/drymer/ros2_ws/build/my_package/build install --record /home/drymer/ros2_ws/build/my_package/install.log --single-version-externally-managed install_data
[1.016s] running egg_info
[1.017s] creating ../../build/my_package/my_package.egg-info
[1.018s] writing ../../build/my_package/my_package.egg-info/PKG-INFO
[1.018s] writing dependency_links to ../../build/my_package/my_package.egg-info/dependency_links.txt
[1.019s] writing entry points to ../../build/my_package/my_package.egg-info/entry_points.txt
[1.019s] writing requirements to ../../build/my_package/my_package.egg-info/requires.txt
[1.019s] writing top-level names to ../../build/my_package/my_package.egg-info/top_level.txt
[1.020s] writing manifest file '../../build/my_package/my_package.egg-info/SOURCES.txt'
[1.021s] reading manifest file '../../build/my_package/my_package.egg-info/SOURCES.txt'
[1.021s] adding license file 'LICENSE'
[1.022s] writing manifest file '../../build/my_package/my_package.egg-info/SOURCES.txt'
[1.022s] running build
[1.022s] running build_py
[1.022s] creating /home/drymer/ros2_ws/build/my_package/build
[1.022s] creating /home/drymer/ros2_ws/build/my_package/build/lib
[1.023s] creating /home/drymer/ros2_ws/build/my_package/build/lib/my_package
[1.023s] copying my_package/__init__.py -> /home/drymer/ros2_ws/build/my_package/build/lib/my_package
[1.023s] copying my_package/my_node.py -> /home/drymer/ros2_ws/build/my_package/build/lib/my_package
[1.023s] running install
[1.023s] running install_lib
[1.024s] creating /home/drymer/ros2_ws/install/my_package/lib/python3.10/site-packages/my_package
[1.024s] copying /home/drymer/ros2_ws/build/my_package/build/lib/my_package/__init__.py -> /home/drymer/ros2_ws/install/my_package/lib/python3.10/site-packages/my_package
[1.024s] copying /home/drymer/ros2_ws/build/my_package/build/lib/my_package/my_node.py -> /home/drymer/ros2_ws/install/my_package/lib/python3.10/site-packages/my_package
[1.025s] byte-compiling /home/drymer/ros2_ws/install/my_package/lib/python3.10/site-packages/my_package/__init__.py to __init__.cpython-310.pyc
[1.025s] byte-compiling /home/drymer/ros2_ws/install/my_package/lib/python3.10/site-packages/my_package/my_node.py to my_node.cpython-310.pyc
[1.026s] running install_data
[1.026s] creating /home/drymer/ros2_ws/install/my_package/share/ament_index
[1.026s] creating /home/drymer/ros2_ws/install/my_package/share/ament_index/resource_index
[1.026s] creating /home/drymer/ros2_ws/install/my_package/share/ament_index/resource_index/packages
[1.026s] copying resource/my_package -> /home/drymer/ros2_ws/install/my_package/share/ament_index/resource_index/packages
[1.027s] copying package.xml -> /home/drymer/ros2_ws/install/my_package/share/my_package
[1.027s] running install_egg_info
[1.028s] Copying ../../build/my_package/my_package.egg-info to /home/drymer/ros2_ws/install/my_package/lib/python3.10/site-packages/my_package-0.0.0-py3.10.egg-info
[1.029s] running install_scripts
[1.049s] Installing my_node script to /home/drymer/ros2_ws/install/my_package/lib/my_package
[1.049s] writing list of installed files to '/home/drymer/ros2_ws/build/my_package/install.log'
[1.071s] Invoked command in '/home/drymer/ros2_ws/src/my_package' returned '0': PYTHONPATH=/home/drymer/ros2_ws/build/my_package/prefix_override:/home/drymer/.local/lib/python3.10/site-packages/colcon_core/task/python/colcon_distutils_commands:/home/drymer/ros2_ws/install/my_package/lib/python3.10/site-packages:${PYTHONPATH} /usr/bin/python3 -W ignore:setup.py install is deprecated setup.py egg_info --egg-base ../../build/my_package build --build-base /home/drymer/ros2_ws/build/my_package/build install --record /home/drymer/ros2_ws/build/my_package/install.log --single-version-externally-managed install_data
