[0.721s] Invoking command in '/home/drymer/ros2_ws/src/python_parameters': PYTHONPATH=/home/drymer/ros2_ws/build/python_parameters/prefix_override:/home/drymer/.local/lib/python3.10/site-packages/colcon_core/task/python/colcon_distutils_commands:/home/drymer/ros2_ws/install/python_parameters/lib/python3.10/site-packages:${PYTHONPATH} /usr/bin/python3 -W ignore:setup.py install is deprecated setup.py egg_info --egg-base ../../build/python_parameters build --build-base /home/drymer/ros2_ws/build/python_parameters/build install --record /home/drymer/ros2_ws/build/python_parameters/install.log --single-version-externally-managed install_data
[0.935s] running egg_info
[0.936s] writing ../../build/python_parameters/python_parameters.egg-info/PKG-INFO
[0.937s] writing dependency_links to ../../build/python_parameters/python_parameters.egg-info/dependency_links.txt
[0.937s] writing entry points to ../../build/python_parameters/python_parameters.egg-info/entry_points.txt
[0.937s] writing requirements to ../../build/python_parameters/python_parameters.egg-info/requires.txt
[0.937s] writing top-level names to ../../build/python_parameters/python_parameters.egg-info/top_level.txt
[0.939s] reading manifest file '../../build/python_parameters/python_parameters.egg-info/SOURCES.txt'
[0.940s] adding license file 'LICENSE'
[0.941s] writing manifest file '../../build/python_parameters/python_parameters.egg-info/SOURCES.txt'
[0.941s] running build
[0.941s] running build_py
[0.941s] running install
[0.942s] running install_lib
[0.943s] running install_data
[0.943s] copying launch/python_parameters_launch.py -> /home/drymer/ros2_ws/install/python_parameters/share/python_parameters
[0.943s] running install_egg_info
[0.945s] removing '/home/drymer/ros2_ws/install/python_parameters/lib/python3.10/site-packages/python_parameters-0.0.0-py3.10.egg-info' (and everything under it)
[0.945s] Copying ../../build/python_parameters/python_parameters.egg-info to /home/drymer/ros2_ws/install/python_parameters/lib/python3.10/site-packages/python_parameters-0.0.0-py3.10.egg-info
[0.947s] running install_scripts
[0.964s] Installing minimal_param_node script to /home/drymer/ros2_ws/install/python_parameters/lib/python_parameters
[0.965s] writing list of installed files to '/home/drymer/ros2_ws/build/python_parameters/install.log'
[0.981s] Invoked command in '/home/drymer/ros2_ws/src/python_parameters' returned '0': PYTHONPATH=/home/drymer/ros2_ws/build/python_parameters/prefix_override:/home/drymer/.local/lib/python3.10/site-packages/colcon_core/task/python/colcon_distutils_commands:/home/drymer/ros2_ws/install/python_parameters/lib/python3.10/site-packages:${PYTHONPATH} /usr/bin/python3 -W ignore:setup.py install is deprecated setup.py egg_info --egg-base ../../build/python_parameters build --build-base /home/drymer/ros2_ws/build/python_parameters/build install --record /home/drymer/ros2_ws/build/python_parameters/install.log --single-version-externally-managed install_data
