[1.683s] Invoking command in '/home/drymer/ros2_ws/src/python_parameters': PYTHONPATH=/home/drymer/ros2_ws/build/python_parameters/prefix_override:/home/drymer/.local/lib/python3.10/site-packages/colcon_core/task/python/colcon_distutils_commands:/home/drymer/ros2_ws/install/python_parameters/lib/python3.10/site-packages:${PYTHONPATH} /usr/bin/python3 -W ignore:setup.py install is deprecated setup.py egg_info --egg-base ../../build/python_parameters build --build-base /home/drymer/ros2_ws/build/python_parameters/build install --record /home/drymer/ros2_ws/build/python_parameters/install.log --single-version-externally-managed install_data
[2.119s] running egg_info
[2.121s] writing ../../build/python_parameters/python_parameters.egg-info/PKG-INFO
[2.122s] writing dependency_links to ../../build/python_parameters/python_parameters.egg-info/dependency_links.txt
[2.123s] writing entry points to ../../build/python_parameters/python_parameters.egg-info/entry_points.txt
[2.124s] writing requirements to ../../build/python_parameters/python_parameters.egg-info/requires.txt
[2.125s] writing top-level names to ../../build/python_parameters/python_parameters.egg-info/top_level.txt
[2.128s] reading manifest file '../../build/python_parameters/python_parameters.egg-info/SOURCES.txt'
[2.129s] adding license file 'LICENSE'
[2.130s] writing manifest file '../../build/python_parameters/python_parameters.egg-info/SOURCES.txt'
[2.131s] running build
[2.131s] running build_py
[2.132s] running install
[2.133s] running install_lib
[2.136s] running install_data
[2.136s] copying launch/python_parameters_launch.py -> /home/drymer/ros2_ws/install/python_parameters/share/python_parameters
[2.137s] running install_egg_info
[2.142s] removing '/home/drymer/ros2_ws/install/python_parameters/lib/python3.10/site-packages/python_parameters-0.0.0-py3.10.egg-info' (and everything under it)
[2.143s] Copying ../../build/python_parameters/python_parameters.egg-info to /home/drymer/ros2_ws/install/python_parameters/lib/python3.10/site-packages/python_parameters-0.0.0-py3.10.egg-info
[2.153s] running install_scripts
[2.189s] Installing minimal_param_node script to /home/drymer/ros2_ws/install/python_parameters/lib/python_parameters
[2.189s] writing list of installed files to '/home/drymer/ros2_ws/build/python_parameters/install.log'
[2.233s] Invoked command in '/home/drymer/ros2_ws/src/python_parameters' returned '0': PYTHONPATH=/home/drymer/ros2_ws/build/python_parameters/prefix_override:/home/drymer/.local/lib/python3.10/site-packages/colcon_core/task/python/colcon_distutils_commands:/home/drymer/ros2_ws/install/python_parameters/lib/python3.10/site-packages:${PYTHONPATH} /usr/bin/python3 -W ignore:setup.py install is deprecated setup.py egg_info --egg-base ../../build/python_parameters build --build-base /home/drymer/ros2_ws/build/python_parameters/build install --record /home/drymer/ros2_ws/build/python_parameters/install.log --single-version-externally-managed install_data
