[0.012s] Invoking command in '/home/drymer/ros2_ws/build/turtlesim': CMAKE_PREFIX_PATH=${CMAKE_PREFIX_PATH}:/opt/ros/humble /usr/bin/cmake --build /home/drymer/ros2_ws/build/turtlesim -- -j12 -l12
[0.050s] [35m[1mConsolidate compiler generated dependencies of target turtlesim__rosidl_generator_c[0m
[0.058s] [  1%] Built target turtlesim__cpp
[0.063s] [ 11%] Built target turtlesim__rosidl_generator_c
[0.071s] [35m[1mConsolidate compiler generated dependencies of target turtlesim__rosidl_typesupport_cpp[0m
[0.071s] [35m[1mConsolidate compiler generated dependencies of target turtlesim__rosidl_typesupport_introspection_cpp[0m
[0.071s] [ 11%] Built target ament_cmake_python_copy_turtlesim
[0.073s] [35m[1mConsolidate compiler generated dependencies of target turtlesim__rosidl_typesupport_fastrtps_cpp[0m
[0.074s] [35m[1mConsolidate compiler generated dependencies of target turtlesim__rosidl_typesupport_c[0m
[0.075s] [35m[1mConsolidate compiler generated dependencies of target turtlesim__rosidl_typesupport_fastrtps_c[0m
[0.076s] [35m[1mConsolidate compiler generated dependencies of target turtlesim__rosidl_typesupport_introspection_c[0m
[0.090s] [ 21%] Built target turtlesim__rosidl_typesupport_c
[0.092s] [ 31%] Built target turtlesim__rosidl_typesupport_introspection_c
[0.093s] [ 41%] Built target turtlesim__rosidl_typesupport_cpp
[0.094s] [ 51%] Built target turtlesim__rosidl_typesupport_introspection_cpp
[0.100s] [ 61%] Built target turtlesim__rosidl_typesupport_fastrtps_cpp
[0.101s] [ 71%] Built target turtlesim__rosidl_typesupport_fastrtps_c
[0.105s] [35m[1mConsolidate compiler generated dependencies of target turtle_teleop_key[0m
[0.105s] [35m[1mConsolidate compiler generated dependencies of target mimic[0m
[0.106s] [35m[1mConsolidate compiler generated dependencies of target draw_square[0m
[0.112s] [35m[1mConsolidate compiler generated dependencies of target turtlesim_node[0m
[0.122s] [ 71%] Built target turtlesim
[0.125s] [ 73%] Built target mimic
[0.126s] [ 74%] [32m[1mLinking CXX executable turtle_teleop_key[0m
[0.131s] [ 76%] Built target draw_square
[0.149s] [ 77%] Built target turtlesim__py
[0.154s] [ 78%] [32mBuilding CXX object CMakeFiles/turtlesim_node.dir/src/turtle_frame.cpp.o[0m
[0.161s] [35m[1mConsolidate compiler generated dependencies of target turtlesim__rosidl_generator_py[0m
[0.183s] [ 87%] Built target turtlesim__rosidl_generator_py
[0.196s] [35m[1mConsolidate compiler generated dependencies of target turtlesim__rosidl_typesupport_c__pyext[0m
[0.196s] [35m[1mConsolidate compiler generated dependencies of target turtlesim__rosidl_typesupport_introspection_c__pyext[0m
[0.196s] [35m[1mConsolidate compiler generated dependencies of target turtlesim__rosidl_typesupport_fastrtps_c__pyext[0m
[0.214s] [ 91%] Built target turtlesim__rosidl_typesupport_fastrtps_c__pyext
[0.215s] [ 91%] Built target turtlesim__rosidl_typesupport_c__pyext
[0.215s] [ 93%] Built target turtlesim__rosidl_typesupport_introspection_c__pyext
[0.397s] running egg_info
[0.398s] writing turtlesim.egg-info/PKG-INFO
[0.398s] writing dependency_links to turtlesim.egg-info/dependency_links.txt
[0.398s] writing top-level names to turtlesim.egg-info/top_level.txt
[0.400s] reading manifest file 'turtlesim.egg-info/SOURCES.txt'
[0.401s] writing manifest file 'turtlesim.egg-info/SOURCES.txt'
[0.435s] [ 93%] Built target ament_cmake_python_build_turtlesim_egg
[0.527s] [ 94%] Built target turtle_teleop_key
[10.737s] [ 95%] [32m[1mLinking CXX executable turtlesim_node[0m
[12.662s] [100%] Built target turtlesim_node
[12.673s] Invoked command in '/home/drymer/ros2_ws/build/turtlesim' returned '0': CMAKE_PREFIX_PATH=${CMAKE_PREFIX_PATH}:/opt/ros/humble /usr/bin/cmake --build /home/drymer/ros2_ws/build/turtlesim -- -j12 -l12
[12.882s] Invoking command in '/home/drymer/ros2_ws/build/turtlesim': CMAKE_PREFIX_PATH=${CMAKE_PREFIX_PATH}:/opt/ros/humble /usr/bin/cmake --install /home/drymer/ros2_ws/build/turtlesim
[12.888s] -- Install configuration: ""
[12.888s] -- Up-to-date: /home/drymer/ros2_ws/install/turtlesim/share/ament_index/resource_index/rosidl_interfaces/turtlesim
[12.888s] -- Up-to-date: /home/drymer/ros2_ws/install/turtlesim/include/turtlesim/turtlesim
[12.888s] -- Up-to-date: /home/drymer/ros2_ws/install/turtlesim/include/turtlesim/turtlesim/action
[12.889s] -- Up-to-date: /home/drymer/ros2_ws/install/turtlesim/include/turtlesim/turtlesim/action/detail
[12.889s] -- Up-to-date: /home/drymer/ros2_ws/install/turtlesim/include/turtlesim/turtlesim/action/detail/rotate_absolute__functions.h
[12.889s] -- Up-to-date: /home/drymer/ros2_ws/install/turtlesim/include/turtlesim/turtlesim/action/detail/rotate_absolute__functions.c
[12.889s] -- Up-to-date: /home/drymer/ros2_ws/install/turtlesim/include/turtlesim/turtlesim/action/detail/rotate_absolute__struct.h
[12.889s] -- Up-to-date: /home/drymer/ros2_ws/install/turtlesim/include/turtlesim/turtlesim/action/detail/rotate_absolute__type_support.h
[12.889s] -- Up-to-date: /home/drymer/ros2_ws/install/turtlesim/include/turtlesim/turtlesim/action/rotate_absolute.h
[12.890s] -- Up-to-date: /home/drymer/ros2_ws/install/turtlesim/include/turtlesim/turtlesim/srv
[12.890s] -- Up-to-date: /home/drymer/ros2_ws/install/turtlesim/include/turtlesim/turtlesim/srv/kill.h
[12.890s] -- Up-to-date: /home/drymer/ros2_ws/install/turtlesim/include/turtlesim/turtlesim/srv/teleport_relative.h
[12.890s] -- Up-to-date: /home/drymer/ros2_ws/install/turtlesim/include/turtlesim/turtlesim/srv/detail
[12.890s] -- Up-to-date: /home/drymer/ros2_ws/install/turtlesim/include/turtlesim/turtlesim/srv/detail/spawn__struct.h
[12.890s] -- Up-to-date: /home/drymer/ros2_ws/install/turtlesim/include/turtlesim/turtlesim/srv/detail/teleport_absolute__type_support.h
[12.890s] -- Up-to-date: /home/drymer/ros2_ws/install/turtlesim/include/turtlesim/turtlesim/srv/detail/teleport_absolute__functions.c
[12.891s] -- Up-to-date: /home/drymer/ros2_ws/install/turtlesim/include/turtlesim/turtlesim/srv/detail/teleport_absolute__struct.h
[12.891s] -- Up-to-date: /home/drymer/ros2_ws/install/turtlesim/include/turtlesim/turtlesim/srv/detail/spawn__type_support.h
[12.891s] -- Up-to-date: /home/drymer/ros2_ws/install/turtlesim/include/turtlesim/turtlesim/srv/detail/kill__struct.h
[12.891s] -- Up-to-date: /home/drymer/ros2_ws/install/turtlesim/include/turtlesim/turtlesim/srv/detail/teleport_absolute__functions.h
[12.891s] -- Up-to-date: /home/drymer/ros2_ws/install/turtlesim/include/turtlesim/turtlesim/srv/detail/set_pen__struct.h
[12.892s] -- Up-to-date: /home/drymer/ros2_ws/install/turtlesim/include/turtlesim/turtlesim/srv/detail/kill__functions.h
[12.892s] -- Up-to-date: /home/drymer/ros2_ws/install/turtlesim/include/turtlesim/turtlesim/srv/detail/set_pen__type_support.h
[12.892s] -- Up-to-date: /home/drymer/ros2_ws/install/turtlesim/include/turtlesim/turtlesim/srv/detail/set_pen__functions.h
[12.892s] -- Up-to-date: /home/drymer/ros2_ws/install/turtlesim/include/turtlesim/turtlesim/srv/detail/teleport_relative__type_support.h
[12.892s] -- Up-to-date: /home/drymer/ros2_ws/install/turtlesim/include/turtlesim/turtlesim/srv/detail/set_pen__functions.c
[12.892s] -- Up-to-date: /home/drymer/ros2_ws/install/turtlesim/include/turtlesim/turtlesim/srv/detail/spawn__functions.c
[12.893s] -- Up-to-date: /home/drymer/ros2_ws/install/turtlesim/include/turtlesim/turtlesim/srv/detail/teleport_relative__struct.h
[12.894s] -- Up-to-date: /home/drymer/ros2_ws/install/turtlesim/include/turtlesim/turtlesim/srv/detail/teleport_relative__functions.c
[12.894s] -- Up-to-date: /home/drymer/ros2_ws/install/turtlesim/include/turtlesim/turtlesim/srv/detail/kill__type_support.h
[12.894s] -- Up-to-date: /home/drymer/ros2_ws/install/turtlesim/include/turtlesim/turtlesim/srv/detail/spawn__functions.h
[12.894s] -- Up-to-date: /home/drymer/ros2_ws/install/turtlesim/include/turtlesim/turtlesim/srv/detail/teleport_relative__functions.h
[12.894s] -- Up-to-date: /home/drymer/ros2_ws/install/turtlesim/include/turtlesim/turtlesim/srv/detail/kill__functions.c
[12.894s] -- Up-to-date: /home/drymer/ros2_ws/install/turtlesim/include/turtlesim/turtlesim/srv/teleport_absolute.h
[12.895s] -- Up-to-date: /home/drymer/ros2_ws/install/turtlesim/include/turtlesim/turtlesim/srv/spawn.h
[12.895s] -- Up-to-date: /home/drymer/ros2_ws/install/turtlesim/include/turtlesim/turtlesim/srv/set_pen.h
[12.895s] -- Up-to-date: /home/drymer/ros2_ws/install/turtlesim/include/turtlesim/turtlesim/msg
[12.896s] -- Up-to-date: /home/drymer/ros2_ws/install/turtlesim/include/turtlesim/turtlesim/msg/detail
[12.896s] -- Up-to-date: /home/drymer/ros2_ws/install/turtlesim/include/turtlesim/turtlesim/msg/detail/color__struct.h
[12.896s] -- Up-to-date: /home/drymer/ros2_ws/install/turtlesim/include/turtlesim/turtlesim/msg/detail/color__functions.h
[12.896s] -- Up-to-date: /home/drymer/ros2_ws/install/turtlesim/include/turtlesim/turtlesim/msg/detail/pose__functions.c
[12.897s] -- Up-to-date: /home/drymer/ros2_ws/install/turtlesim/include/turtlesim/turtlesim/msg/detail/color__functions.c
[12.897s] -- Up-to-date: /home/drymer/ros2_ws/install/turtlesim/include/turtlesim/turtlesim/msg/detail/color__type_support.h
[12.897s] -- Up-to-date: /home/drymer/ros2_ws/install/turtlesim/include/turtlesim/turtlesim/msg/detail/pose__struct.h
[12.897s] -- Up-to-date: /home/drymer/ros2_ws/install/turtlesim/include/turtlesim/turtlesim/msg/detail/pose__functions.h
[12.897s] -- Up-to-date: /home/drymer/ros2_ws/install/turtlesim/include/turtlesim/turtlesim/msg/detail/pose__type_support.h
[12.898s] -- Up-to-date: /home/drymer/ros2_ws/install/turtlesim/include/turtlesim/turtlesim/msg/rosidl_generator_c__visibility_control.h
[12.898s] -- Up-to-date: /home/drymer/ros2_ws/install/turtlesim/include/turtlesim/turtlesim/msg/color.h
[12.898s] -- Up-to-date: /home/drymer/ros2_ws/install/turtlesim/include/turtlesim/turtlesim/msg/pose.h
[12.898s] -- Up-to-date: /home/drymer/ros2_ws/install/turtlesim/share/turtlesim/environment/library_path.sh
[12.898s] -- Up-to-date: /home/drymer/ros2_ws/install/turtlesim/share/turtlesim/environment/library_path.dsv
[12.899s] -- Up-to-date: /home/drymer/ros2_ws/install/turtlesim/lib/libturtlesim__rosidl_generator_c.so
[12.899s] -- Up-to-date: /home/drymer/ros2_ws/install/turtlesim/include/turtlesim/turtlesim
[12.899s] -- Up-to-date: /home/drymer/ros2_ws/install/turtlesim/include/turtlesim/turtlesim/action
[12.899s] -- Up-to-date: /home/drymer/ros2_ws/install/turtlesim/include/turtlesim/turtlesim/action/detail
[12.899s] -- Up-to-date: /home/drymer/ros2_ws/install/turtlesim/include/turtlesim/turtlesim/action/detail/rotate_absolute__rosidl_typesupport_fastrtps_c.h
[12.900s] -- Up-to-date: /home/drymer/ros2_ws/install/turtlesim/include/turtlesim/turtlesim/srv
[12.900s] -- Up-to-date: /home/drymer/ros2_ws/install/turtlesim/include/turtlesim/turtlesim/srv/detail
[12.900s] -- Up-to-date: /home/drymer/ros2_ws/install/turtlesim/include/turtlesim/turtlesim/srv/detail/kill__rosidl_typesupport_fastrtps_c.h
[12.900s] -- Up-to-date: /home/drymer/ros2_ws/install/turtlesim/include/turtlesim/turtlesim/srv/detail/teleport_absolute__rosidl_typesupport_fastrtps_c.h
[12.900s] -- Up-to-date: /home/drymer/ros2_ws/install/turtlesim/include/turtlesim/turtlesim/srv/detail/teleport_relative__rosidl_typesupport_fastrtps_c.h
[12.900s] -- Up-to-date: /home/drymer/ros2_ws/install/turtlesim/include/turtlesim/turtlesim/srv/detail/set_pen__rosidl_typesupport_fastrtps_c.h
[12.900s] -- Up-to-date: /home/drymer/ros2_ws/install/turtlesim/include/turtlesim/turtlesim/srv/detail/spawn__rosidl_typesupport_fastrtps_c.h
[12.900s] -- Up-to-date: /home/drymer/ros2_ws/install/turtlesim/include/turtlesim/turtlesim/msg
[12.900s] -- Up-to-date: /home/drymer/ros2_ws/install/turtlesim/include/turtlesim/turtlesim/msg/detail
[12.900s] -- Up-to-date: /home/drymer/ros2_ws/install/turtlesim/include/turtlesim/turtlesim/msg/detail/pose__rosidl_typesupport_fastrtps_c.h
[12.901s] -- Up-to-date: /home/drymer/ros2_ws/install/turtlesim/include/turtlesim/turtlesim/msg/detail/color__rosidl_typesupport_fastrtps_c.h
[12.901s] -- Up-to-date: /home/drymer/ros2_ws/install/turtlesim/include/turtlesim/turtlesim/msg/rosidl_typesupport_fastrtps_c__visibility_control.h
[12.901s] -- Up-to-date: /home/drymer/ros2_ws/install/turtlesim/lib/libturtlesim__rosidl_typesupport_fastrtps_c.so
[12.901s] -- Up-to-date: /home/drymer/ros2_ws/install/turtlesim/include/turtlesim/turtlesim
[12.901s] -- Up-to-date: /home/drymer/ros2_ws/install/turtlesim/include/turtlesim/turtlesim/action
[12.901s] -- Up-to-date: /home/drymer/ros2_ws/install/turtlesim/include/turtlesim/turtlesim/action/rotate_absolute.hpp
[12.901s] -- Up-to-date: /home/drymer/ros2_ws/install/turtlesim/include/turtlesim/turtlesim/action/detail
[12.901s] -- Up-to-date: /home/drymer/ros2_ws/install/turtlesim/include/turtlesim/turtlesim/action/detail/rotate_absolute__traits.hpp
[12.901s] -- Up-to-date: /home/drymer/ros2_ws/install/turtlesim/include/turtlesim/turtlesim/action/detail/rotate_absolute__builder.hpp
[12.901s] -- Up-to-date: /home/drymer/ros2_ws/install/turtlesim/include/turtlesim/turtlesim/action/detail/rotate_absolute__struct.hpp
[12.901s] -- Up-to-date: /home/drymer/ros2_ws/install/turtlesim/include/turtlesim/turtlesim/srv
[12.901s] -- Up-to-date: /home/drymer/ros2_ws/install/turtlesim/include/turtlesim/turtlesim/srv/spawn.hpp
[12.901s] -- Up-to-date: /home/drymer/ros2_ws/install/turtlesim/include/turtlesim/turtlesim/srv/teleport_relative.hpp
[12.901s] -- Up-to-date: /home/drymer/ros2_ws/install/turtlesim/include/turtlesim/turtlesim/srv/teleport_absolute.hpp
[12.901s] -- Up-to-date: /home/drymer/ros2_ws/install/turtlesim/include/turtlesim/turtlesim/srv/set_pen.hpp
[12.901s] -- Up-to-date: /home/drymer/ros2_ws/install/turtlesim/include/turtlesim/turtlesim/srv/detail
[12.901s] -- Up-to-date: /home/drymer/ros2_ws/install/turtlesim/include/turtlesim/turtlesim/srv/detail/teleport_absolute__traits.hpp
[12.901s] -- Up-to-date: /home/drymer/ros2_ws/install/turtlesim/include/turtlesim/turtlesim/srv/detail/teleport_relative__traits.hpp
[12.901s] -- Up-to-date: /home/drymer/ros2_ws/install/turtlesim/include/turtlesim/turtlesim/srv/detail/teleport_absolute__struct.hpp
[12.902s] -- Up-to-date: /home/drymer/ros2_ws/install/turtlesim/include/turtlesim/turtlesim/srv/detail/set_pen__struct.hpp
[12.902s] -- Up-to-date: /home/drymer/ros2_ws/install/turtlesim/include/turtlesim/turtlesim/srv/detail/kill__builder.hpp
[12.902s] -- Up-to-date: /home/drymer/ros2_ws/install/turtlesim/include/turtlesim/turtlesim/srv/detail/spawn__struct.hpp
[12.902s] -- Up-to-date: /home/drymer/ros2_ws/install/turtlesim/include/turtlesim/turtlesim/srv/detail/teleport_relative__struct.hpp
[12.902s] -- Up-to-date: /home/drymer/ros2_ws/install/turtlesim/include/turtlesim/turtlesim/srv/detail/teleport_absolute__builder.hpp
[12.902s] -- Up-to-date: /home/drymer/ros2_ws/install/turtlesim/include/turtlesim/turtlesim/srv/detail/teleport_relative__builder.hpp
[12.902s] -- Up-to-date: /home/drymer/ros2_ws/install/turtlesim/include/turtlesim/turtlesim/srv/detail/set_pen__traits.hpp
[12.902s] -- Up-to-date: /home/drymer/ros2_ws/install/turtlesim/include/turtlesim/turtlesim/srv/detail/kill__struct.hpp
[12.902s] -- Up-to-date: /home/drymer/ros2_ws/install/turtlesim/include/turtlesim/turtlesim/srv/detail/kill__traits.hpp
[12.902s] -- Up-to-date: /home/drymer/ros2_ws/install/turtlesim/include/turtlesim/turtlesim/srv/detail/set_pen__builder.hpp
[12.902s] -- Up-to-date: /home/drymer/ros2_ws/install/turtlesim/include/turtlesim/turtlesim/srv/detail/spawn__traits.hpp
[12.902s] -- Up-to-date: /home/drymer/ros2_ws/install/turtlesim/include/turtlesim/turtlesim/srv/detail/spawn__builder.hpp
[12.902s] -- Up-to-date: /home/drymer/ros2_ws/install/turtlesim/include/turtlesim/turtlesim/srv/kill.hpp
[12.902s] -- Up-to-date: /home/drymer/ros2_ws/install/turtlesim/include/turtlesim/turtlesim/msg
[12.902s] -- Up-to-date: /home/drymer/ros2_ws/install/turtlesim/include/turtlesim/turtlesim/msg/detail
[12.902s] -- Up-to-date: /home/drymer/ros2_ws/install/turtlesim/include/turtlesim/turtlesim/msg/detail/pose__struct.hpp
[12.902s] -- Up-to-date: /home/drymer/ros2_ws/install/turtlesim/include/turtlesim/turtlesim/msg/detail/color__builder.hpp
[12.902s] -- Up-to-date: /home/drymer/ros2_ws/install/turtlesim/include/turtlesim/turtlesim/msg/detail/color__struct.hpp
[12.903s] -- Up-to-date: /home/drymer/ros2_ws/install/turtlesim/include/turtlesim/turtlesim/msg/detail/color__traits.hpp
[12.903s] -- Up-to-date: /home/drymer/ros2_ws/install/turtlesim/include/turtlesim/turtlesim/msg/detail/pose__builder.hpp
[12.903s] -- Up-to-date: /home/drymer/ros2_ws/install/turtlesim/include/turtlesim/turtlesim/msg/detail/pose__traits.hpp
[12.903s] -- Up-to-date: /home/drymer/ros2_ws/install/turtlesim/include/turtlesim/turtlesim/msg/pose.hpp
[12.903s] -- Up-to-date: /home/drymer/ros2_ws/install/turtlesim/include/turtlesim/turtlesim/msg/color.hpp
[12.903s] -- Up-to-date: /home/drymer/ros2_ws/install/turtlesim/include/turtlesim/turtlesim
[12.903s] -- Up-to-date: /home/drymer/ros2_ws/install/turtlesim/include/turtlesim/turtlesim/action
[12.903s] -- Up-to-date: /home/drymer/ros2_ws/install/turtlesim/include/turtlesim/turtlesim/action/detail
[12.903s] -- Up-to-date: /home/drymer/ros2_ws/install/turtlesim/include/turtlesim/turtlesim/action/detail/dds_fastrtps
[12.903s] -- Up-to-date: /home/drymer/ros2_ws/install/turtlesim/include/turtlesim/turtlesim/action/detail/rotate_absolute__rosidl_typesupport_fastrtps_cpp.hpp
[12.903s] -- Up-to-date: /home/drymer/ros2_ws/install/turtlesim/include/turtlesim/turtlesim/srv
[12.903s] -- Up-to-date: /home/drymer/ros2_ws/install/turtlesim/include/turtlesim/turtlesim/srv/detail
[12.903s] -- Up-to-date: /home/drymer/ros2_ws/install/turtlesim/include/turtlesim/turtlesim/srv/detail/kill__rosidl_typesupport_fastrtps_cpp.hpp
[12.903s] -- Up-to-date: /home/drymer/ros2_ws/install/turtlesim/include/turtlesim/turtlesim/srv/detail/teleport_absolute__rosidl_typesupport_fastrtps_cpp.hpp
[12.903s] -- Up-to-date: /home/drymer/ros2_ws/install/turtlesim/include/turtlesim/turtlesim/srv/detail/dds_fastrtps
[12.903s] -- Up-to-date: /home/drymer/ros2_ws/install/turtlesim/include/turtlesim/turtlesim/srv/detail/teleport_relative__rosidl_typesupport_fastrtps_cpp.hpp
[12.903s] -- Up-to-date: /home/drymer/ros2_ws/install/turtlesim/include/turtlesim/turtlesim/srv/detail/spawn__rosidl_typesupport_fastrtps_cpp.hpp
[12.903s] -- Up-to-date: /home/drymer/ros2_ws/install/turtlesim/include/turtlesim/turtlesim/srv/detail/set_pen__rosidl_typesupport_fastrtps_cpp.hpp
[12.904s] -- Up-to-date: /home/drymer/ros2_ws/install/turtlesim/include/turtlesim/turtlesim/msg
[12.904s] -- Up-to-date: /home/drymer/ros2_ws/install/turtlesim/include/turtlesim/turtlesim/msg/rosidl_typesupport_fastrtps_cpp__visibility_control.h
[12.904s] -- Up-to-date: /home/drymer/ros2_ws/install/turtlesim/include/turtlesim/turtlesim/msg/detail
[12.904s] -- Up-to-date: /home/drymer/ros2_ws/install/turtlesim/include/turtlesim/turtlesim/msg/detail/pose__rosidl_typesupport_fastrtps_cpp.hpp
[12.904s] -- Up-to-date: /home/drymer/ros2_ws/install/turtlesim/include/turtlesim/turtlesim/msg/detail/dds_fastrtps
[12.904s] -- Up-to-date: /home/drymer/ros2_ws/install/turtlesim/include/turtlesim/turtlesim/msg/detail/color__rosidl_typesupport_fastrtps_cpp.hpp
[12.904s] -- Up-to-date: /home/drymer/ros2_ws/install/turtlesim/lib/libturtlesim__rosidl_typesupport_fastrtps_cpp.so
[12.904s] -- Up-to-date: /home/drymer/ros2_ws/install/turtlesim/include/turtlesim/turtlesim
[12.904s] -- Up-to-date: /home/drymer/ros2_ws/install/turtlesim/include/turtlesim/turtlesim/action
[12.904s] -- Up-to-date: /home/drymer/ros2_ws/install/turtlesim/include/turtlesim/turtlesim/action/detail
[12.904s] -- Up-to-date: /home/drymer/ros2_ws/install/turtlesim/include/turtlesim/turtlesim/action/detail/rotate_absolute__rosidl_typesupport_introspection_c.h
[12.904s] -- Up-to-date: /home/drymer/ros2_ws/install/turtlesim/include/turtlesim/turtlesim/action/detail/rotate_absolute__type_support.c
[12.904s] -- Up-to-date: /home/drymer/ros2_ws/install/turtlesim/include/turtlesim/turtlesim/srv
[12.904s] -- Up-to-date: /home/drymer/ros2_ws/install/turtlesim/include/turtlesim/turtlesim/srv/detail
[12.904s] -- Up-to-date: /home/drymer/ros2_ws/install/turtlesim/include/turtlesim/turtlesim/srv/detail/teleport_absolute__rosidl_typesupport_introspection_c.h
[12.904s] -- Up-to-date: /home/drymer/ros2_ws/install/turtlesim/include/turtlesim/turtlesim/srv/detail/teleport_relative__rosidl_typesupport_introspection_c.h
[12.904s] -- Up-to-date: /home/drymer/ros2_ws/install/turtlesim/include/turtlesim/turtlesim/srv/detail/spawn__type_support.c
[12.904s] -- Up-to-date: /home/drymer/ros2_ws/install/turtlesim/include/turtlesim/turtlesim/srv/detail/set_pen__type_support.c
[12.904s] -- Up-to-date: /home/drymer/ros2_ws/install/turtlesim/include/turtlesim/turtlesim/srv/detail/teleport_absolute__type_support.c
[12.905s] -- Up-to-date: /home/drymer/ros2_ws/install/turtlesim/include/turtlesim/turtlesim/srv/detail/spawn__rosidl_typesupport_introspection_c.h
[12.905s] -- Up-to-date: /home/drymer/ros2_ws/install/turtlesim/include/turtlesim/turtlesim/srv/detail/set_pen__rosidl_typesupport_introspection_c.h
[12.905s] -- Up-to-date: /home/drymer/ros2_ws/install/turtlesim/include/turtlesim/turtlesim/srv/detail/kill__type_support.c
[12.905s] -- Up-to-date: /home/drymer/ros2_ws/install/turtlesim/include/turtlesim/turtlesim/srv/detail/teleport_relative__type_support.c
[12.905s] -- Up-to-date: /home/drymer/ros2_ws/install/turtlesim/include/turtlesim/turtlesim/srv/detail/kill__rosidl_typesupport_introspection_c.h
[12.905s] -- Up-to-date: /home/drymer/ros2_ws/install/turtlesim/include/turtlesim/turtlesim/msg
[12.905s] -- Up-to-date: /home/drymer/ros2_ws/install/turtlesim/include/turtlesim/turtlesim/msg/detail
[12.905s] -- Up-to-date: /home/drymer/ros2_ws/install/turtlesim/include/turtlesim/turtlesim/msg/detail/pose__rosidl_typesupport_introspection_c.h
[12.905s] -- Up-to-date: /home/drymer/ros2_ws/install/turtlesim/include/turtlesim/turtlesim/msg/detail/color__type_support.c
[12.905s] -- Up-to-date: /home/drymer/ros2_ws/install/turtlesim/include/turtlesim/turtlesim/msg/detail/color__rosidl_typesupport_introspection_c.h
[12.905s] -- Up-to-date: /home/drymer/ros2_ws/install/turtlesim/include/turtlesim/turtlesim/msg/detail/pose__type_support.c
[12.905s] -- Up-to-date: /home/drymer/ros2_ws/install/turtlesim/include/turtlesim/turtlesim/msg/rosidl_typesupport_introspection_c__visibility_control.h
[12.905s] -- Up-to-date: /home/drymer/ros2_ws/install/turtlesim/lib/libturtlesim__rosidl_typesupport_introspection_c.so
[12.905s] -- Up-to-date: /home/drymer/ros2_ws/install/turtlesim/lib/libturtlesim__rosidl_typesupport_c.so
[12.905s] -- Up-to-date: /home/drymer/ros2_ws/install/turtlesim/include/turtlesim/turtlesim
[12.905s] -- Up-to-date: /home/drymer/ros2_ws/install/turtlesim/include/turtlesim/turtlesim/action
[12.905s] -- Up-to-date: /home/drymer/ros2_ws/install/turtlesim/include/turtlesim/turtlesim/action/detail
[12.905s] -- Up-to-date: /home/drymer/ros2_ws/install/turtlesim/include/turtlesim/turtlesim/action/detail/rotate_absolute__rosidl_typesupport_introspection_cpp.hpp
[12.905s] -- Up-to-date: /home/drymer/ros2_ws/install/turtlesim/include/turtlesim/turtlesim/action/detail/rotate_absolute__type_support.cpp
[12.906s] -- Up-to-date: /home/drymer/ros2_ws/install/turtlesim/include/turtlesim/turtlesim/srv
[12.906s] -- Up-to-date: /home/drymer/ros2_ws/install/turtlesim/include/turtlesim/turtlesim/srv/detail
[12.906s] -- Up-to-date: /home/drymer/ros2_ws/install/turtlesim/include/turtlesim/turtlesim/srv/detail/teleport_relative__rosidl_typesupport_introspection_cpp.hpp
[12.906s] -- Up-to-date: /home/drymer/ros2_ws/install/turtlesim/include/turtlesim/turtlesim/srv/detail/set_pen__type_support.cpp
[12.906s] -- Up-to-date: /home/drymer/ros2_ws/install/turtlesim/include/turtlesim/turtlesim/srv/detail/spawn__type_support.cpp
[12.906s] -- Up-to-date: /home/drymer/ros2_ws/install/turtlesim/include/turtlesim/turtlesim/srv/detail/teleport_absolute__rosidl_typesupport_introspection_cpp.hpp
[12.906s] -- Up-to-date: /home/drymer/ros2_ws/install/turtlesim/include/turtlesim/turtlesim/srv/detail/spawn__rosidl_typesupport_introspection_cpp.hpp
[12.906s] -- Up-to-date: /home/drymer/ros2_ws/install/turtlesim/include/turtlesim/turtlesim/srv/detail/set_pen__rosidl_typesupport_introspection_cpp.hpp
[12.906s] -- Up-to-date: /home/drymer/ros2_ws/install/turtlesim/include/turtlesim/turtlesim/srv/detail/kill__type_support.cpp
[12.906s] -- Up-to-date: /home/drymer/ros2_ws/install/turtlesim/include/turtlesim/turtlesim/srv/detail/kill__rosidl_typesupport_introspection_cpp.hpp
[12.906s] -- Up-to-date: /home/drymer/ros2_ws/install/turtlesim/include/turtlesim/turtlesim/srv/detail/teleport_absolute__type_support.cpp
[12.906s] -- Up-to-date: /home/drymer/ros2_ws/install/turtlesim/include/turtlesim/turtlesim/srv/detail/teleport_relative__type_support.cpp
[12.906s] -- Up-to-date: /home/drymer/ros2_ws/install/turtlesim/include/turtlesim/turtlesim/msg
[12.906s] -- Up-to-date: /home/drymer/ros2_ws/install/turtlesim/include/turtlesim/turtlesim/msg/detail
[12.906s] -- Up-to-date: /home/drymer/ros2_ws/install/turtlesim/include/turtlesim/turtlesim/msg/detail/color__type_support.cpp
[12.906s] -- Up-to-date: /home/drymer/ros2_ws/install/turtlesim/include/turtlesim/turtlesim/msg/detail/pose__rosidl_typesupport_introspection_cpp.hpp
[12.907s] -- Up-to-date: /home/drymer/ros2_ws/install/turtlesim/include/turtlesim/turtlesim/msg/detail/color__rosidl_typesupport_introspection_cpp.hpp
[12.907s] -- Up-to-date: /home/drymer/ros2_ws/install/turtlesim/include/turtlesim/turtlesim/msg/detail/pose__type_support.cpp
[12.907s] -- Up-to-date: /home/drymer/ros2_ws/install/turtlesim/lib/libturtlesim__rosidl_typesupport_introspection_cpp.so
[12.907s] -- Up-to-date: /home/drymer/ros2_ws/install/turtlesim/lib/libturtlesim__rosidl_typesupport_cpp.so
[12.907s] -- Up-to-date: /home/drymer/ros2_ws/install/turtlesim/share/turtlesim/environment/pythonpath.sh
[12.907s] -- Up-to-date: /home/drymer/ros2_ws/install/turtlesim/share/turtlesim/environment/pythonpath.dsv
[12.907s] -- Up-to-date: /home/drymer/ros2_ws/install/turtlesim/local/lib/python3.10/dist-packages/turtlesim-1.4.2-py3.10.egg-info
[12.907s] -- Installing: /home/drymer/ros2_ws/install/turtlesim/local/lib/python3.10/dist-packages/turtlesim-1.4.2-py3.10.egg-info/PKG-INFO
[12.907s] -- Installing: /home/drymer/ros2_ws/install/turtlesim/local/lib/python3.10/dist-packages/turtlesim-1.4.2-py3.10.egg-info/top_level.txt
[12.907s] -- Installing: /home/drymer/ros2_ws/install/turtlesim/local/lib/python3.10/dist-packages/turtlesim-1.4.2-py3.10.egg-info/dependency_links.txt
[12.907s] -- Installing: /home/drymer/ros2_ws/install/turtlesim/local/lib/python3.10/dist-packages/turtlesim-1.4.2-py3.10.egg-info/SOURCES.txt
[12.907s] -- Up-to-date: /home/drymer/ros2_ws/install/turtlesim/local/lib/python3.10/dist-packages/turtlesim
[12.907s] -- Up-to-date: /home/drymer/ros2_ws/install/turtlesim/local/lib/python3.10/dist-packages/turtlesim/__init__.py
[12.907s] -- Up-to-date: /home/drymer/ros2_ws/install/turtlesim/local/lib/python3.10/dist-packages/turtlesim/libturtlesim__rosidl_generator_py.so
[12.907s] -- Up-to-date: /home/drymer/ros2_ws/install/turtlesim/local/lib/python3.10/dist-packages/turtlesim/action
[12.907s] -- Up-to-date: /home/drymer/ros2_ws/install/turtlesim/local/lib/python3.10/dist-packages/turtlesim/action/__init__.py
[12.907s] -- Up-to-date: /home/drymer/ros2_ws/install/turtlesim/local/lib/python3.10/dist-packages/turtlesim/action/_rotate_absolute.py
[12.908s] -- Up-to-date: /home/drymer/ros2_ws/install/turtlesim/local/lib/python3.10/dist-packages/turtlesim/action/_rotate_absolute_s.c
[12.908s] -- Up-to-date: /home/drymer/ros2_ws/install/turtlesim/local/lib/python3.10/dist-packages/turtlesim/_turtlesim_s.ep.rosidl_typesupport_fastrtps_c.c
[12.908s] -- Up-to-date: /home/drymer/ros2_ws/install/turtlesim/local/lib/python3.10/dist-packages/turtlesim/_turtlesim_s.ep.rosidl_typesupport_introspection_c.c
[12.908s] -- Up-to-date: /home/drymer/ros2_ws/install/turtlesim/local/lib/python3.10/dist-packages/turtlesim/turtlesim_s__rosidl_typesupport_c.cpython-310-x86_64-linux-gnu.so
[12.908s] -- Up-to-date: /home/drymer/ros2_ws/install/turtlesim/local/lib/python3.10/dist-packages/turtlesim/turtlesim_s__rosidl_typesupport_fastrtps_c.cpython-310-x86_64-linux-gnu.so
[12.908s] -- Up-to-date: /home/drymer/ros2_ws/install/turtlesim/local/lib/python3.10/dist-packages/turtlesim/turtlesim_s__rosidl_typesupport_introspection_c.cpython-310-x86_64-linux-gnu.so
[12.908s] -- Up-to-date: /home/drymer/ros2_ws/install/turtlesim/local/lib/python3.10/dist-packages/turtlesim/_turtlesim_s.ep.rosidl_typesupport_c.c
[12.908s] -- Up-to-date: /home/drymer/ros2_ws/install/turtlesim/local/lib/python3.10/dist-packages/turtlesim/srv
[12.908s] -- Up-to-date: /home/drymer/ros2_ws/install/turtlesim/local/lib/python3.10/dist-packages/turtlesim/srv/__init__.py
[12.908s] -- Up-to-date: /home/drymer/ros2_ws/install/turtlesim/local/lib/python3.10/dist-packages/turtlesim/srv/_set_pen.py
[12.908s] -- Up-to-date: /home/drymer/ros2_ws/install/turtlesim/local/lib/python3.10/dist-packages/turtlesim/srv/_teleport_relative.py
[12.908s] -- Up-to-date: /home/drymer/ros2_ws/install/turtlesim/local/lib/python3.10/dist-packages/turtlesim/srv/_set_pen_s.c
[12.908s] -- Up-to-date: /home/drymer/ros2_ws/install/turtlesim/local/lib/python3.10/dist-packages/turtlesim/srv/_teleport_absolute.py
[12.908s] -- Up-to-date: /home/drymer/ros2_ws/install/turtlesim/local/lib/python3.10/dist-packages/turtlesim/srv/_spawn.py
[12.908s] -- Up-to-date: /home/drymer/ros2_ws/install/turtlesim/local/lib/python3.10/dist-packages/turtlesim/srv/_teleport_relative_s.c
[12.908s] -- Up-to-date: /home/drymer/ros2_ws/install/turtlesim/local/lib/python3.10/dist-packages/turtlesim/srv/_kill_s.c
[12.908s] -- Up-to-date: /home/drymer/ros2_ws/install/turtlesim/local/lib/python3.10/dist-packages/turtlesim/srv/_teleport_absolute_s.c
[12.908s] -- Up-to-date: /home/drymer/ros2_ws/install/turtlesim/local/lib/python3.10/dist-packages/turtlesim/srv/_kill.py
[12.909s] -- Up-to-date: /home/drymer/ros2_ws/install/turtlesim/local/lib/python3.10/dist-packages/turtlesim/srv/_spawn_s.c
[12.909s] -- Up-to-date: /home/drymer/ros2_ws/install/turtlesim/local/lib/python3.10/dist-packages/turtlesim/msg
[12.909s] -- Up-to-date: /home/drymer/ros2_ws/install/turtlesim/local/lib/python3.10/dist-packages/turtlesim/msg/__init__.py
[12.909s] -- Up-to-date: /home/drymer/ros2_ws/install/turtlesim/local/lib/python3.10/dist-packages/turtlesim/msg/_color_s.c
[12.909s] -- Up-to-date: /home/drymer/ros2_ws/install/turtlesim/local/lib/python3.10/dist-packages/turtlesim/msg/_color.py
[12.909s] -- Up-to-date: /home/drymer/ros2_ws/install/turtlesim/local/lib/python3.10/dist-packages/turtlesim/msg/_pose_s.c
[12.909s] -- Up-to-date: /home/drymer/ros2_ws/install/turtlesim/local/lib/python3.10/dist-packages/turtlesim/msg/_pose.py
[12.929s] Listing '/home/drymer/ros2_ws/install/turtlesim/local/lib/python3.10/dist-packages/turtlesim'...
[12.929s] Listing '/home/drymer/ros2_ws/install/turtlesim/local/lib/python3.10/dist-packages/turtlesim/action'...
[12.929s] Listing '/home/drymer/ros2_ws/install/turtlesim/local/lib/python3.10/dist-packages/turtlesim/msg'...
[12.929s] Listing '/home/drymer/ros2_ws/install/turtlesim/local/lib/python3.10/dist-packages/turtlesim/srv'...
[12.932s] -- Up-to-date: /home/drymer/ros2_ws/install/turtlesim/local/lib/python3.10/dist-packages/turtlesim/turtlesim_s__rosidl_typesupport_fastrtps_c.cpython-310-x86_64-linux-gnu.so
[12.933s] -- Up-to-date: /home/drymer/ros2_ws/install/turtlesim/local/lib/python3.10/dist-packages/turtlesim/turtlesim_s__rosidl_typesupport_introspection_c.cpython-310-x86_64-linux-gnu.so
[12.933s] -- Up-to-date: /home/drymer/ros2_ws/install/turtlesim/local/lib/python3.10/dist-packages/turtlesim/turtlesim_s__rosidl_typesupport_c.cpython-310-x86_64-linux-gnu.so
[12.934s] -- Up-to-date: /home/drymer/ros2_ws/install/turtlesim/lib/libturtlesim__rosidl_generator_py.so
[12.934s] -- Up-to-date: /home/drymer/ros2_ws/install/turtlesim/share/turtlesim/action/RotateAbsolute.idl
[12.934s] -- Up-to-date: /home/drymer/ros2_ws/install/turtlesim/share/turtlesim/msg/Color.idl
[12.934s] -- Up-to-date: /home/drymer/ros2_ws/install/turtlesim/share/turtlesim/msg/Pose.idl
[12.934s] -- Up-to-date: /home/drymer/ros2_ws/install/turtlesim/share/turtlesim/srv/Kill.idl
[12.934s] -- Up-to-date: /home/drymer/ros2_ws/install/turtlesim/share/turtlesim/srv/SetPen.idl
[12.934s] -- Up-to-date: /home/drymer/ros2_ws/install/turtlesim/share/turtlesim/srv/Spawn.idl
[12.935s] -- Up-to-date: /home/drymer/ros2_ws/install/turtlesim/share/turtlesim/srv/TeleportAbsolute.idl
[12.935s] -- Up-to-date: /home/drymer/ros2_ws/install/turtlesim/share/turtlesim/srv/TeleportRelative.idl
[12.935s] -- Up-to-date: /home/drymer/ros2_ws/install/turtlesim/share/turtlesim/action/RotateAbsolute.action
[12.935s] -- Up-to-date: /home/drymer/ros2_ws/install/turtlesim/share/turtlesim/msg/Color.msg
[12.935s] -- Up-to-date: /home/drymer/ros2_ws/install/turtlesim/share/turtlesim/msg/Pose.msg
[12.935s] -- Up-to-date: /home/drymer/ros2_ws/install/turtlesim/share/turtlesim/srv/Kill.srv
[12.936s] -- Up-to-date: /home/drymer/ros2_ws/install/turtlesim/share/turtlesim/srv/Kill_Request.msg
[12.936s] -- Up-to-date: /home/drymer/ros2_ws/install/turtlesim/share/turtlesim/srv/Kill_Response.msg
[12.936s] -- Up-to-date: /home/drymer/ros2_ws/install/turtlesim/share/turtlesim/srv/SetPen.srv
[12.936s] -- Up-to-date: /home/drymer/ros2_ws/install/turtlesim/share/turtlesim/srv/SetPen_Request.msg
[12.936s] -- Up-to-date: /home/drymer/ros2_ws/install/turtlesim/share/turtlesim/srv/SetPen_Response.msg
[12.936s] -- Up-to-date: /home/drymer/ros2_ws/install/turtlesim/share/turtlesim/srv/Spawn.srv
[12.936s] -- Up-to-date: /home/drymer/ros2_ws/install/turtlesim/share/turtlesim/srv/Spawn_Request.msg
[12.936s] -- Up-to-date: /home/drymer/ros2_ws/install/turtlesim/share/turtlesim/srv/Spawn_Response.msg
[12.936s] -- Up-to-date: /home/drymer/ros2_ws/install/turtlesim/share/turtlesim/srv/TeleportAbsolute.srv
[12.936s] -- Up-to-date: /home/drymer/ros2_ws/install/turtlesim/share/turtlesim/srv/TeleportAbsolute_Request.msg
[12.936s] -- Up-to-date: /home/drymer/ros2_ws/install/turtlesim/share/turtlesim/srv/TeleportAbsolute_Response.msg
[12.937s] -- Up-to-date: /home/drymer/ros2_ws/install/turtlesim/share/turtlesim/srv/TeleportRelative.srv
[12.937s] -- Up-to-date: /home/drymer/ros2_ws/install/turtlesim/share/turtlesim/srv/TeleportRelative_Request.msg
[12.937s] -- Up-to-date: /home/drymer/ros2_ws/install/turtlesim/share/turtlesim/srv/TeleportRelative_Response.msg
[12.937s] -- Installing: /home/drymer/ros2_ws/install/turtlesim/lib/turtlesim/turtlesim_node
[12.946s] -- Set runtime path of "/home/drymer/ros2_ws/install/turtlesim/lib/turtlesim/turtlesim_node" to ""
[12.946s] -- Installing: /home/drymer/ros2_ws/install/turtlesim/lib/turtlesim/turtle_teleop_key
[12.948s] -- Set runtime path of "/home/drymer/ros2_ws/install/turtlesim/lib/turtlesim/turtle_teleop_key" to ""
[12.948s] -- Up-to-date: /home/drymer/ros2_ws/install/turtlesim/lib/turtlesim/draw_square
[12.949s] -- Up-to-date: /home/drymer/ros2_ws/install/turtlesim/lib/turtlesim/mimic
[12.949s] -- Up-to-date: /home/drymer/ros2_ws/install/turtlesim/share/turtlesim/images
[12.949s] -- Up-to-date: /home/drymer/ros2_ws/install/turtlesim/share/turtlesim/images/crystal.png
[12.949s] -- Up-to-date: /home/drymer/ros2_ws/install/turtlesim/share/turtlesim/images/eloquent.png
[12.950s] -- Up-to-date: /home/drymer/ros2_ws/install/turtlesim/share/turtlesim/images/bouncy.png
[12.950s] -- Up-to-date: /home/drymer/ros2_ws/install/turtlesim/share/turtlesim/images/rolling.png
[12.950s] -- Up-to-date: /home/drymer/ros2_ws/install/turtlesim/share/turtlesim/images/ardent.png
[12.950s] -- Up-to-date: /home/drymer/ros2_ws/install/turtlesim/share/turtlesim/images/foxy.png
[12.950s] -- Up-to-date: /home/drymer/ros2_ws/install/turtlesim/share/turtlesim/images/dashing.png
[12.950s] -- Up-to-date: /home/drymer/ros2_ws/install/turtlesim/share/turtlesim/images/galactic.png
[12.951s] -- Up-to-date: /home/drymer/ros2_ws/install/turtlesim/share/turtlesim/images/humble.png
[12.951s] -- Up-to-date: /home/drymer/ros2_ws/install/turtlesim/share/turtlesim/launch
[12.951s] -- Up-to-date: /home/drymer/ros2_ws/install/turtlesim/share/turtlesim/launch/multisim.launch.py
[12.951s] -- Up-to-date: /home/drymer/ros2_ws/install/turtlesim/share/ament_index/resource_index/package_run_dependencies/turtlesim
[12.951s] -- Up-to-date: /home/drymer/ros2_ws/install/turtlesim/share/ament_index/resource_index/parent_prefix_path/turtlesim
[12.951s] -- Up-to-date: /home/drymer/ros2_ws/install/turtlesim/share/turtlesim/environment/ament_prefix_path.sh
[12.951s] -- Up-to-date: /home/drymer/ros2_ws/install/turtlesim/share/turtlesim/environment/ament_prefix_path.dsv
[12.952s] -- Up-to-date: /home/drymer/ros2_ws/install/turtlesim/share/turtlesim/environment/path.sh
[12.952s] -- Up-to-date: /home/drymer/ros2_ws/install/turtlesim/share/turtlesim/environment/path.dsv
[12.952s] -- Up-to-date: /home/drymer/ros2_ws/install/turtlesim/share/turtlesim/local_setup.bash
[12.952s] -- Up-to-date: /home/drymer/ros2_ws/install/turtlesim/share/turtlesim/local_setup.sh
[12.953s] -- Up-to-date: /home/drymer/ros2_ws/install/turtlesim/share/turtlesim/local_setup.zsh
[12.953s] -- Up-to-date: /home/drymer/ros2_ws/install/turtlesim/share/turtlesim/local_setup.dsv
[12.953s] -- Installing: /home/drymer/ros2_ws/install/turtlesim/share/turtlesim/package.dsv
[12.953s] -- Up-to-date: /home/drymer/ros2_ws/install/turtlesim/share/ament_index/resource_index/packages/turtlesim
[12.953s] -- Up-to-date: /home/drymer/ros2_ws/install/turtlesim/share/turtlesim/cmake/export_turtlesim__rosidl_generator_cExport.cmake
[12.953s] -- Up-to-date: /home/drymer/ros2_ws/install/turtlesim/share/turtlesim/cmake/export_turtlesim__rosidl_generator_cExport-noconfig.cmake
[12.953s] -- Up-to-date: /home/drymer/ros2_ws/install/turtlesim/share/turtlesim/cmake/export_turtlesim__rosidl_typesupport_fastrtps_cExport.cmake
[12.953s] -- Up-to-date: /home/drymer/ros2_ws/install/turtlesim/share/turtlesim/cmake/export_turtlesim__rosidl_typesupport_fastrtps_cExport-noconfig.cmake
[12.953s] -- Up-to-date: /home/drymer/ros2_ws/install/turtlesim/share/turtlesim/cmake/export_turtlesim__rosidl_generator_cppExport.cmake
[12.953s] -- Up-to-date: /home/drymer/ros2_ws/install/turtlesim/share/turtlesim/cmake/export_turtlesim__rosidl_typesupport_fastrtps_cppExport.cmake
[12.953s] -- Up-to-date: /home/drymer/ros2_ws/install/turtlesim/share/turtlesim/cmake/export_turtlesim__rosidl_typesupport_fastrtps_cppExport-noconfig.cmake
[12.953s] -- Up-to-date: /home/drymer/ros2_ws/install/turtlesim/share/turtlesim/cmake/turtlesim__rosidl_typesupport_introspection_cExport.cmake
[12.953s] -- Up-to-date: /home/drymer/ros2_ws/install/turtlesim/share/turtlesim/cmake/turtlesim__rosidl_typesupport_introspection_cExport-noconfig.cmake
[12.953s] -- Up-to-date: /home/drymer/ros2_ws/install/turtlesim/share/turtlesim/cmake/turtlesim__rosidl_typesupport_cExport.cmake
[12.953s] -- Up-to-date: /home/drymer/ros2_ws/install/turtlesim/share/turtlesim/cmake/turtlesim__rosidl_typesupport_cExport-noconfig.cmake
[12.953s] -- Up-to-date: /home/drymer/ros2_ws/install/turtlesim/share/turtlesim/cmake/turtlesim__rosidl_typesupport_introspection_cppExport.cmake
[12.953s] -- Up-to-date: /home/drymer/ros2_ws/install/turtlesim/share/turtlesim/cmake/turtlesim__rosidl_typesupport_introspection_cppExport-noconfig.cmake
[12.954s] -- Up-to-date: /home/drymer/ros2_ws/install/turtlesim/share/turtlesim/cmake/turtlesim__rosidl_typesupport_cppExport.cmake
[12.954s] -- Up-to-date: /home/drymer/ros2_ws/install/turtlesim/share/turtlesim/cmake/turtlesim__rosidl_typesupport_cppExport-noconfig.cmake
[12.954s] -- Up-to-date: /home/drymer/ros2_ws/install/turtlesim/share/turtlesim/cmake/export_turtlesim__rosidl_generator_pyExport.cmake
[12.955s] -- Up-to-date: /home/drymer/ros2_ws/install/turtlesim/share/turtlesim/cmake/export_turtlesim__rosidl_generator_pyExport-noconfig.cmake
[12.956s] -- Up-to-date: /home/drymer/ros2_ws/install/turtlesim/share/turtlesim/cmake/rosidl_cmake-extras.cmake
[12.956s] -- Up-to-date: /home/drymer/ros2_ws/install/turtlesim/share/turtlesim/cmake/ament_cmake_export_dependencies-extras.cmake
[12.956s] -- Up-to-date: /home/drymer/ros2_ws/install/turtlesim/share/turtlesim/cmake/ament_cmake_export_include_directories-extras.cmake
[12.956s] -- Up-to-date: /home/drymer/ros2_ws/install/turtlesim/share/turtlesim/cmake/ament_cmake_export_libraries-extras.cmake
[12.956s] -- Up-to-date: /home/drymer/ros2_ws/install/turtlesim/share/turtlesim/cmake/ament_cmake_export_targets-extras.cmake
[12.957s] -- Up-to-date: /home/drymer/ros2_ws/install/turtlesim/share/turtlesim/cmake/rosidl_cmake_export_typesupport_targets-extras.cmake
[12.957s] -- Up-to-date: /home/drymer/ros2_ws/install/turtlesim/share/turtlesim/cmake/rosidl_cmake_export_typesupport_libraries-extras.cmake
[12.958s] -- Up-to-date: /home/drymer/ros2_ws/install/turtlesim/share/turtlesim/cmake/turtlesimConfig.cmake
[12.958s] -- Up-to-date: /home/drymer/ros2_ws/install/turtlesim/share/turtlesim/cmake/turtlesimConfig-version.cmake
[12.958s] -- Up-to-date: /home/drymer/ros2_ws/install/turtlesim/share/turtlesim/package.xml
[12.958s] Invoked command in '/home/drymer/ros2_ws/build/turtlesim' returned '0': CMAKE_PREFIX_PATH=${CMAKE_PREFIX_PATH}:/opt/ros/humble /usr/bin/cmake --install /home/drymer/ros2_ws/build/turtlesim
